CRITICAL - 2022-01-10 05:43:10 --> Invalid file: auth2/login.php
#0 C:\vhost\ci1\system\View\View.php(198): CodeIgniter\Exceptions\FrameworkException::forInvalidFile('auth2/login.php')
#1 C:\vhost\ci1\system\Common.php(1097): CodeIgniter\View\View->render('auth2/login', Array, true)
#2 C:\vhost\ci1\app\Controllers\Auth.php(80): view('auth2/login')
#3 C:\vhost\ci1\app\Controllers\Auth.php(62): App\Controllers\Auth->render_page('auth2/login')
#4 C:\vhost\ci1\system\CodeIgniter.php(824): App\Controllers\Auth->index()
#5 C:\vhost\ci1\system\CodeIgniter.php(410): CodeIgniter\CodeIgniter->runController(Object(App\Controllers\Auth))
#6 C:\vhost\ci1\system\CodeIgniter.php(318): CodeIgniter\CodeIgniter->handleRequest(NULL, Object(Config\Cache), false)
#7 C:\vhost\ci1\public\index.php(37): CodeIgniter\CodeIgniter->run()
#8 {main}
CRITICAL - 2022-01-10 05:46:01 --> Undefined variable $user_info
#0 C:\vhost\ci1\app\Views\common\header.php(37): CodeIgniter\Debug\Exceptions->errorHandler(2, 'Undefined varia...', 'C:\\vhost\\ci1\\ap...', 37)
#1 C:\vhost\ci1\system\View\View.php(214): include('C:\\vhost\\ci1\\ap...')
#2 C:\vhost\ci1\system\View\View.php(217): CodeIgniter\View\View->CodeIgniter\View\{closure}()
#3 C:\vhost\ci1\system\Common.php(1097): CodeIgniter\View\View->render('common/header', Array, true)
#4 C:\vhost\ci1\app\Controllers\Profile.php(41): view('common/header', Array)
#5 C:\vhost\ci1\app\Controllers\Profile.php(25): App\Controllers\Profile->render_page('pages/profile')
#6 C:\vhost\ci1\system\CodeIgniter.php(824): App\Controllers\Profile->index()
#7 C:\vhost\ci1\system\CodeIgniter.php(410): CodeIgniter\CodeIgniter->runController(Object(App\Controllers\Profile))
#8 C:\vhost\ci1\system\CodeIgniter.php(318): CodeIgniter\CodeIgniter->handleRequest(NULL, Object(Config\Cache), false)
#9 C:\vhost\ci1\public\index.php(37): CodeIgniter\CodeIgniter->run()
#10 {main}
CRITICAL - 2022-01-10 06:01:45 --> Undefined variable $user_info
#0 C:\vhost\ci1\app\Views\common\header.php(37): CodeIgniter\Debug\Exceptions->errorHandler(2, 'Undefined varia...', 'C:\\vhost\\ci1\\ap...', 37)
#1 C:\vhost\ci1\system\View\View.php(214): include('C:\\vhost\\ci1\\ap...')
#2 C:\vhost\ci1\system\View\View.php(217): CodeIgniter\View\View->CodeIgniter\View\{closure}()
#3 C:\vhost\ci1\system\Common.php(1097): CodeIgniter\View\View->render('common/header', Array, true)
#4 C:\vhost\ci1\app\Controllers\Profile.php(42): view('common/header', Array)
#5 C:\vhost\ci1\app\Controllers\Profile.php(26): App\Controllers\Profile->render_page('pages/profile')
#6 C:\vhost\ci1\system\CodeIgniter.php(824): App\Controllers\Profile->index()
#7 C:\vhost\ci1\system\CodeIgniter.php(410): CodeIgniter\CodeIgniter->runController(Object(App\Controllers\Profile))
#8 C:\vhost\ci1\system\CodeIgniter.php(318): CodeIgniter\CodeIgniter->handleRequest(NULL, Object(Config\Cache), false)
#9 C:\vhost\ci1\public\index.php(37): CodeIgniter\CodeIgniter->run()
#10 {main}
CRITICAL - 2022-01-10 06:02:40 --> Undefined variable $user_info
#0 C:\vhost\ci1\app\Views\common\header.php(37): CodeIgniter\Debug\Exceptions->errorHandler(2, 'Undefined varia...', 'C:\\vhost\\ci1\\ap...', 37)
#1 C:\vhost\ci1\system\View\View.php(214): include('C:\\vhost\\ci1\\ap...')
#2 C:\vhost\ci1\system\View\View.php(217): CodeIgniter\View\View->CodeIgniter\View\{closure}()
#3 C:\vhost\ci1\system\Common.php(1097): CodeIgniter\View\View->render('common/header', Array, true)
#4 C:\vhost\ci1\app\Controllers\Profile.php(42): view('common/header', Array)
#5 C:\vhost\ci1\app\Controllers\Profile.php(26): App\Controllers\Profile->render_page('pages/profile')
#6 C:\vhost\ci1\system\CodeIgniter.php(824): App\Controllers\Profile->index()
#7 C:\vhost\ci1\system\CodeIgniter.php(410): CodeIgniter\CodeIgniter->runController(Object(App\Controllers\Profile))
#8 C:\vhost\ci1\system\CodeIgniter.php(318): CodeIgniter\CodeIgniter->handleRequest(NULL, Object(Config\Cache), false)
#9 C:\vhost\ci1\public\index.php(37): CodeIgniter\CodeIgniter->run()
#10 {main}
CRITICAL - 2022-01-10 06:02:42 --> Undefined variable $user_info
#0 C:\vhost\ci1\app\Views\common\header.php(37): CodeIgniter\Debug\Exceptions->errorHandler(2, 'Undefined varia...', 'C:\\vhost\\ci1\\ap...', 37)
#1 C:\vhost\ci1\system\View\View.php(214): include('C:\\vhost\\ci1\\ap...')
#2 C:\vhost\ci1\system\View\View.php(217): CodeIgniter\View\View->CodeIgniter\View\{closure}()
#3 C:\vhost\ci1\system\Common.php(1097): CodeIgniter\View\View->render('common/header', Array, true)
#4 C:\vhost\ci1\app\Controllers\Profile.php(42): view('common/header', Array)
#5 C:\vhost\ci1\app\Controllers\Profile.php(26): App\Controllers\Profile->render_page('pages/profile')
#6 C:\vhost\ci1\system\CodeIgniter.php(824): App\Controllers\Profile->index()
#7 C:\vhost\ci1\system\CodeIgniter.php(410): CodeIgniter\CodeIgniter->runController(Object(App\Controllers\Profile))
#8 C:\vhost\ci1\system\CodeIgniter.php(318): CodeIgniter\CodeIgniter->handleRequest(NULL, Object(Config\Cache), false)
#9 C:\vhost\ci1\public\index.php(37): CodeIgniter\CodeIgniter->run()
#10 {main}
CRITICAL - 2022-01-10 06:02:49 --> Undefined variable $user_info
#0 C:\vhost\ci1\app\Views\common\header.php(37): CodeIgniter\Debug\Exceptions->errorHandler(2, 'Undefined varia...', 'C:\\vhost\\ci1\\ap...', 37)
#1 C:\vhost\ci1\system\View\View.php(214): include('C:\\vhost\\ci1\\ap...')
#2 C:\vhost\ci1\system\View\View.php(217): CodeIgniter\View\View->CodeIgniter\View\{closure}()
#3 C:\vhost\ci1\system\Common.php(1097): CodeIgniter\View\View->render('common/header', Array, true)
#4 C:\vhost\ci1\app\Controllers\Profile.php(42): view('common/header', Array)
#5 C:\vhost\ci1\app\Controllers\Profile.php(26): App\Controllers\Profile->render_page('pages/profile')
#6 C:\vhost\ci1\system\CodeIgniter.php(824): App\Controllers\Profile->index()
#7 C:\vhost\ci1\system\CodeIgniter.php(410): CodeIgniter\CodeIgniter->runController(Object(App\Controllers\Profile))
#8 C:\vhost\ci1\system\CodeIgniter.php(318): CodeIgniter\CodeIgniter->handleRequest(NULL, Object(Config\Cache), false)
#9 C:\vhost\ci1\public\index.php(37): CodeIgniter\CodeIgniter->run()
#10 {main}
CRITICAL - 2022-01-10 06:05:37 --> Undefined variable $user_info
#0 C:\vhost\ci1\app\Views\common\header.php(37): CodeIgniter\Debug\Exceptions->errorHandler(2, 'Undefined varia...', 'C:\\vhost\\ci1\\ap...', 37)
#1 C:\vhost\ci1\system\View\View.php(214): include('C:\\vhost\\ci1\\ap...')
#2 C:\vhost\ci1\system\View\View.php(217): CodeIgniter\View\View->CodeIgniter\View\{closure}()
#3 C:\vhost\ci1\system\Common.php(1097): CodeIgniter\View\View->render('common/header', Array, true)
#4 C:\vhost\ci1\app\Controllers\Profile.php(42): view('common/header', Array)
#5 C:\vhost\ci1\app\Controllers\Profile.php(26): App\Controllers\Profile->renderView('pages/profile')
#6 C:\vhost\ci1\system\CodeIgniter.php(824): App\Controllers\Profile->index()
#7 C:\vhost\ci1\system\CodeIgniter.php(410): CodeIgniter\CodeIgniter->runController(Object(App\Controllers\Profile))
#8 C:\vhost\ci1\system\CodeIgniter.php(318): CodeIgniter\CodeIgniter->handleRequest(NULL, Object(Config\Cache), false)
#9 C:\vhost\ci1\public\index.php(37): CodeIgniter\CodeIgniter->run()
#10 {main}
CRITICAL - 2022-01-10 06:05:40 --> Undefined variable $user_info
#0 C:\vhost\ci1\app\Views\common\header.php(37): CodeIgniter\Debug\Exceptions->errorHandler(2, 'Undefined varia...', 'C:\\vhost\\ci1\\ap...', 37)
#1 C:\vhost\ci1\system\View\View.php(214): include('C:\\vhost\\ci1\\ap...')
#2 C:\vhost\ci1\system\View\View.php(217): CodeIgniter\View\View->CodeIgniter\View\{closure}()
#3 C:\vhost\ci1\system\Common.php(1097): CodeIgniter\View\View->render('common/header', Array, true)
#4 C:\vhost\ci1\app\Controllers\Profile.php(42): view('common/header', Array)
#5 C:\vhost\ci1\app\Controllers\Profile.php(26): App\Controllers\Profile->renderView('pages/profile')
#6 C:\vhost\ci1\system\CodeIgniter.php(824): App\Controllers\Profile->index()
#7 C:\vhost\ci1\system\CodeIgniter.php(410): CodeIgniter\CodeIgniter->runController(Object(App\Controllers\Profile))
#8 C:\vhost\ci1\system\CodeIgniter.php(318): CodeIgniter\CodeIgniter->handleRequest(NULL, Object(Config\Cache), false)
#9 C:\vhost\ci1\public\index.php(37): CodeIgniter\CodeIgniter->run()
#10 {main}
CRITICAL - 2022-01-10 06:06:49 --> Undefined variable $user_info
#0 C:\vhost\ci1\app\Views\common\header.php(37): CodeIgniter\Debug\Exceptions->errorHandler(2, 'Undefined varia...', 'C:\\vhost\\ci1\\ap...', 37)
#1 C:\vhost\ci1\system\View\View.php(214): include('C:\\vhost\\ci1\\ap...')
#2 C:\vhost\ci1\system\View\View.php(217): CodeIgniter\View\View->CodeIgniter\View\{closure}()
#3 C:\vhost\ci1\system\Common.php(1097): CodeIgniter\View\View->render('common/header', Array, true)
#4 C:\vhost\ci1\app\Controllers\Profile.php(42): view('common/header', Array)
#5 C:\vhost\ci1\app\Controllers\Profile.php(26): App\Controllers\Profile->renderView('pages/profile')
#6 C:\vhost\ci1\system\CodeIgniter.php(824): App\Controllers\Profile->index()
#7 C:\vhost\ci1\system\CodeIgniter.php(410): CodeIgniter\CodeIgniter->runController(Object(App\Controllers\Profile))
#8 C:\vhost\ci1\system\CodeIgniter.php(318): CodeIgniter\CodeIgniter->handleRequest(NULL, Object(Config\Cache), false)
#9 C:\vhost\ci1\public\index.php(37): CodeIgniter\CodeIgniter->run()
#10 {main}
CRITICAL - 2022-01-10 06:08:04 --> Undefined variable $user_info
#0 C:\vhost\ci1\app\Views\common\header.php(37): CodeIgniter\Debug\Exceptions->errorHandler(2, 'Undefined varia...', 'C:\\vhost\\ci1\\ap...', 37)
#1 C:\vhost\ci1\system\View\View.php(214): include('C:\\vhost\\ci1\\ap...')
#2 C:\vhost\ci1\system\View\View.php(217): CodeIgniter\View\View->CodeIgniter\View\{closure}()
#3 C:\vhost\ci1\system\Common.php(1097): CodeIgniter\View\View->render('common/header', Array, true)
#4 C:\vhost\ci1\app\Controllers\Home.php(29): view('common/header', Array)
#5 C:\vhost\ci1\system\CodeIgniter.php(824): App\Controllers\Home->index()
#6 C:\vhost\ci1\system\CodeIgniter.php(410): CodeIgniter\CodeIgniter->runController(Object(App\Controllers\Home))
#7 C:\vhost\ci1\system\CodeIgniter.php(318): CodeIgniter\CodeIgniter->handleRequest(NULL, Object(Config\Cache), false)
#8 C:\vhost\ci1\public\index.php(37): CodeIgniter\CodeIgniter->run()
#9 {main}
CRITICAL - 2022-01-10 06:08:15 --> Undefined variable $user_info
#0 C:\vhost\ci1\app\Views\common\header.php(37): CodeIgniter\Debug\Exceptions->errorHandler(2, 'Undefined varia...', 'C:\\vhost\\ci1\\ap...', 37)
#1 C:\vhost\ci1\system\View\View.php(214): include('C:\\vhost\\ci1\\ap...')
#2 C:\vhost\ci1\system\View\View.php(217): CodeIgniter\View\View->CodeIgniter\View\{closure}()
#3 C:\vhost\ci1\system\Common.php(1097): CodeIgniter\View\View->render('common/header', Array, true)
#4 C:\vhost\ci1\app\Controllers\Profile.php(42): view('common/header', Array)
#5 C:\vhost\ci1\app\Controllers\Profile.php(26): App\Controllers\Profile->renderView('pages/profile')
#6 C:\vhost\ci1\system\CodeIgniter.php(824): App\Controllers\Profile->index()
#7 C:\vhost\ci1\system\CodeIgniter.php(410): CodeIgniter\CodeIgniter->runController(Object(App\Controllers\Profile))
#8 C:\vhost\ci1\system\CodeIgniter.php(318): CodeIgniter\CodeIgniter->handleRequest(NULL, Object(Config\Cache), false)
#9 C:\vhost\ci1\public\index.php(37): CodeIgniter\CodeIgniter->run()
#10 {main}
CRITICAL - 2022-01-10 06:12:29 --> Undefined variable $user_info
#0 C:\vhost\ci1\app\Views\common\header.php(37): CodeIgniter\Debug\Exceptions->errorHandler(2, 'Undefined varia...', 'C:\\vhost\\ci1\\ap...', 37)
#1 C:\vhost\ci1\system\View\View.php(214): include('C:\\vhost\\ci1\\ap...')
#2 C:\vhost\ci1\system\View\View.php(217): CodeIgniter\View\View->CodeIgniter\View\{closure}()
#3 C:\vhost\ci1\system\Common.php(1097): CodeIgniter\View\View->render('common/header', Array, true)
#4 C:\vhost\ci1\app\Controllers\Auth.php(79): view('common/header', Array)
#5 C:\vhost\ci1\app\Controllers\Auth.php(62): App\Controllers\Auth->render_page('auth2/login')
#6 C:\vhost\ci1\system\CodeIgniter.php(824): App\Controllers\Auth->index()
#7 C:\vhost\ci1\system\CodeIgniter.php(410): CodeIgniter\CodeIgniter->runController(Object(App\Controllers\Auth))
#8 C:\vhost\ci1\system\CodeIgniter.php(318): CodeIgniter\CodeIgniter->handleRequest(NULL, Object(Config\Cache), false)
#9 C:\vhost\ci1\public\index.php(37): CodeIgniter\CodeIgniter->run()
#10 {main}
CRITICAL - 2022-01-10 06:12:30 --> Undefined variable $user_info
#0 C:\vhost\ci1\app\Views\common\header.php(37): CodeIgniter\Debug\Exceptions->errorHandler(2, 'Undefined varia...', 'C:\\vhost\\ci1\\ap...', 37)
#1 C:\vhost\ci1\system\View\View.php(214): include('C:\\vhost\\ci1\\ap...')
#2 C:\vhost\ci1\system\View\View.php(217): CodeIgniter\View\View->CodeIgniter\View\{closure}()
#3 C:\vhost\ci1\system\Common.php(1097): CodeIgniter\View\View->render('common/header', Array, true)
#4 C:\vhost\ci1\app\Controllers\Auth2.php(94): view('common/header', Array)
#5 C:\vhost\ci1\app\Controllers\Auth2.php(33): App\Controllers\Auth2->renderView('login')
#6 C:\vhost\ci1\system\CodeIgniter.php(824): App\Controllers\Auth2->index()
#7 C:\vhost\ci1\system\CodeIgniter.php(410): CodeIgniter\CodeIgniter->runController(Object(App\Controllers\Auth2))
#8 C:\vhost\ci1\system\CodeIgniter.php(318): CodeIgniter\CodeIgniter->handleRequest(NULL, Object(Config\Cache), false)
#9 C:\vhost\ci1\public\index.php(37): CodeIgniter\CodeIgniter->run()
#10 {main}
CRITICAL - 2022-01-10 06:12:30 --> Undefined variable $user_info
#0 C:\vhost\ci1\app\Views\common\header.php(37): CodeIgniter\Debug\Exceptions->errorHandler(2, 'Undefined varia...', 'C:\\vhost\\ci1\\ap...', 37)
#1 C:\vhost\ci1\system\View\View.php(214): include('C:\\vhost\\ci1\\ap...')
#2 C:\vhost\ci1\system\View\View.php(217): CodeIgniter\View\View->CodeIgniter\View\{closure}()
#3 C:\vhost\ci1\system\Common.php(1097): CodeIgniter\View\View->render('common/header', Array, true)
#4 C:\vhost\ci1\app\Controllers\Auth2.php(94): view('common/header', Array)
#5 C:\vhost\ci1\app\Controllers\Auth2.php(33): App\Controllers\Auth2->renderView('login')
#6 C:\vhost\ci1\system\CodeIgniter.php(824): App\Controllers\Auth2->index()
#7 C:\vhost\ci1\system\CodeIgniter.php(410): CodeIgniter\CodeIgniter->runController(Object(App\Controllers\Auth2))
#8 C:\vhost\ci1\system\CodeIgniter.php(318): CodeIgniter\CodeIgniter->handleRequest(NULL, Object(Config\Cache), false)
#9 C:\vhost\ci1\public\index.php(37): CodeIgniter\CodeIgniter->run()
#10 {main}
CRITICAL - 2022-01-10 06:12:35 --> Undefined variable $user_info
#0 C:\vhost\ci1\app\Views\common\header.php(37): CodeIgniter\Debug\Exceptions->errorHandler(2, 'Undefined varia...', 'C:\\vhost\\ci1\\ap...', 37)
#1 C:\vhost\ci1\system\View\View.php(214): include('C:\\vhost\\ci1\\ap...')
#2 C:\vhost\ci1\system\View\View.php(217): CodeIgniter\View\View->CodeIgniter\View\{closure}()
#3 C:\vhost\ci1\system\Common.php(1097): CodeIgniter\View\View->render('common/header', Array, true)
#4 C:\vhost\ci1\app\Controllers\Auth2.php(94): view('common/header', Array)
#5 C:\vhost\ci1\app\Controllers\Auth2.php(33): App\Controllers\Auth2->renderView('login')
#6 C:\vhost\ci1\system\CodeIgniter.php(824): App\Controllers\Auth2->index()
#7 C:\vhost\ci1\system\CodeIgniter.php(410): CodeIgniter\CodeIgniter->runController(Object(App\Controllers\Auth2))
#8 C:\vhost\ci1\system\CodeIgniter.php(318): CodeIgniter\CodeIgniter->handleRequest(NULL, Object(Config\Cache), false)
#9 C:\vhost\ci1\public\index.php(37): CodeIgniter\CodeIgniter->run()
#10 {main}
CRITICAL - 2022-01-10 06:12:36 --> Undefined variable $user_info
#0 C:\vhost\ci1\app\Views\common\header.php(37): CodeIgniter\Debug\Exceptions->errorHandler(2, 'Undefined varia...', 'C:\\vhost\\ci1\\ap...', 37)
#1 C:\vhost\ci1\system\View\View.php(214): include('C:\\vhost\\ci1\\ap...')
#2 C:\vhost\ci1\system\View\View.php(217): CodeIgniter\View\View->CodeIgniter\View\{closure}()
#3 C:\vhost\ci1\system\Common.php(1097): CodeIgniter\View\View->render('common/header', Array, true)
#4 C:\vhost\ci1\app\Controllers\Profile.php(42): view('common/header', Array)
#5 C:\vhost\ci1\app\Controllers\Profile.php(26): App\Controllers\Profile->renderView('pages/profile')
#6 C:\vhost\ci1\system\CodeIgniter.php(824): App\Controllers\Profile->index()
#7 C:\vhost\ci1\system\CodeIgniter.php(410): CodeIgniter\CodeIgniter->runController(Object(App\Controllers\Profile))
#8 C:\vhost\ci1\system\CodeIgniter.php(318): CodeIgniter\CodeIgniter->handleRequest(NULL, Object(Config\Cache), false)
#9 C:\vhost\ci1\public\index.php(37): CodeIgniter\CodeIgniter->run()
#10 {main}
CRITICAL - 2022-01-10 06:12:57 --> Undefined variable $user_info
#0 C:\vhost\ci1\app\Views\common\header.php(37): CodeIgniter\Debug\Exceptions->errorHandler(2, 'Undefined varia...', 'C:\\vhost\\ci1\\ap...', 37)
#1 C:\vhost\ci1\system\View\View.php(214): include('C:\\vhost\\ci1\\ap...')
#2 C:\vhost\ci1\system\View\View.php(217): CodeIgniter\View\View->CodeIgniter\View\{closure}()
#3 C:\vhost\ci1\system\Common.php(1097): CodeIgniter\View\View->render('common/header', Array, true)
#4 C:\vhost\ci1\app\Controllers\Home.php(29): view('common/header', Array)
#5 C:\vhost\ci1\system\CodeIgniter.php(824): App\Controllers\Home->index()
#6 C:\vhost\ci1\system\CodeIgniter.php(410): CodeIgniter\CodeIgniter->runController(Object(App\Controllers\Home))
#7 C:\vhost\ci1\system\CodeIgniter.php(318): CodeIgniter\CodeIgniter->handleRequest(NULL, Object(Config\Cache), false)
#8 C:\vhost\ci1\public\index.php(37): CodeIgniter\CodeIgniter->run()
#9 {main}
CRITICAL - 2022-01-10 06:19:23 --> syntax error, unexpected single-quoted string "dashboard", expecting variable or "{" or "$"
#0 C:\vhost\ci1\system\Router\Router.php(176): CodeIgniter\Router\Router->autoRoute('auth2')
#1 C:\vhost\ci1\system\CodeIgniter.php(718): CodeIgniter\Router\Router->handle('auth2')
#2 C:\vhost\ci1\system\CodeIgniter.php(359): CodeIgniter\CodeIgniter->tryToRouteIt(Object(CodeIgniter\Router\RouteCollection))
#3 C:\vhost\ci1\system\CodeIgniter.php(318): CodeIgniter\CodeIgniter->handleRequest(NULL, Object(Config\Cache), false)
#4 C:\vhost\ci1\public\index.php(37): CodeIgniter\CodeIgniter->run()
#5 {main}
CRITICAL - 2022-01-10 06:19:53 --> Undefined variable $user_info
#0 C:\vhost\ci1\app\Views\common\header.php(37): CodeIgniter\Debug\Exceptions->errorHandler(2, 'Undefined varia...', 'C:\\vhost\\ci1\\ap...', 37)
#1 C:\vhost\ci1\system\View\View.php(214): include('C:\\vhost\\ci1\\ap...')
#2 C:\vhost\ci1\system\View\View.php(217): CodeIgniter\View\View->CodeIgniter\View\{closure}()
#3 C:\vhost\ci1\system\Common.php(1097): CodeIgniter\View\View->render('common/header', Array, true)
#4 C:\vhost\ci1\app\Controllers\Auth2.php(92): view('common/header', Array)
#5 C:\vhost\ci1\app\Controllers\Auth2.php(33): App\Controllers\Auth2->renderView('login')
#6 C:\vhost\ci1\system\CodeIgniter.php(824): App\Controllers\Auth2->index()
#7 C:\vhost\ci1\system\CodeIgniter.php(410): CodeIgniter\CodeIgniter->runController(Object(App\Controllers\Auth2))
#8 C:\vhost\ci1\system\CodeIgniter.php(318): CodeIgniter\CodeIgniter->handleRequest(NULL, Object(Config\Cache), false)
#9 C:\vhost\ci1\public\index.php(37): CodeIgniter\CodeIgniter->run()
#10 {main}
CRITICAL - 2022-01-10 06:20:01 --> Undefined variable $user_info
#0 C:\vhost\ci1\app\Views\common\header.php(37): CodeIgniter\Debug\Exceptions->errorHandler(2, 'Undefined varia...', 'C:\\vhost\\ci1\\ap...', 37)
#1 C:\vhost\ci1\system\View\View.php(214): include('C:\\vhost\\ci1\\ap...')
#2 C:\vhost\ci1\system\View\View.php(217): CodeIgniter\View\View->CodeIgniter\View\{closure}()
#3 C:\vhost\ci1\system\Common.php(1097): CodeIgniter\View\View->render('common/header', Array, true)
#4 C:\vhost\ci1\app\Controllers\Auth2.php(92): view('common/header', Array)
#5 C:\vhost\ci1\app\Controllers\Auth2.php(33): App\Controllers\Auth2->renderView('login')
#6 C:\vhost\ci1\system\CodeIgniter.php(824): App\Controllers\Auth2->index()
#7 C:\vhost\ci1\system\CodeIgniter.php(410): CodeIgniter\CodeIgniter->runController(Object(App\Controllers\Auth2))
#8 C:\vhost\ci1\system\CodeIgniter.php(318): CodeIgniter\CodeIgniter->handleRequest(NULL, Object(Config\Cache), false)
#9 C:\vhost\ci1\public\index.php(37): CodeIgniter\CodeIgniter->run()
#10 {main}
CRITICAL - 2022-01-10 06:20:02 --> Undefined variable $user_info
#0 C:\vhost\ci1\app\Views\common\header.php(37): CodeIgniter\Debug\Exceptions->errorHandler(2, 'Undefined varia...', 'C:\\vhost\\ci1\\ap...', 37)
#1 C:\vhost\ci1\system\View\View.php(214): include('C:\\vhost\\ci1\\ap...')
#2 C:\vhost\ci1\system\View\View.php(217): CodeIgniter\View\View->CodeIgniter\View\{closure}()
#3 C:\vhost\ci1\system\Common.php(1097): CodeIgniter\View\View->render('common/header', Array, true)
#4 C:\vhost\ci1\app\Controllers\Auth2.php(92): view('common/header', Array)
#5 C:\vhost\ci1\app\Controllers\Auth2.php(33): App\Controllers\Auth2->renderView('login')
#6 C:\vhost\ci1\system\CodeIgniter.php(824): App\Controllers\Auth2->index()
#7 C:\vhost\ci1\system\CodeIgniter.php(410): CodeIgniter\CodeIgniter->runController(Object(App\Controllers\Auth2))
#8 C:\vhost\ci1\system\CodeIgniter.php(318): CodeIgniter\CodeIgniter->handleRequest(NULL, Object(Config\Cache), false)
#9 C:\vhost\ci1\public\index.php(37): CodeIgniter\CodeIgniter->run()
#10 {main}
CRITICAL - 2022-01-10 06:20:22 --> Undefined variable $view
#0 C:\vhost\ci1\app\Controllers\Auth2.php(93): CodeIgniter\Debug\Exceptions->errorHandler(2, 'Undefined varia...', 'C:\\vhost\\ci1\\ap...', 93)
#1 C:\vhost\ci1\app\Controllers\Auth2.php(69): App\Controllers\Auth2->renderView('dashboard')
#2 C:\vhost\ci1\system\CodeIgniter.php(824): App\Controllers\Auth2->index()
#3 C:\vhost\ci1\system\CodeIgniter.php(410): CodeIgniter\CodeIgniter->runController(Object(App\Controllers\Auth2))
#4 C:\vhost\ci1\system\CodeIgniter.php(318): CodeIgniter\CodeIgniter->handleRequest(NULL, Object(Config\Cache), false)
#5 C:\vhost\ci1\public\index.php(37): CodeIgniter\CodeIgniter->run()
#6 {main}
CRITICAL - 2022-01-10 06:20:59 --> Undefined variable $user_info
#0 C:\vhost\ci1\app\Views\common\header.php(37): CodeIgniter\Debug\Exceptions->errorHandler(2, 'Undefined varia...', 'C:\\vhost\\ci1\\ap...', 37)
#1 C:\vhost\ci1\system\View\View.php(214): include('C:\\vhost\\ci1\\ap...')
#2 C:\vhost\ci1\system\View\View.php(217): CodeIgniter\View\View->CodeIgniter\View\{closure}()
#3 C:\vhost\ci1\system\Common.php(1097): CodeIgniter\View\View->render('common/header', Array, true)
#4 C:\vhost\ci1\app\Controllers\Auth2.php(91): view('common/header', Array)
#5 C:\vhost\ci1\app\Controllers\Auth2.php(33): App\Controllers\Auth2->renderView('login')
#6 C:\vhost\ci1\system\CodeIgniter.php(824): App\Controllers\Auth2->index()
#7 C:\vhost\ci1\system\CodeIgniter.php(410): CodeIgniter\CodeIgniter->runController(Object(App\Controllers\Auth2))
#8 C:\vhost\ci1\system\CodeIgniter.php(318): CodeIgniter\CodeIgniter->handleRequest(NULL, Object(Config\Cache), false)
#9 C:\vhost\ci1\public\index.php(37): CodeIgniter\CodeIgniter->run()
#10 {main}
CRITICAL - 2022-01-10 06:21:01 --> Undefined variable $user_info
#0 C:\vhost\ci1\app\Views\common\header.php(37): CodeIgniter\Debug\Exceptions->errorHandler(2, 'Undefined varia...', 'C:\\vhost\\ci1\\ap...', 37)
#1 C:\vhost\ci1\system\View\View.php(214): include('C:\\vhost\\ci1\\ap...')
#2 C:\vhost\ci1\system\View\View.php(217): CodeIgniter\View\View->CodeIgniter\View\{closure}()
#3 C:\vhost\ci1\system\Common.php(1097): CodeIgniter\View\View->render('common/header', Array, true)
#4 C:\vhost\ci1\app\Controllers\Auth2.php(91): view('common/header', Array)
#5 C:\vhost\ci1\app\Controllers\Auth2.php(33): App\Controllers\Auth2->renderView('login')
#6 C:\vhost\ci1\system\CodeIgniter.php(824): App\Controllers\Auth2->index()
#7 C:\vhost\ci1\system\CodeIgniter.php(410): CodeIgniter\CodeIgniter->runController(Object(App\Controllers\Auth2))
#8 C:\vhost\ci1\system\CodeIgniter.php(318): CodeIgniter\CodeIgniter->handleRequest(NULL, Object(Config\Cache), false)
#9 C:\vhost\ci1\public\index.php(37): CodeIgniter\CodeIgniter->run()
#10 {main}
CRITICAL - 2022-01-10 06:21:32 --> Undefined variable $user_info
#0 C:\vhost\ci1\app\Views\common\header.php(37): CodeIgniter\Debug\Exceptions->errorHandler(2, 'Undefined varia...', 'C:\\vhost\\ci1\\ap...', 37)
#1 C:\vhost\ci1\system\View\View.php(214): include('C:\\vhost\\ci1\\ap...')
#2 C:\vhost\ci1\system\View\View.php(217): CodeIgniter\View\View->CodeIgniter\View\{closure}()
#3 C:\vhost\ci1\system\Common.php(1097): CodeIgniter\View\View->render('common/header', Array, true)
#4 C:\vhost\ci1\app\Controllers\Profile.php(42): view('common/header', Array)
#5 C:\vhost\ci1\app\Controllers\Profile.php(26): App\Controllers\Profile->renderView('pages/profile')
#6 C:\vhost\ci1\system\CodeIgniter.php(824): App\Controllers\Profile->index()
#7 C:\vhost\ci1\system\CodeIgniter.php(410): CodeIgniter\CodeIgniter->runController(Object(App\Controllers\Profile))
#8 C:\vhost\ci1\system\CodeIgniter.php(318): CodeIgniter\CodeIgniter->handleRequest(NULL, Object(Config\Cache), false)
#9 C:\vhost\ci1\public\index.php(37): CodeIgniter\CodeIgniter->run()
#10 {main}
CRITICAL - 2022-01-10 18:26:26 --> Invalid file: auth2/login.php
#0 C:\vhost\ci1\system\View\View.php(198): CodeIgniter\Exceptions\FrameworkException::forInvalidFile('auth2/login.php')
#1 C:\vhost\ci1\system\Common.php(1097): CodeIgniter\View\View->render('auth2/login', Array, true)
#2 C:\vhost\ci1\app\Controllers\Auth.php(80): view('auth2/login')
#3 C:\vhost\ci1\app\Controllers\Auth.php(62): App\Controllers\Auth->render_page('auth2/login')
#4 C:\vhost\ci1\system\CodeIgniter.php(824): App\Controllers\Auth->index()
#5 C:\vhost\ci1\system\CodeIgniter.php(410): CodeIgniter\CodeIgniter->runController(Object(App\Controllers\Auth))
#6 C:\vhost\ci1\system\CodeIgniter.php(318): CodeIgniter\CodeIgniter->handleRequest(NULL, Object(Config\Cache), false)
#7 C:\vhost\ci1\public\index.php(37): CodeIgniter\CodeIgniter->run()
#8 {main}
CRITICAL - 2022-01-10 18:28:04 --> Undefined variable $user_info
#0 C:\vhost\ci1\app\Views\common\header.php(37): CodeIgniter\Debug\Exceptions->errorHandler(2, 'Undefined varia...', 'C:\\vhost\\ci1\\ap...', 37)
#1 C:\vhost\ci1\system\View\View.php(214): include('C:\\vhost\\ci1\\ap...')
#2 C:\vhost\ci1\system\View\View.php(217): CodeIgniter\View\View->CodeIgniter\View\{closure}()
#3 C:\vhost\ci1\system\Common.php(1097): CodeIgniter\View\View->render('common/header', Array, true)
#4 C:\vhost\ci1\app\Controllers\Home.php(29): view('common/header', Array)
#5 C:\vhost\ci1\system\CodeIgniter.php(824): App\Controllers\Home->index()
#6 C:\vhost\ci1\system\CodeIgniter.php(410): CodeIgniter\CodeIgniter->runController(Object(App\Controllers\Home))
#7 C:\vhost\ci1\system\CodeIgniter.php(318): CodeIgniter\CodeIgniter->handleRequest(NULL, Object(Config\Cache), false)
#8 C:\vhost\ci1\public\index.php(37): CodeIgniter\CodeIgniter->run()
#9 {main}
CRITICAL - 2022-01-10 18:28:05 --> Undefined variable $user_info
#0 C:\vhost\ci1\app\Views\common\header.php(37): CodeIgniter\Debug\Exceptions->errorHandler(2, 'Undefined varia...', 'C:\\vhost\\ci1\\ap...', 37)
#1 C:\vhost\ci1\system\View\View.php(214): include('C:\\vhost\\ci1\\ap...')
#2 C:\vhost\ci1\system\View\View.php(217): CodeIgniter\View\View->CodeIgniter\View\{closure}()
#3 C:\vhost\ci1\system\Common.php(1097): CodeIgniter\View\View->render('common/header', Array, true)
#4 C:\vhost\ci1\app\Controllers\Home.php(29): view('common/header', Array)
#5 C:\vhost\ci1\system\CodeIgniter.php(824): App\Controllers\Home->index()
#6 C:\vhost\ci1\system\CodeIgniter.php(410): CodeIgniter\CodeIgniter->runController(Object(App\Controllers\Home))
#7 C:\vhost\ci1\system\CodeIgniter.php(318): CodeIgniter\CodeIgniter->handleRequest(NULL, Object(Config\Cache), false)
#8 C:\vhost\ci1\public\index.php(37): CodeIgniter\CodeIgniter->run()
#9 {main}
CRITICAL - 2022-01-10 18:35:17 --> number_format(): Passing null to parameter #1 ($num) of type float is deprecated
#0 [internal function]: CodeIgniter\Debug\Exceptions->errorHandler(8192, 'number_format()...', 'C:\\vhost\\ci1\\sy...', 934)
#1 C:\vhost\ci1\system\Database\BaseConnection.php(934): number_format(NULL, 6)
#2 C:\vhost\ci1\system\Debug\Toolbar\Collectors\Database.php(111): CodeIgniter\Database\BaseConnection->getConnectDuration()
#3 C:\vhost\ci1\system\Debug\Toolbar\Collectors\BaseCollector.php(115): CodeIgniter\Debug\Toolbar\Collectors\Database->formatTimelineData()
#4 C:\vhost\ci1\system\Debug\Toolbar\Collectors\BaseCollector.php(231): CodeIgniter\Debug\Toolbar\Collectors\BaseCollector->timelineData()
#5 C:\vhost\ci1\system\Debug\Toolbar.php(90): CodeIgniter\Debug\Toolbar\Collectors\BaseCollector->getAsArray()
#6 C:\vhost\ci1\system\Debug\Toolbar.php(364): CodeIgniter\Debug\Toolbar->run(1641861317.7362, 0.1249, Object(CodeIgniter\HTTP\IncomingRequest), Object(CodeIgniter\HTTP\RedirectResponse))
#7 C:\vhost\ci1\system\Filters\DebugToolbar.php(40): CodeIgniter\Debug\Toolbar->prepare(Object(CodeIgniter\HTTP\IncomingRequest), Object(CodeIgniter\HTTP\RedirectResponse))
#8 C:\vhost\ci1\system\Filters\Filters.php(196): CodeIgniter\Filters\DebugToolbar->after(Object(CodeIgniter\HTTP\IncomingRequest), Object(CodeIgniter\HTTP\RedirectResponse), NULL)
#9 C:\vhost\ci1\system\CodeIgniter.php(427): CodeIgniter\Filters\Filters->run('home', 'after')
#10 C:\vhost\ci1\system\CodeIgniter.php(318): CodeIgniter\CodeIgniter->handleRequest(NULL, Object(Config\Cache), false)
#11 C:\vhost\ci1\public\index.php(37): CodeIgniter\CodeIgniter->run()
#12 {main}
CRITICAL - 2022-01-10 18:35:18 --> number_format(): Passing null to parameter #1 ($num) of type float is deprecated
#0 [internal function]: CodeIgniter\Debug\Exceptions->errorHandler(8192, 'number_format()...', 'C:\\vhost\\ci1\\sy...', 934)
#1 C:\vhost\ci1\system\Database\BaseConnection.php(934): number_format(NULL, 6)
#2 C:\vhost\ci1\system\Debug\Toolbar\Collectors\Database.php(111): CodeIgniter\Database\BaseConnection->getConnectDuration()
#3 C:\vhost\ci1\system\Debug\Toolbar\Collectors\BaseCollector.php(115): CodeIgniter\Debug\Toolbar\Collectors\Database->formatTimelineData()
#4 C:\vhost\ci1\system\Debug\Toolbar\Collectors\BaseCollector.php(231): CodeIgniter\Debug\Toolbar\Collectors\BaseCollector->timelineData()
#5 C:\vhost\ci1\system\Debug\Toolbar.php(90): CodeIgniter\Debug\Toolbar\Collectors\BaseCollector->getAsArray()
#6 C:\vhost\ci1\system\Debug\Toolbar.php(364): CodeIgniter\Debug\Toolbar->run(1641861318.8418, 0.1127, Object(CodeIgniter\HTTP\IncomingRequest), Object(CodeIgniter\HTTP\RedirectResponse))
#7 C:\vhost\ci1\system\Filters\DebugToolbar.php(40): CodeIgniter\Debug\Toolbar->prepare(Object(CodeIgniter\HTTP\IncomingRequest), Object(CodeIgniter\HTTP\RedirectResponse))
#8 C:\vhost\ci1\system\Filters\Filters.php(196): CodeIgniter\Filters\DebugToolbar->after(Object(CodeIgniter\HTTP\IncomingRequest), Object(CodeIgniter\HTTP\RedirectResponse), NULL)
#9 C:\vhost\ci1\system\CodeIgniter.php(427): CodeIgniter\Filters\Filters->run('home', 'after')
#10 C:\vhost\ci1\system\CodeIgniter.php(318): CodeIgniter\CodeIgniter->handleRequest(NULL, Object(Config\Cache), false)
#11 C:\vhost\ci1\public\index.php(37): CodeIgniter\CodeIgniter->run()
#12 {main}
CRITICAL - 2022-01-10 18:35:25 --> number_format(): Passing null to parameter #1 ($num) of type float is deprecated
#0 [internal function]: CodeIgniter\Debug\Exceptions->errorHandler(8192, 'number_format()...', 'C:\\vhost\\ci1\\sy...', 934)
#1 C:\vhost\ci1\system\Database\BaseConnection.php(934): number_format(NULL, 6)
#2 C:\vhost\ci1\system\Debug\Toolbar\Collectors\Database.php(111): CodeIgniter\Database\BaseConnection->getConnectDuration()
#3 C:\vhost\ci1\system\Debug\Toolbar\Collectors\BaseCollector.php(115): CodeIgniter\Debug\Toolbar\Collectors\Database->formatTimelineData()
#4 C:\vhost\ci1\system\Debug\Toolbar\Collectors\BaseCollector.php(231): CodeIgniter\Debug\Toolbar\Collectors\BaseCollector->timelineData()
#5 C:\vhost\ci1\system\Debug\Toolbar.php(90): CodeIgniter\Debug\Toolbar\Collectors\BaseCollector->getAsArray()
#6 C:\vhost\ci1\system\Debug\Toolbar.php(364): CodeIgniter\Debug\Toolbar->run(1641861325.4681, 0.1021, Object(CodeIgniter\HTTP\IncomingRequest), Object(CodeIgniter\HTTP\RedirectResponse))
#7 C:\vhost\ci1\system\Filters\DebugToolbar.php(40): CodeIgniter\Debug\Toolbar->prepare(Object(CodeIgniter\HTTP\IncomingRequest), Object(CodeIgniter\HTTP\RedirectResponse))
#8 C:\vhost\ci1\system\Filters\Filters.php(196): CodeIgniter\Filters\DebugToolbar->after(Object(CodeIgniter\HTTP\IncomingRequest), Object(CodeIgniter\HTTP\RedirectResponse), NULL)
#9 C:\vhost\ci1\system\CodeIgniter.php(427): CodeIgniter\Filters\Filters->run('home', 'after')
#10 C:\vhost\ci1\system\CodeIgniter.php(318): CodeIgniter\CodeIgniter->handleRequest(NULL, Object(Config\Cache), false)
#11 C:\vhost\ci1\public\index.php(37): CodeIgniter\CodeIgniter->run()
#12 {main}
CRITICAL - 2022-01-10 18:35:26 --> number_format(): Passing null to parameter #1 ($num) of type float is deprecated
#0 [internal function]: CodeIgniter\Debug\Exceptions->errorHandler(8192, 'number_format()...', 'C:\\vhost\\ci1\\sy...', 934)
#1 C:\vhost\ci1\system\Database\BaseConnection.php(934): number_format(NULL, 6)
#2 C:\vhost\ci1\system\Debug\Toolbar\Collectors\Database.php(111): CodeIgniter\Database\BaseConnection->getConnectDuration()
#3 C:\vhost\ci1\system\Debug\Toolbar\Collectors\BaseCollector.php(115): CodeIgniter\Debug\Toolbar\Collectors\Database->formatTimelineData()
#4 C:\vhost\ci1\system\Debug\Toolbar\Collectors\BaseCollector.php(231): CodeIgniter\Debug\Toolbar\Collectors\BaseCollector->timelineData()
#5 C:\vhost\ci1\system\Debug\Toolbar.php(90): CodeIgniter\Debug\Toolbar\Collectors\BaseCollector->getAsArray()
#6 C:\vhost\ci1\system\Debug\Toolbar.php(364): CodeIgniter\Debug\Toolbar->run(1641861326.7702, 0.1058, Object(CodeIgniter\HTTP\IncomingRequest), Object(CodeIgniter\HTTP\RedirectResponse))
#7 C:\vhost\ci1\system\Filters\DebugToolbar.php(40): CodeIgniter\Debug\Toolbar->prepare(Object(CodeIgniter\HTTP\IncomingRequest), Object(CodeIgniter\HTTP\RedirectResponse))
#8 C:\vhost\ci1\system\Filters\Filters.php(196): CodeIgniter\Filters\DebugToolbar->after(Object(CodeIgniter\HTTP\IncomingRequest), Object(CodeIgniter\HTTP\RedirectResponse), NULL)
#9 C:\vhost\ci1\system\CodeIgniter.php(427): CodeIgniter\Filters\Filters->run('home', 'after')
#10 C:\vhost\ci1\system\CodeIgniter.php(318): CodeIgniter\CodeIgniter->handleRequest(NULL, Object(Config\Cache), false)
#11 C:\vhost\ci1\public\index.php(37): CodeIgniter\CodeIgniter->run()
#12 {main}
CRITICAL - 2022-01-10 18:37:17 --> number_format(): Passing null to parameter #1 ($num) of type float is deprecated
#0 [internal function]: CodeIgniter\Debug\Exceptions->errorHandler(8192, 'number_format()...', 'C:\\vhost\\ci1\\sy...', 934)
#1 C:\vhost\ci1\system\Database\BaseConnection.php(934): number_format(NULL, 6)
#2 C:\vhost\ci1\system\Debug\Toolbar\Collectors\Database.php(111): CodeIgniter\Database\BaseConnection->getConnectDuration()
#3 C:\vhost\ci1\system\Debug\Toolbar\Collectors\BaseCollector.php(115): CodeIgniter\Debug\Toolbar\Collectors\Database->formatTimelineData()
#4 C:\vhost\ci1\system\Debug\Toolbar\Collectors\BaseCollector.php(231): CodeIgniter\Debug\Toolbar\Collectors\BaseCollector->timelineData()
#5 C:\vhost\ci1\system\Debug\Toolbar.php(90): CodeIgniter\Debug\Toolbar\Collectors\BaseCollector->getAsArray()
#6 C:\vhost\ci1\system\Debug\Toolbar.php(364): CodeIgniter\Debug\Toolbar->run(1641861437.2193, 0.1149, Object(CodeIgniter\HTTP\IncomingRequest), Object(CodeIgniter\HTTP\Response))
#7 C:\vhost\ci1\system\Filters\DebugToolbar.php(40): CodeIgniter\Debug\Toolbar->prepare(Object(CodeIgniter\HTTP\IncomingRequest), Object(CodeIgniter\HTTP\Response))
#8 C:\vhost\ci1\system\Filters\Filters.php(196): CodeIgniter\Filters\DebugToolbar->after(Object(CodeIgniter\HTTP\IncomingRequest), Object(CodeIgniter\HTTP\Response), NULL)
#9 C:\vhost\ci1\system\CodeIgniter.php(427): CodeIgniter\Filters\Filters->run('home', 'after')
#10 C:\vhost\ci1\system\CodeIgniter.php(318): CodeIgniter\CodeIgniter->handleRequest(NULL, Object(Config\Cache), false)
#11 C:\vhost\ci1\public\index.php(37): CodeIgniter\CodeIgniter->run()
#12 {main}
CRITICAL - 2022-01-10 18:37:37 --> number_format(): Passing null to parameter #1 ($num) of type float is deprecated
#0 [internal function]: CodeIgniter\Debug\Exceptions->errorHandler(8192, 'number_format()...', 'C:\\vhost\\ci1\\sy...', 934)
#1 C:\vhost\ci1\system\Database\BaseConnection.php(934): number_format(NULL, 6)
#2 C:\vhost\ci1\system\Debug\Toolbar\Collectors\Database.php(111): CodeIgniter\Database\BaseConnection->getConnectDuration()
#3 C:\vhost\ci1\system\Debug\Toolbar\Collectors\BaseCollector.php(115): CodeIgniter\Debug\Toolbar\Collectors\Database->formatTimelineData()
#4 C:\vhost\ci1\system\Debug\Toolbar\Collectors\BaseCollector.php(231): CodeIgniter\Debug\Toolbar\Collectors\BaseCollector->timelineData()
#5 C:\vhost\ci1\system\Debug\Toolbar.php(90): CodeIgniter\Debug\Toolbar\Collectors\BaseCollector->getAsArray()
#6 C:\vhost\ci1\system\Debug\Toolbar.php(364): CodeIgniter\Debug\Toolbar->run(1641861457.0492, 0.1064, Object(CodeIgniter\HTTP\IncomingRequest), Object(CodeIgniter\HTTP\Response))
#7 C:\vhost\ci1\system\Filters\DebugToolbar.php(40): CodeIgniter\Debug\Toolbar->prepare(Object(CodeIgniter\HTTP\IncomingRequest), Object(CodeIgniter\HTTP\Response))
#8 C:\vhost\ci1\system\Filters\Filters.php(196): CodeIgniter\Filters\DebugToolbar->after(Object(CodeIgniter\HTTP\IncomingRequest), Object(CodeIgniter\HTTP\Response), NULL)
#9 C:\vhost\ci1\system\CodeIgniter.php(427): CodeIgniter\Filters\Filters->run('home', 'after')
#10 C:\vhost\ci1\system\CodeIgniter.php(318): CodeIgniter\CodeIgniter->handleRequest(NULL, Object(Config\Cache), false)
#11 C:\vhost\ci1\public\index.php(37): CodeIgniter\CodeIgniter->run()
#12 {main}
CRITICAL - 2022-01-10 18:37:57 --> number_format(): Passing null to parameter #1 ($num) of type float is deprecated
#0 [internal function]: CodeIgniter\Debug\Exceptions->errorHandler(8192, 'number_format()...', 'C:\\vhost\\ci1\\sy...', 934)
#1 C:\vhost\ci1\system\Database\BaseConnection.php(934): number_format(NULL, 6)
#2 C:\vhost\ci1\system\Debug\Toolbar\Collectors\Database.php(111): CodeIgniter\Database\BaseConnection->getConnectDuration()
#3 C:\vhost\ci1\system\Debug\Toolbar\Collectors\BaseCollector.php(115): CodeIgniter\Debug\Toolbar\Collectors\Database->formatTimelineData()
#4 C:\vhost\ci1\system\Debug\Toolbar\Collectors\BaseCollector.php(231): CodeIgniter\Debug\Toolbar\Collectors\BaseCollector->timelineData()
#5 C:\vhost\ci1\system\Debug\Toolbar.php(90): CodeIgniter\Debug\Toolbar\Collectors\BaseCollector->getAsArray()
#6 C:\vhost\ci1\system\Debug\Toolbar.php(364): CodeIgniter\Debug\Toolbar->run(1641861477.0585, 0.1024, Object(CodeIgniter\HTTP\IncomingRequest), Object(CodeIgniter\HTTP\Response))
#7 C:\vhost\ci1\system\Filters\DebugToolbar.php(40): CodeIgniter\Debug\Toolbar->prepare(Object(CodeIgniter\HTTP\IncomingRequest), Object(CodeIgniter\HTTP\Response))
#8 C:\vhost\ci1\system\Filters\Filters.php(196): CodeIgniter\Filters\DebugToolbar->after(Object(CodeIgniter\HTTP\IncomingRequest), Object(CodeIgniter\HTTP\Response), NULL)
#9 C:\vhost\ci1\system\CodeIgniter.php(427): CodeIgniter\Filters\Filters->run('home', 'after')
#10 C:\vhost\ci1\system\CodeIgniter.php(318): CodeIgniter\CodeIgniter->handleRequest(NULL, Object(Config\Cache), false)
#11 C:\vhost\ci1\public\index.php(37): CodeIgniter\CodeIgniter->run()
#12 {main}
CRITICAL - 2022-01-10 19:42:55 --> number_format(): Passing null to parameter #1 ($num) of type float is deprecated
#0 [internal function]: CodeIgniter\Debug\Exceptions->errorHandler(8192, 'number_format()...', 'C:\\vhost\\ci1\\sy...', 934)
#1 C:\vhost\ci1\system\Database\BaseConnection.php(934): number_format(NULL, 6)
#2 C:\vhost\ci1\system\Debug\Toolbar\Collectors\Database.php(111): CodeIgniter\Database\BaseConnection->getConnectDuration()
#3 C:\vhost\ci1\system\Debug\Toolbar\Collectors\BaseCollector.php(115): CodeIgniter\Debug\Toolbar\Collectors\Database->formatTimelineData()
#4 C:\vhost\ci1\system\Debug\Toolbar\Collectors\BaseCollector.php(231): CodeIgniter\Debug\Toolbar\Collectors\BaseCollector->timelineData()
#5 C:\vhost\ci1\system\Debug\Toolbar.php(90): CodeIgniter\Debug\Toolbar\Collectors\BaseCollector->getAsArray()
#6 C:\vhost\ci1\system\Debug\Toolbar.php(364): CodeIgniter\Debug\Toolbar->run(1641865374.9583, 0.116, Object(CodeIgniter\HTTP\IncomingRequest), Object(CodeIgniter\HTTP\Response))
#7 C:\vhost\ci1\system\Filters\DebugToolbar.php(40): CodeIgniter\Debug\Toolbar->prepare(Object(CodeIgniter\HTTP\IncomingRequest), Object(CodeIgniter\HTTP\Response))
#8 C:\vhost\ci1\system\Filters\Filters.php(196): CodeIgniter\Filters\DebugToolbar->after(Object(CodeIgniter\HTTP\IncomingRequest), Object(CodeIgniter\HTTP\Response), NULL)
#9 C:\vhost\ci1\system\CodeIgniter.php(427): CodeIgniter\Filters\Filters->run('home', 'after')
#10 C:\vhost\ci1\system\CodeIgniter.php(318): CodeIgniter\CodeIgniter->handleRequest(NULL, Object(Config\Cache), false)
#11 C:\vhost\ci1\public\index.php(37): CodeIgniter\CodeIgniter->run()
#12 {main}
CRITICAL - 2022-01-10 20:04:01 --> Undefined variable $uri
#0 C:\vhost\ci1\app\Controllers\Auth2.php(33): CodeIgniter\Debug\Exceptions->errorHandler(2, 'Undefined varia...', 'C:\\vhost\\ci1\\ap...', 33)
#1 C:\vhost\ci1\system\CodeIgniter.php(824): App\Controllers\Auth2->index()
#2 C:\vhost\ci1\system\CodeIgniter.php(410): CodeIgniter\CodeIgniter->runController(Object(App\Controllers\Auth2))
#3 C:\vhost\ci1\system\CodeIgniter.php(318): CodeIgniter\CodeIgniter->handleRequest(NULL, Object(Config\Cache), false)
#4 C:\vhost\ci1\public\index.php(37): CodeIgniter\CodeIgniter->run()
#5 {main}
CRITICAL - 2022-01-10 20:04:03 --> Undefined variable $uri
#0 C:\vhost\ci1\app\Controllers\Auth2.php(33): CodeIgniter\Debug\Exceptions->errorHandler(2, 'Undefined varia...', 'C:\\vhost\\ci1\\ap...', 33)
#1 C:\vhost\ci1\system\CodeIgniter.php(824): App\Controllers\Auth2->index()
#2 C:\vhost\ci1\system\CodeIgniter.php(410): CodeIgniter\CodeIgniter->runController(Object(App\Controllers\Auth2))
#3 C:\vhost\ci1\system\CodeIgniter.php(318): CodeIgniter\CodeIgniter->handleRequest(NULL, Object(Config\Cache), false)
#4 C:\vhost\ci1\public\index.php(37): CodeIgniter\CodeIgniter->run()
#5 {main}
CRITICAL - 2022-01-10 20:04:42 --> Undefined variable $uri
#0 C:\vhost\ci1\app\Controllers\Auth2.php(33): CodeIgniter\Debug\Exceptions->errorHandler(2, 'Undefined varia...', 'C:\\vhost\\ci1\\ap...', 33)
#1 C:\vhost\ci1\system\CodeIgniter.php(824): App\Controllers\Auth2->index()
#2 C:\vhost\ci1\system\CodeIgniter.php(410): CodeIgniter\CodeIgniter->runController(Object(App\Controllers\Auth2))
#3 C:\vhost\ci1\system\CodeIgniter.php(318): CodeIgniter\CodeIgniter->handleRequest(NULL, Object(Config\Cache), false)
#4 C:\vhost\ci1\public\index.php(37): CodeIgniter\CodeIgniter->run()
#5 {main}
CRITICAL - 2022-01-10 20:05:14 --> Undefined variable $uri
#0 C:\vhost\ci1\app\Controllers\Auth2.php(33): CodeIgniter\Debug\Exceptions->errorHandler(2, 'Undefined varia...', 'C:\\vhost\\ci1\\ap...', 33)
#1 C:\vhost\ci1\system\CodeIgniter.php(824): App\Controllers\Auth2->index()
#2 C:\vhost\ci1\system\CodeIgniter.php(410): CodeIgniter\CodeIgniter->runController(Object(App\Controllers\Auth2))
#3 C:\vhost\ci1\system\CodeIgniter.php(318): CodeIgniter\CodeIgniter->handleRequest(NULL, Object(Config\Cache), false)
#4 C:\vhost\ci1\public\index.php(37): CodeIgniter\CodeIgniter->run()
#5 {main}
CRITICAL - 2022-01-10 20:05:22 --> Invalid file: auth2/login.php
#0 C:\vhost\ci1\system\View\View.php(198): CodeIgniter\Exceptions\FrameworkException::forInvalidFile('auth2/login.php')
#1 C:\vhost\ci1\system\Common.php(1097): CodeIgniter\View\View->render('auth2/login', Array, true)
#2 C:\vhost\ci1\app\Controllers\Auth.php(80): view('auth2/login')
#3 C:\vhost\ci1\app\Controllers\Auth.php(62): App\Controllers\Auth->render_page('auth2/login')
#4 C:\vhost\ci1\system\CodeIgniter.php(824): App\Controllers\Auth->index()
#5 C:\vhost\ci1\system\CodeIgniter.php(410): CodeIgniter\CodeIgniter->runController(Object(App\Controllers\Auth))
#6 C:\vhost\ci1\system\CodeIgniter.php(318): CodeIgniter\CodeIgniter->handleRequest(NULL, Object(Config\Cache), false)
#7 C:\vhost\ci1\public\index.php(37): CodeIgniter\CodeIgniter->run()
#8 {main}
CRITICAL - 2022-01-10 20:05:48 --> Undefined variable $uri
#0 C:\vhost\ci1\app\Controllers\Auth2.php(33): CodeIgniter\Debug\Exceptions->errorHandler(2, 'Undefined varia...', 'C:\\vhost\\ci1\\ap...', 33)
#1 C:\vhost\ci1\system\CodeIgniter.php(824): App\Controllers\Auth2->index()
#2 C:\vhost\ci1\system\CodeIgniter.php(410): CodeIgniter\CodeIgniter->runController(Object(App\Controllers\Auth2))
#3 C:\vhost\ci1\system\CodeIgniter.php(318): CodeIgniter\CodeIgniter->handleRequest(NULL, Object(Config\Cache), false)
#4 C:\vhost\ci1\public\index.php(37): CodeIgniter\CodeIgniter->run()
#5 {main}
CRITICAL - 2022-01-10 20:06:13 --> Undefined variable $uri
#0 C:\vhost\ci1\app\Controllers\Home.php(21): CodeIgniter\Debug\Exceptions->errorHandler(2, 'Undefined varia...', 'C:\\vhost\\ci1\\ap...', 21)
#1 C:\vhost\ci1\system\CodeIgniter.php(824): App\Controllers\Home->index()
#2 C:\vhost\ci1\system\CodeIgniter.php(410): CodeIgniter\CodeIgniter->runController(Object(App\Controllers\Home))
#3 C:\vhost\ci1\system\CodeIgniter.php(318): CodeIgniter\CodeIgniter->handleRequest(NULL, Object(Config\Cache), false)
#4 C:\vhost\ci1\public\index.php(37): CodeIgniter\CodeIgniter->run()
#5 {main}
CRITICAL - 2022-01-10 20:11:43 --> Undefined property: App\Controllers\Home::$uri
#0 C:\vhost\ci1\app\Controllers\Home.php(27): CodeIgniter\Debug\Exceptions->errorHandler(2, 'Undefined prope...', 'C:\\vhost\\ci1\\ap...', 27)
#1 C:\vhost\ci1\system\CodeIgniter.php(824): App\Controllers\Home->index()
#2 C:\vhost\ci1\system\CodeIgniter.php(410): CodeIgniter\CodeIgniter->runController(Object(App\Controllers\Home))
#3 C:\vhost\ci1\system\CodeIgniter.php(318): CodeIgniter\CodeIgniter->handleRequest(NULL, Object(Config\Cache), false)
#4 C:\vhost\ci1\public\index.php(37): CodeIgniter\CodeIgniter->run()
#5 {main}
CRITICAL - 2022-01-10 20:14:30 --> Invalid file: auth2/login.php
#0 C:\vhost\ci1\system\View\View.php(198): CodeIgniter\Exceptions\FrameworkException::forInvalidFile('auth2/login.php')
#1 C:\vhost\ci1\system\Common.php(1097): CodeIgniter\View\View->render('auth2/login', Array, true)
#2 C:\vhost\ci1\app\Controllers\Auth.php(80): view('auth2/login')
#3 C:\vhost\ci1\app\Controllers\Auth.php(62): App\Controllers\Auth->render_page('auth2/login')
#4 C:\vhost\ci1\system\CodeIgniter.php(824): App\Controllers\Auth->index()
#5 C:\vhost\ci1\system\CodeIgniter.php(410): CodeIgniter\CodeIgniter->runController(Object(App\Controllers\Auth))
#6 C:\vhost\ci1\system\CodeIgniter.php(318): CodeIgniter\CodeIgniter->handleRequest(NULL, Object(Config\Cache), false)
#7 C:\vhost\ci1\public\index.php(37): CodeIgniter\CodeIgniter->run()
#8 {main}
CRITICAL - 2022-01-10 20:23:17 --> Invalid file: auth2/login.php
#0 C:\vhost\ci1\system\View\View.php(198): CodeIgniter\Exceptions\FrameworkException::forInvalidFile('auth2/login.php')
#1 C:\vhost\ci1\system\Common.php(1097): CodeIgniter\View\View->render('auth2/login', Array, true)
#2 C:\vhost\ci1\app\Controllers\Auth.php(80): view('auth2/login')
#3 C:\vhost\ci1\app\Controllers\Auth.php(62): App\Controllers\Auth->render_page('auth2/login')
#4 C:\vhost\ci1\system\CodeIgniter.php(824): App\Controllers\Auth->index()
#5 C:\vhost\ci1\system\CodeIgniter.php(410): CodeIgniter\CodeIgniter->runController(Object(App\Controllers\Auth))
#6 C:\vhost\ci1\system\CodeIgniter.php(318): CodeIgniter\CodeIgniter->handleRequest(NULL, Object(Config\Cache), false)
#7 C:\vhost\ci1\public\index.php(37): CodeIgniter\CodeIgniter->run()
#8 {main}
CRITICAL - 2022-01-10 20:25:14 --> Array to string conversion
#0 C:\vhost\ci1\app\Controllers\Auth2.php(37): CodeIgniter\Debug\Exceptions->errorHandler(2, 'Array to string...', 'C:\\vhost\\ci1\\ap...', 37)
#1 C:\vhost\ci1\system\CodeIgniter.php(824): App\Controllers\Auth2->index()
#2 C:\vhost\ci1\system\CodeIgniter.php(410): CodeIgniter\CodeIgniter->runController(Object(App\Controllers\Auth2))
#3 C:\vhost\ci1\system\CodeIgniter.php(318): CodeIgniter\CodeIgniter->handleRequest(NULL, Object(Config\Cache), false)
#4 C:\vhost\ci1\public\index.php(37): CodeIgniter\CodeIgniter->run()
#5 {main}
CRITICAL - 2022-01-10 22:12:37 --> Invalid file: auth2/login.php
#0 C:\vhost\ci1\system\View\View.php(198): CodeIgniter\Exceptions\FrameworkException::forInvalidFile('auth2/login.php')
#1 C:\vhost\ci1\system\Common.php(1097): CodeIgniter\View\View->render('auth2/login', Array, true)
#2 C:\vhost\ci1\app\Controllers\Auth.php(80): view('auth2/login')
#3 C:\vhost\ci1\app\Controllers\Auth.php(62): App\Controllers\Auth->render_page('auth2/login')
#4 C:\vhost\ci1\system\CodeIgniter.php(824): App\Controllers\Auth->index()
#5 C:\vhost\ci1\system\CodeIgniter.php(410): CodeIgniter\CodeIgniter->runController(Object(App\Controllers\Auth))
#6 C:\vhost\ci1\system\CodeIgniter.php(318): CodeIgniter\CodeIgniter->handleRequest(NULL, Object(Config\Cache), false)
#7 C:\vhost\ci1\public\index.php(37): CodeIgniter\CodeIgniter->run()
#8 {main}
CRITICAL - 2022-01-10 22:23:14 --> Invalid file: auth2/login.php
#0 C:\vhost\ci1\system\View\View.php(198): CodeIgniter\Exceptions\FrameworkException::forInvalidFile('auth2/login.php')
#1 C:\vhost\ci1\system\Common.php(1097): CodeIgniter\View\View->render('auth2/login', Array, true)
#2 C:\vhost\ci1\app\Controllers\Auth.php(80): view('auth2/login')
#3 C:\vhost\ci1\app\Controllers\Auth.php(62): App\Controllers\Auth->render_page('auth2/login')
#4 C:\vhost\ci1\system\CodeIgniter.php(824): App\Controllers\Auth->index()
#5 C:\vhost\ci1\system\CodeIgniter.php(410): CodeIgniter\CodeIgniter->runController(Object(App\Controllers\Auth))
#6 C:\vhost\ci1\system\CodeIgniter.php(318): CodeIgniter\CodeIgniter->handleRequest(NULL, Object(Config\Cache), false)
#7 C:\vhost\ci1\public\index.php(37): CodeIgniter\CodeIgniter->run()
#8 {main}
