CRITICAL - 2022-01-07 07:35:57 --> number_format(): Passing null to parameter #1 ($num) of type float is deprecated
#0 [internal function]: CodeIgniter\Debug\Exceptions->errorHandler(8192, 'number_format()...', 'C:\\vhost\\ci1\\sy...', 934)
#1 C:\vhost\ci1\system\Database\BaseConnection.php(934): number_format(NULL, 6)
#2 C:\vhost\ci1\system\Debug\Toolbar\Collectors\Database.php(111): CodeIgniter\Database\BaseConnection->getConnectDuration()
#3 C:\vhost\ci1\system\Debug\Toolbar\Collectors\BaseCollector.php(115): CodeIgniter\Debug\Toolbar\Collectors\Database->formatTimelineData()
#4 C:\vhost\ci1\system\Debug\Toolbar\Collectors\BaseCollector.php(231): CodeIgniter\Debug\Toolbar\Collectors\BaseCollector->timelineData()
#5 C:\vhost\ci1\system\Debug\Toolbar.php(90): CodeIgniter\Debug\Toolbar\Collectors\BaseCollector->getAsArray()
#6 C:\vhost\ci1\system\Debug\Toolbar.php(364): CodeIgniter\Debug\Toolbar->run(1641562557.2983, 0.1178, Object(CodeIgniter\HTTP\IncomingRequest), Object(CodeIgniter\HTTP\RedirectResponse))
#7 C:\vhost\ci1\system\Filters\DebugToolbar.php(40): CodeIgniter\Debug\Toolbar->prepare(Object(CodeIgniter\HTTP\IncomingRequest), Object(CodeIgniter\HTTP\RedirectResponse))
#8 C:\vhost\ci1\system\Filters\Filters.php(196): CodeIgniter\Filters\DebugToolbar->after(Object(CodeIgniter\HTTP\IncomingRequest), Object(CodeIgniter\HTTP\RedirectResponse), NULL)
#9 C:\vhost\ci1\system\CodeIgniter.php(427): CodeIgniter\Filters\Filters->run('auth/logout', 'after')
#10 C:\vhost\ci1\system\CodeIgniter.php(318): CodeIgniter\CodeIgniter->handleRequest(NULL, Object(Config\Cache), false)
#11 C:\vhost\ci1\public\index.php(37): CodeIgniter\CodeIgniter->run()
#12 {main}
CRITICAL - 2022-01-07 07:36:17 --> number_format(): Passing null to parameter #1 ($num) of type float is deprecated
#0 [internal function]: CodeIgniter\Debug\Exceptions->errorHandler(8192, 'number_format()...', 'C:\\vhost\\ci1\\sy...', 934)
#1 C:\vhost\ci1\system\Database\BaseConnection.php(934): number_format(NULL, 6)
#2 C:\vhost\ci1\system\Debug\Toolbar\Collectors\Database.php(111): CodeIgniter\Database\BaseConnection->getConnectDuration()
#3 C:\vhost\ci1\system\Debug\Toolbar\Collectors\BaseCollector.php(115): CodeIgniter\Debug\Toolbar\Collectors\Database->formatTimelineData()
#4 C:\vhost\ci1\system\Debug\Toolbar\Collectors\BaseCollector.php(231): CodeIgniter\Debug\Toolbar\Collectors\BaseCollector->timelineData()
#5 C:\vhost\ci1\system\Debug\Toolbar.php(90): CodeIgniter\Debug\Toolbar\Collectors\BaseCollector->getAsArray()
#6 C:\vhost\ci1\system\Debug\Toolbar.php(364): CodeIgniter\Debug\Toolbar->run(1641562577.6954, 0.122, Object(CodeIgniter\HTTP\IncomingRequest), Object(CodeIgniter\HTTP\Response))
#7 C:\vhost\ci1\system\Filters\DebugToolbar.php(40): CodeIgniter\Debug\Toolbar->prepare(Object(CodeIgniter\HTTP\IncomingRequest), Object(CodeIgniter\HTTP\Response))
#8 C:\vhost\ci1\system\Filters\Filters.php(196): CodeIgniter\Filters\DebugToolbar->after(Object(CodeIgniter\HTTP\IncomingRequest), Object(CodeIgniter\HTTP\Response), NULL)
#9 C:\vhost\ci1\system\CodeIgniter.php(427): CodeIgniter\Filters\Filters->run('auth/logout', 'after')
#10 C:\vhost\ci1\system\CodeIgniter.php(318): CodeIgniter\CodeIgniter->handleRequest(NULL, Object(Config\Cache), false)
#11 C:\vhost\ci1\public\index.php(37): CodeIgniter\CodeIgniter->run()
#12 {main}
CRITICAL - 2022-01-07 07:36:22 --> number_format(): Passing null to parameter #1 ($num) of type float is deprecated
#0 [internal function]: CodeIgniter\Debug\Exceptions->errorHandler(8192, 'number_format()...', 'C:\\vhost\\ci1\\sy...', 934)
#1 C:\vhost\ci1\system\Database\BaseConnection.php(934): number_format(NULL, 6)
#2 C:\vhost\ci1\system\Debug\Toolbar\Collectors\Database.php(111): CodeIgniter\Database\BaseConnection->getConnectDuration()
#3 C:\vhost\ci1\system\Debug\Toolbar\Collectors\BaseCollector.php(115): CodeIgniter\Debug\Toolbar\Collectors\Database->formatTimelineData()
#4 C:\vhost\ci1\system\Debug\Toolbar\Collectors\BaseCollector.php(231): CodeIgniter\Debug\Toolbar\Collectors\BaseCollector->timelineData()
#5 C:\vhost\ci1\system\Debug\Toolbar.php(90): CodeIgniter\Debug\Toolbar\Collectors\BaseCollector->getAsArray()
#6 C:\vhost\ci1\system\Debug\Toolbar.php(364): CodeIgniter\Debug\Toolbar->run(1641562581.8463, 0.1971, Object(CodeIgniter\HTTP\IncomingRequest), Object(CodeIgniter\HTTP\Response))
#7 C:\vhost\ci1\system\Filters\DebugToolbar.php(40): CodeIgniter\Debug\Toolbar->prepare(Object(CodeIgniter\HTTP\IncomingRequest), Object(CodeIgniter\HTTP\Response))
#8 C:\vhost\ci1\system\Filters\Filters.php(196): CodeIgniter\Filters\DebugToolbar->after(Object(CodeIgniter\HTTP\IncomingRequest), Object(CodeIgniter\HTTP\Response), NULL)
#9 C:\vhost\ci1\system\CodeIgniter.php(427): CodeIgniter\Filters\Filters->run('auth', 'after')
#10 C:\vhost\ci1\system\CodeIgniter.php(318): CodeIgniter\CodeIgniter->handleRequest(NULL, Object(Config\Cache), false)
#11 C:\vhost\ci1\public\index.php(37): CodeIgniter\CodeIgniter->run()
#12 {main}
CRITICAL - 2022-01-07 07:36:22 --> number_format(): Passing null to parameter #1 ($num) of type float is deprecated
#0 [internal function]: CodeIgniter\Debug\Exceptions->errorHandler(8192, 'number_format()...', 'C:\\vhost\\ci1\\sy...', 934)
#1 C:\vhost\ci1\system\Database\BaseConnection.php(934): number_format(NULL, 6)
#2 C:\vhost\ci1\system\Debug\Toolbar\Collectors\Database.php(111): CodeIgniter\Database\BaseConnection->getConnectDuration()
#3 C:\vhost\ci1\system\Debug\Toolbar\Collectors\BaseCollector.php(115): CodeIgniter\Debug\Toolbar\Collectors\Database->formatTimelineData()
#4 C:\vhost\ci1\system\Debug\Toolbar\Collectors\BaseCollector.php(231): CodeIgniter\Debug\Toolbar\Collectors\BaseCollector->timelineData()
#5 C:\vhost\ci1\system\Debug\Toolbar.php(90): CodeIgniter\Debug\Toolbar\Collectors\BaseCollector->getAsArray()
#6 C:\vhost\ci1\system\Debug\Toolbar.php(364): CodeIgniter\Debug\Toolbar->run(1641562582.1374, 0.1254, Object(CodeIgniter\HTTP\IncomingRequest), Object(CodeIgniter\HTTP\Response))
#7 C:\vhost\ci1\system\Filters\DebugToolbar.php(40): CodeIgniter\Debug\Toolbar->prepare(Object(CodeIgniter\HTTP\IncomingRequest), Object(CodeIgniter\HTTP\Response))
#8 C:\vhost\ci1\system\Filters\Filters.php(196): CodeIgniter\Filters\DebugToolbar->after(Object(CodeIgniter\HTTP\IncomingRequest), Object(CodeIgniter\HTTP\Response), NULL)
#9 C:\vhost\ci1\system\CodeIgniter.php(427): CodeIgniter\Filters\Filters->run('auth', 'after')
#10 C:\vhost\ci1\system\CodeIgniter.php(318): CodeIgniter\CodeIgniter->handleRequest(NULL, Object(Config\Cache), false)
#11 C:\vhost\ci1\public\index.php(37): CodeIgniter\CodeIgniter->run()
#12 {main}
CRITICAL - 2022-01-07 07:36:29 --> number_format(): Passing null to parameter #1 ($num) of type float is deprecated
#0 [internal function]: CodeIgniter\Debug\Exceptions->errorHandler(8192, 'number_format()...', 'C:\\vhost\\ci1\\sy...', 934)
#1 C:\vhost\ci1\system\Database\BaseConnection.php(934): number_format(NULL, 6)
#2 C:\vhost\ci1\system\Debug\Toolbar\Collectors\Database.php(111): CodeIgniter\Database\BaseConnection->getConnectDuration()
#3 C:\vhost\ci1\system\Debug\Toolbar\Collectors\BaseCollector.php(115): CodeIgniter\Debug\Toolbar\Collectors\Database->formatTimelineData()
#4 C:\vhost\ci1\system\Debug\Toolbar\Collectors\BaseCollector.php(231): CodeIgniter\Debug\Toolbar\Collectors\BaseCollector->timelineData()
#5 C:\vhost\ci1\system\Debug\Toolbar.php(90): CodeIgniter\Debug\Toolbar\Collectors\BaseCollector->getAsArray()
#6 C:\vhost\ci1\system\Debug\Toolbar.php(364): CodeIgniter\Debug\Toolbar->run(1641562589.4074, 0.1323, Object(CodeIgniter\HTTP\IncomingRequest), Object(CodeIgniter\HTTP\Response))
#7 C:\vhost\ci1\system\Filters\DebugToolbar.php(40): CodeIgniter\Debug\Toolbar->prepare(Object(CodeIgniter\HTTP\IncomingRequest), Object(CodeIgniter\HTTP\Response))
#8 C:\vhost\ci1\system\Filters\Filters.php(196): CodeIgniter\Filters\DebugToolbar->after(Object(CodeIgniter\HTTP\IncomingRequest), Object(CodeIgniter\HTTP\Response), NULL)
#9 C:\vhost\ci1\system\CodeIgniter.php(427): CodeIgniter\Filters\Filters->run('auth', 'after')
#10 C:\vhost\ci1\system\CodeIgniter.php(318): CodeIgniter\CodeIgniter->handleRequest(NULL, Object(Config\Cache), false)
#11 C:\vhost\ci1\public\index.php(37): CodeIgniter\CodeIgniter->run()
#12 {main}
