CRITICAL - 2022-01-06 01:58:38 --> unlink(C:\xampp\htdocs\bsystem\writable\debugbar/debugbar_1641449677.json): No such file or directory
#0 [internal function]: CodeIgniter\Debug\Exceptions->errorHandler(2, 'unlink(C:\\xampp...', 'C:\\xampp\\htdocs...', 74)
#1 C:\xampp\htdocs\bsystem\system\Debug\Toolbar\Collectors\History.php(74): unlink('C:\\xampp\\htdocs...')
#2 C:\xampp\htdocs\bsystem\system\Debug\Toolbar.php(483): CodeIgniter\Debug\Toolbar\Collectors\History->setFiles(1641455917, 20)
#3 C:\xampp\htdocs\bsystem\system\Debug\Toolbar.php(460): CodeIgniter\Debug\Toolbar->format(Array, 'html')
#4 C:\xampp\htdocs\bsystem\app\Config\Events.php(48): CodeIgniter\Debug\Toolbar->respond()
#5 C:\xampp\htdocs\bsystem\system\Events\Events.php(149): CodeIgniter\Events\Events::Config\{closure}()
#6 C:\xampp\htdocs\bsystem\system\CodeIgniter.php(300): CodeIgniter\Events\Events::trigger('pre_system')
#7 C:\xampp\htdocs\bsystem\public\index.php(37): CodeIgniter\CodeIgniter->run()
#8 {main}
CRITICAL - 2022-01-06 02:19:35 --> Invalid file: /dashboard.php
#0 C:\xampp\htdocs\bsystem\system\View\View.php(198): CodeIgniter\Exceptions\FrameworkException::forInvalidFile('/dashboard.php')
#1 C:\xampp\htdocs\bsystem\system\Common.php(1097): CodeIgniter\View\View->render('/dashboard', Array, true)
#2 C:\xampp\htdocs\bsystem\app\Controllers\Auth.php(26): view('/dashboard')
#3 C:\xampp\htdocs\bsystem\app\Controllers\Auth.php(18): App\Controllers\Auth->render_page('auth/login', Array)
#4 C:\xampp\htdocs\bsystem\system\CodeIgniter.php(824): App\Controllers\Auth->index()
#5 C:\xampp\htdocs\bsystem\system\CodeIgniter.php(410): CodeIgniter\CodeIgniter->runController(Object(App\Controllers\Auth))
#6 C:\xampp\htdocs\bsystem\system\CodeIgniter.php(318): CodeIgniter\CodeIgniter->handleRequest(NULL, Object(Config\Cache), false)
#7 C:\xampp\htdocs\bsystem\public\index.php(37): CodeIgniter\CodeIgniter->run()
#8 {main}
CRITICAL - 2022-01-06 02:19:46 --> Invalid file: /dashboard.php
#0 C:\xampp\htdocs\bsystem\system\View\View.php(198): CodeIgniter\Exceptions\FrameworkException::forInvalidFile('/dashboard.php')
#1 C:\xampp\htdocs\bsystem\system\Common.php(1097): CodeIgniter\View\View->render('/dashboard', Array, true)
#2 C:\xampp\htdocs\bsystem\app\Controllers\Auth.php(26): view('/dashboard')
#3 C:\xampp\htdocs\bsystem\app\Controllers\Auth.php(18): App\Controllers\Auth->render_page('auth/login', Array)
#4 C:\xampp\htdocs\bsystem\system\CodeIgniter.php(824): App\Controllers\Auth->index()
#5 C:\xampp\htdocs\bsystem\system\CodeIgniter.php(410): CodeIgniter\CodeIgniter->runController(Object(App\Controllers\Auth))
#6 C:\xampp\htdocs\bsystem\system\CodeIgniter.php(318): CodeIgniter\CodeIgniter->handleRequest(NULL, Object(Config\Cache), false)
#7 C:\xampp\htdocs\bsystem\public\index.php(37): CodeIgniter\CodeIgniter->run()
#8 {main}
CRITICAL - 2022-01-06 02:20:04 --> Invalid file: /dashboard.php
#0 C:\xampp\htdocs\bsystem\system\View\View.php(198): CodeIgniter\Exceptions\FrameworkException::forInvalidFile('/dashboard.php')
#1 C:\xampp\htdocs\bsystem\system\Common.php(1097): CodeIgniter\View\View->render('/dashboard', Array, true)
#2 C:\xampp\htdocs\bsystem\app\Controllers\Auth.php(26): view('/dashboard')
#3 C:\xampp\htdocs\bsystem\app\Controllers\Auth.php(18): App\Controllers\Auth->render_page('auth/login', Array)
#4 C:\xampp\htdocs\bsystem\system\CodeIgniter.php(824): App\Controllers\Auth->index()
#5 C:\xampp\htdocs\bsystem\system\CodeIgniter.php(410): CodeIgniter\CodeIgniter->runController(Object(App\Controllers\Auth))
#6 C:\xampp\htdocs\bsystem\system\CodeIgniter.php(318): CodeIgniter\CodeIgniter->handleRequest(NULL, Object(Config\Cache), false)
#7 C:\xampp\htdocs\bsystem\public\index.php(37): CodeIgniter\CodeIgniter->run()
#8 {main}
CRITICAL - 2022-01-06 02:48:42 --> Undefined variable $userInfo
#0 C:\xampp\htdocs\bsystem\app\Views\common\header.php(30): CodeIgniter\Debug\Exceptions->errorHandler(2, 'Undefined varia...', 'C:\\xampp\\htdocs...', 30)
#1 C:\xampp\htdocs\bsystem\system\View\View.php(214): include('C:\\xampp\\htdocs...')
#2 C:\xampp\htdocs\bsystem\system\View\View.php(217): CodeIgniter\View\View->CodeIgniter\View\{closure}()
#3 C:\xampp\htdocs\bsystem\system\Common.php(1097): CodeIgniter\View\View->render('common/header', Array, true)
#4 C:\xampp\htdocs\bsystem\app\Controllers\Auth.php(25): view('common/header')
#5 C:\xampp\htdocs\bsystem\app\Controllers\Auth.php(18): App\Controllers\Auth->render_page('auth/login', Array)
#6 C:\xampp\htdocs\bsystem\system\CodeIgniter.php(824): App\Controllers\Auth->index()
#7 C:\xampp\htdocs\bsystem\system\CodeIgniter.php(410): CodeIgniter\CodeIgniter->runController(Object(App\Controllers\Auth))
#8 C:\xampp\htdocs\bsystem\system\CodeIgniter.php(318): CodeIgniter\CodeIgniter->handleRequest(NULL, Object(Config\Cache), false)
#9 C:\xampp\htdocs\bsystem\public\index.php(37): CodeIgniter\CodeIgniter->run()
#10 {main}
CRITICAL - 2022-01-06 03:32:44 --> Undefined variable $userInfo
#0 C:\xampp\htdocs\bsystem\app\Views\common\header.php(31): CodeIgniter\Debug\Exceptions->errorHandler(2, 'Undefined varia...', 'C:\\xampp\\htdocs...', 31)
#1 C:\xampp\htdocs\bsystem\system\View\View.php(214): include('C:\\xampp\\htdocs...')
#2 C:\xampp\htdocs\bsystem\system\View\View.php(217): CodeIgniter\View\View->CodeIgniter\View\{closure}()
#3 C:\xampp\htdocs\bsystem\system\Common.php(1097): CodeIgniter\View\View->render('common/header', Array, true)
#4 C:\xampp\htdocs\bsystem\app\Controllers\Profile.php(9): view('common/header')
#5 C:\xampp\htdocs\bsystem\system\CodeIgniter.php(824): App\Controllers\Profile->index()
#6 C:\xampp\htdocs\bsystem\system\CodeIgniter.php(410): CodeIgniter\CodeIgniter->runController(Object(App\Controllers\Profile))
#7 C:\xampp\htdocs\bsystem\system\CodeIgniter.php(318): CodeIgniter\CodeIgniter->handleRequest(NULL, Object(Config\Cache), false)
#8 C:\xampp\htdocs\bsystem\public\index.php(37): CodeIgniter\CodeIgniter->run()
#9 {main}
CRITICAL - 2022-01-06 03:33:41 --> Undefined variable $userInfo
#0 C:\xampp\htdocs\bsystem\app\Views\common\header.php(31): CodeIgniter\Debug\Exceptions->errorHandler(2, 'Undefined varia...', 'C:\\xampp\\htdocs...', 31)
#1 C:\xampp\htdocs\bsystem\system\View\View.php(214): include('C:\\xampp\\htdocs...')
#2 C:\xampp\htdocs\bsystem\system\View\View.php(217): CodeIgniter\View\View->CodeIgniter\View\{closure}()
#3 C:\xampp\htdocs\bsystem\system\Common.php(1097): CodeIgniter\View\View->render('common/header', Array, true)
#4 C:\xampp\htdocs\bsystem\app\Controllers\Profile.php(21): view('common/header')
#5 C:\xampp\htdocs\bsystem\system\CodeIgniter.php(824): App\Controllers\Profile->index()
#6 C:\xampp\htdocs\bsystem\system\CodeIgniter.php(410): CodeIgniter\CodeIgniter->runController(Object(App\Controllers\Profile))
#7 C:\xampp\htdocs\bsystem\system\CodeIgniter.php(318): CodeIgniter\CodeIgniter->handleRequest(NULL, Object(Config\Cache), false)
#8 C:\xampp\htdocs\bsystem\public\index.php(37): CodeIgniter\CodeIgniter->run()
#9 {main}
CRITICAL - 2022-01-06 03:33:43 --> Undefined variable $userInfo
#0 C:\xampp\htdocs\bsystem\app\Views\common\header.php(31): CodeIgniter\Debug\Exceptions->errorHandler(2, 'Undefined varia...', 'C:\\xampp\\htdocs...', 31)
#1 C:\xampp\htdocs\bsystem\system\View\View.php(214): include('C:\\xampp\\htdocs...')
#2 C:\xampp\htdocs\bsystem\system\View\View.php(217): CodeIgniter\View\View->CodeIgniter\View\{closure}()
#3 C:\xampp\htdocs\bsystem\system\Common.php(1097): CodeIgniter\View\View->render('common/header', Array, true)
#4 C:\xampp\htdocs\bsystem\app\Controllers\Profile.php(21): view('common/header')
#5 C:\xampp\htdocs\bsystem\system\CodeIgniter.php(824): App\Controllers\Profile->index()
#6 C:\xampp\htdocs\bsystem\system\CodeIgniter.php(410): CodeIgniter\CodeIgniter->runController(Object(App\Controllers\Profile))
#7 C:\xampp\htdocs\bsystem\system\CodeIgniter.php(318): CodeIgniter\CodeIgniter->handleRequest(NULL, Object(Config\Cache), false)
#8 C:\xampp\htdocs\bsystem\public\index.php(37): CodeIgniter\CodeIgniter->run()
#9 {main}
CRITICAL - 2022-01-06 03:34:54 --> Undefined variable $userInfo
#0 C:\xampp\htdocs\bsystem\app\Views\common\header.php(31): CodeIgniter\Debug\Exceptions->errorHandler(2, 'Undefined varia...', 'C:\\xampp\\htdocs...', 31)
#1 C:\xampp\htdocs\bsystem\system\View\View.php(214): include('C:\\xampp\\htdocs...')
#2 C:\xampp\htdocs\bsystem\system\View\View.php(217): CodeIgniter\View\View->CodeIgniter\View\{closure}()
#3 C:\xampp\htdocs\bsystem\system\Common.php(1097): CodeIgniter\View\View->render('common/header', Array, true)
#4 C:\xampp\htdocs\bsystem\app\Controllers\Profile.php(21): view('common/header')
#5 C:\xampp\htdocs\bsystem\system\CodeIgniter.php(824): App\Controllers\Profile->index()
#6 C:\xampp\htdocs\bsystem\system\CodeIgniter.php(410): CodeIgniter\CodeIgniter->runController(Object(App\Controllers\Profile))
#7 C:\xampp\htdocs\bsystem\system\CodeIgniter.php(318): CodeIgniter\CodeIgniter->handleRequest(NULL, Object(Config\Cache), false)
#8 C:\xampp\htdocs\bsystem\public\index.php(37): CodeIgniter\CodeIgniter->run()
#9 {main}
CRITICAL - 2022-01-06 03:36:12 --> Undefined variable $userInfo
#0 C:\xampp\htdocs\bsystem\app\Views\common\header.php(31): CodeIgniter\Debug\Exceptions->errorHandler(2, 'Undefined varia...', 'C:\\xampp\\htdocs...', 31)
#1 C:\xampp\htdocs\bsystem\system\View\View.php(214): include('C:\\xampp\\htdocs...')
#2 C:\xampp\htdocs\bsystem\system\View\View.php(217): CodeIgniter\View\View->CodeIgniter\View\{closure}()
#3 C:\xampp\htdocs\bsystem\system\Common.php(1097): CodeIgniter\View\View->render('common/header', Array, true)
#4 C:\xampp\htdocs\bsystem\app\Controllers\Profile.php(24): view('common/header')
#5 C:\xampp\htdocs\bsystem\system\CodeIgniter.php(824): App\Controllers\Profile->index()
#6 C:\xampp\htdocs\bsystem\system\CodeIgniter.php(410): CodeIgniter\CodeIgniter->runController(Object(App\Controllers\Profile))
#7 C:\xampp\htdocs\bsystem\system\CodeIgniter.php(318): CodeIgniter\CodeIgniter->handleRequest(NULL, Object(Config\Cache), false)
#8 C:\xampp\htdocs\bsystem\public\index.php(37): CodeIgniter\CodeIgniter->run()
#9 {main}
CRITICAL - 2022-01-06 03:36:14 --> Undefined variable $userInfo
#0 C:\xampp\htdocs\bsystem\app\Views\common\header.php(31): CodeIgniter\Debug\Exceptions->errorHandler(2, 'Undefined varia...', 'C:\\xampp\\htdocs...', 31)
#1 C:\xampp\htdocs\bsystem\system\View\View.php(214): include('C:\\xampp\\htdocs...')
#2 C:\xampp\htdocs\bsystem\system\View\View.php(217): CodeIgniter\View\View->CodeIgniter\View\{closure}()
#3 C:\xampp\htdocs\bsystem\system\Common.php(1097): CodeIgniter\View\View->render('common/header', Array, true)
#4 C:\xampp\htdocs\bsystem\app\Controllers\Profile.php(24): view('common/header')
#5 C:\xampp\htdocs\bsystem\system\CodeIgniter.php(824): App\Controllers\Profile->index()
#6 C:\xampp\htdocs\bsystem\system\CodeIgniter.php(410): CodeIgniter\CodeIgniter->runController(Object(App\Controllers\Profile))
#7 C:\xampp\htdocs\bsystem\system\CodeIgniter.php(318): CodeIgniter\CodeIgniter->handleRequest(NULL, Object(Config\Cache), false)
#8 C:\xampp\htdocs\bsystem\public\index.php(37): CodeIgniter\CodeIgniter->run()
#9 {main}
CRITICAL - 2022-01-06 03:36:35 --> Undefined variable $userInfo
#0 C:\xampp\htdocs\bsystem\app\Views\common\header.php(31): CodeIgniter\Debug\Exceptions->errorHandler(2, 'Undefined varia...', 'C:\\xampp\\htdocs...', 31)
#1 C:\xampp\htdocs\bsystem\system\View\View.php(214): include('C:\\xampp\\htdocs...')
#2 C:\xampp\htdocs\bsystem\system\View\View.php(217): CodeIgniter\View\View->CodeIgniter\View\{closure}()
#3 C:\xampp\htdocs\bsystem\system\Common.php(1097): CodeIgniter\View\View->render('common/header', Array, true)
#4 C:\xampp\htdocs\bsystem\app\Controllers\Profile.php(24): view('common/header')
#5 C:\xampp\htdocs\bsystem\system\CodeIgniter.php(824): App\Controllers\Profile->index()
#6 C:\xampp\htdocs\bsystem\system\CodeIgniter.php(410): CodeIgniter\CodeIgniter->runController(Object(App\Controllers\Profile))
#7 C:\xampp\htdocs\bsystem\system\CodeIgniter.php(318): CodeIgniter\CodeIgniter->handleRequest(NULL, Object(Config\Cache), false)
#8 C:\xampp\htdocs\bsystem\public\index.php(37): CodeIgniter\CodeIgniter->run()
#9 {main}
CRITICAL - 2022-01-06 03:37:46 --> Undefined variable $userInfo
#0 C:\xampp\htdocs\bsystem\app\Views\common\header.php(31): CodeIgniter\Debug\Exceptions->errorHandler(2, 'Undefined varia...', 'C:\\xampp\\htdocs...', 31)
#1 C:\xampp\htdocs\bsystem\system\View\View.php(214): include('C:\\xampp\\htdocs...')
#2 C:\xampp\htdocs\bsystem\system\View\View.php(217): CodeIgniter\View\View->CodeIgniter\View\{closure}()
#3 C:\xampp\htdocs\bsystem\system\Common.php(1097): CodeIgniter\View\View->render('common/header', Array, true)
#4 C:\xampp\htdocs\bsystem\app\Controllers\Home.php(9): view('common/header')
#5 C:\xampp\htdocs\bsystem\system\CodeIgniter.php(824): App\Controllers\Home->index()
#6 C:\xampp\htdocs\bsystem\system\CodeIgniter.php(410): CodeIgniter\CodeIgniter->runController(Object(App\Controllers\Home))
#7 C:\xampp\htdocs\bsystem\system\CodeIgniter.php(318): CodeIgniter\CodeIgniter->handleRequest(NULL, Object(Config\Cache), false)
#8 C:\xampp\htdocs\bsystem\public\index.php(37): CodeIgniter\CodeIgniter->run()
#9 {main}
CRITICAL - 2022-01-06 03:54:37 --> Undefined array key "Phone"
#0 C:\xampp\htdocs\bsystem\app\Views\pages\profile.php(23): CodeIgniter\Debug\Exceptions->errorHandler(2, 'Undefined array...', 'C:\\xampp\\htdocs...', 23)
#1 C:\xampp\htdocs\bsystem\system\View\View.php(214): include('C:\\xampp\\htdocs...')
#2 C:\xampp\htdocs\bsystem\system\View\View.php(217): CodeIgniter\View\View->CodeIgniter\View\{closure}()
#3 C:\xampp\htdocs\bsystem\system\Common.php(1097): CodeIgniter\View\View->render('pages/profile', Array, true)
#4 C:\xampp\htdocs\bsystem\app\Controllers\Profile.php(20): view('pages/profile')
#5 C:\xampp\htdocs\bsystem\system\CodeIgniter.php(824): App\Controllers\Profile->index()
#6 C:\xampp\htdocs\bsystem\system\CodeIgniter.php(410): CodeIgniter\CodeIgniter->runController(Object(App\Controllers\Profile))
#7 C:\xampp\htdocs\bsystem\system\CodeIgniter.php(318): CodeIgniter\CodeIgniter->handleRequest(NULL, Object(Config\Cache), false)
#8 C:\xampp\htdocs\bsystem\public\index.php(37): CodeIgniter\CodeIgniter->run()
#9 {main}
CRITICAL - 2022-01-06 19:43:05 --> Undefined variable $rules_arr
#0 C:\xampp\htdocs\bsystem\app\Libraries\Validation_rules.php(89): CodeIgniter\Debug\Exceptions->errorHandler(2, 'Undefined varia...', 'C:\\xampp\\htdocs...', 89)
#1 C:\xampp\htdocs\bsystem\app\Controllers\Auth.php(99): App\Libraries\Validation_rules::getrules(NULL)
#2 C:\xampp\htdocs\bsystem\system\CodeIgniter.php(824): App\Controllers\Auth->check()
#3 C:\xampp\htdocs\bsystem\system\CodeIgniter.php(410): CodeIgniter\CodeIgniter->runController(Object(App\Controllers\Auth))
#4 C:\xampp\htdocs\bsystem\system\CodeIgniter.php(318): CodeIgniter\CodeIgniter->handleRequest(NULL, Object(Config\Cache), false)
#5 C:\xampp\htdocs\bsystem\public\index.php(37): CodeIgniter\CodeIgniter->run()
#6 C:\xampp\htdocs\bsystem\system\Commands\Server\rewrite.php(43): require_once('C:\\xampp\\htdocs...')
#7 {main}
