CRITICAL - 2022-01-03 04:03:05 --> Array to string conversion
#0 C:\xampp\htdocs\bsystem\app\Views\common\header.php(15): CodeIgniter\Debug\Exceptions->errorHandler(2, 'Array to string...', 'C:\\xampp\\htdocs...', 15)
#1 C:\xampp\htdocs\bsystem\system\View\View.php(214): include('C:\\xampp\\htdocs...')
#2 C:\xampp\htdocs\bsystem\system\View\View.php(217): CodeIgniter\View\View->CodeIgniter\View\{closure}()
#3 C:\xampp\htdocs\bsystem\system\Common.php(1097): CodeIgniter\View\View->render('common/header', Array, true)
#4 C:\xampp\htdocs\bsystem\app\Controllers\Home.php(9): view('common/header')
#5 C:\xampp\htdocs\bsystem\system\CodeIgniter.php(824): App\Controllers\Home->index()
#6 C:\xampp\htdocs\bsystem\system\CodeIgniter.php(410): CodeIgniter\CodeIgniter->runController(Object(App\Controllers\Home))
#7 C:\xampp\htdocs\bsystem\system\CodeIgniter.php(318): CodeIgniter\CodeIgniter->handleRequest(NULL, Object(Config\Cache), false)
#8 C:\xampp\htdocs\bsystem\public\index.php(37): CodeIgniter\CodeIgniter->run()
#9 {main}
CRITICAL - 2022-01-03 13:29:31 --> The framework needs the following extension(s) installed and loaded: intl.
#0 C:\xampp\htdocs\bsystem\system\CodeIgniter.php(219): CodeIgniter\Exceptions\FrameworkException::forMissingExtension('intl')
#1 C:\xampp\htdocs\bsystem\system\CodeIgniter.php(177): CodeIgniter\CodeIgniter->resolvePlatformExtensions()
#2 C:\xampp\htdocs\bsystem\system\bootstrap.php(146): CodeIgniter\CodeIgniter->initialize()
#3 C:\xampp\htdocs\bsystem\public\index.php(28): require('C:\\xampp\\htdocs...')
#4 {main}
CRITICAL - 2022-01-03 13:29:32 --> Uncaught ErrorException: strtolower(): Passing null to parameter #1 ($string) of type string is deprecated in C:\xampp\htdocs\bsystem\system\Validation\FormatRules.php:253
Stack trace:
#0 [internal function]: CodeIgniter\Debug\Exceptions->errorHandler(8192, 'strtolower(): P...', 'C:\\xampp\\htdocs...', 253)
#1 C:\xampp\htdocs\bsystem\system\Validation\FormatRules.php(253): strtolower(NULL)
#2 C:\xampp\htdocs\bsystem\system\HTTP\RequestTrait.php(151): CodeIgniter\Validation\FormatRules->valid_ip('::1')
#3 C:\xampp\htdocs\bsystem\app\Views\errors\html\error_exception.php(206): CodeIgniter\HTTP\Request->getIPAddress()
#4 C:\xampp\htdocs\bsystem\system\Debug\Exceptions.php(229): include('C:\\xampp\\htdocs...')
#5 C:\xampp\htdocs\bsystem\system\Debug\Exceptions.php(232): CodeIgniter\Debug\Exceptions->CodeIgniter\Debug\{closure}()
#6 C:\xampp\htdocs\bsystem\system\Debug\Exceptions.php(116): CodeIgniter\Debug\Exceptions->render(Object(CodeIgniter\Exceptions\FrameworkException), 500)
#7 [internal function]: CodeIgniter\Debug\Exceptions->exceptionHandler(Object(CodeIgniter\Exceptions\FrameworkException))
#8 {main}
  thrown
#0 [internal function]: CodeIgniter\Debug\Exceptions->shutdownHandler()
#1 {main}
CRITICAL - 2022-01-03 13:29:36 --> The framework needs the following extension(s) installed and loaded: intl.
#0 C:\xampp\htdocs\bsystem\system\CodeIgniter.php(219): CodeIgniter\Exceptions\FrameworkException::forMissingExtension('intl')
#1 C:\xampp\htdocs\bsystem\system\CodeIgniter.php(177): CodeIgniter\CodeIgniter->resolvePlatformExtensions()
#2 C:\xampp\htdocs\bsystem\system\bootstrap.php(146): CodeIgniter\CodeIgniter->initialize()
#3 C:\xampp\htdocs\bsystem\public\index.php(28): require('C:\\xampp\\htdocs...')
#4 {main}
CRITICAL - 2022-01-03 13:29:36 --> Uncaught ErrorException: strtolower(): Passing null to parameter #1 ($string) of type string is deprecated in C:\xampp\htdocs\bsystem\system\Validation\FormatRules.php:253
Stack trace:
#0 [internal function]: CodeIgniter\Debug\Exceptions->errorHandler(8192, 'strtolower(): P...', 'C:\\xampp\\htdocs...', 253)
#1 C:\xampp\htdocs\bsystem\system\Validation\FormatRules.php(253): strtolower(NULL)
#2 C:\xampp\htdocs\bsystem\system\HTTP\RequestTrait.php(151): CodeIgniter\Validation\FormatRules->valid_ip('::1')
#3 C:\xampp\htdocs\bsystem\app\Views\errors\html\error_exception.php(206): CodeIgniter\HTTP\Request->getIPAddress()
#4 C:\xampp\htdocs\bsystem\system\Debug\Exceptions.php(229): include('C:\\xampp\\htdocs...')
#5 C:\xampp\htdocs\bsystem\system\Debug\Exceptions.php(232): CodeIgniter\Debug\Exceptions->CodeIgniter\Debug\{closure}()
#6 C:\xampp\htdocs\bsystem\system\Debug\Exceptions.php(116): CodeIgniter\Debug\Exceptions->render(Object(CodeIgniter\Exceptions\FrameworkException), 500)
#7 [internal function]: CodeIgniter\Debug\Exceptions->exceptionHandler(Object(CodeIgniter\Exceptions\FrameworkException))
#8 {main}
  thrown
#0 [internal function]: CodeIgniter\Debug\Exceptions->shutdownHandler()
#1 {main}
CRITICAL - 2022-01-03 13:31:00 --> The framework needs the following extension(s) installed and loaded: intl.
#0 C:\xampp\htdocs\bsystem\system\CodeIgniter.php(219): CodeIgniter\Exceptions\FrameworkException::forMissingExtension('intl')
#1 C:\xampp\htdocs\bsystem\system\CodeIgniter.php(177): CodeIgniter\CodeIgniter->resolvePlatformExtensions()
#2 C:\xampp\htdocs\bsystem\system\bootstrap.php(146): CodeIgniter\CodeIgniter->initialize()
#3 C:\xampp\htdocs\bsystem\public\index.php(28): require('C:\\xampp\\htdocs...')
#4 {main}
CRITICAL - 2022-01-03 13:31:00 --> Uncaught ErrorException: strtolower(): Passing null to parameter #1 ($string) of type string is deprecated in C:\xampp\htdocs\bsystem\system\Validation\FormatRules.php:253
Stack trace:
#0 [internal function]: CodeIgniter\Debug\Exceptions->errorHandler(8192, 'strtolower(): P...', 'C:\\xampp\\htdocs...', 253)
#1 C:\xampp\htdocs\bsystem\system\Validation\FormatRules.php(253): strtolower(NULL)
#2 C:\xampp\htdocs\bsystem\system\HTTP\RequestTrait.php(151): CodeIgniter\Validation\FormatRules->valid_ip('::1')
#3 C:\xampp\htdocs\bsystem\app\Views\errors\html\error_exception.php(206): CodeIgniter\HTTP\Request->getIPAddress()
#4 C:\xampp\htdocs\bsystem\system\Debug\Exceptions.php(229): include('C:\\xampp\\htdocs...')
#5 C:\xampp\htdocs\bsystem\system\Debug\Exceptions.php(232): CodeIgniter\Debug\Exceptions->CodeIgniter\Debug\{closure}()
#6 C:\xampp\htdocs\bsystem\system\Debug\Exceptions.php(116): CodeIgniter\Debug\Exceptions->render(Object(CodeIgniter\Exceptions\FrameworkException), 500)
#7 [internal function]: CodeIgniter\Debug\Exceptions->exceptionHandler(Object(CodeIgniter\Exceptions\FrameworkException))
#8 {main}
  thrown
#0 [internal function]: CodeIgniter\Debug\Exceptions->shutdownHandler()
#1 {main}
CRITICAL - 2022-01-03 13:31:03 --> The framework needs the following extension(s) installed and loaded: intl.
#0 C:\xampp\htdocs\bsystem\system\CodeIgniter.php(219): CodeIgniter\Exceptions\FrameworkException::forMissingExtension('intl')
#1 C:\xampp\htdocs\bsystem\system\CodeIgniter.php(177): CodeIgniter\CodeIgniter->resolvePlatformExtensions()
#2 C:\xampp\htdocs\bsystem\system\bootstrap.php(146): CodeIgniter\CodeIgniter->initialize()
#3 C:\xampp\htdocs\bsystem\public\index.php(28): require('C:\\xampp\\htdocs...')
#4 {main}
CRITICAL - 2022-01-03 13:31:03 --> Uncaught ErrorException: strtolower(): Passing null to parameter #1 ($string) of type string is deprecated in C:\xampp\htdocs\bsystem\system\Validation\FormatRules.php:253
Stack trace:
#0 [internal function]: CodeIgniter\Debug\Exceptions->errorHandler(8192, 'strtolower(): P...', 'C:\\xampp\\htdocs...', 253)
#1 C:\xampp\htdocs\bsystem\system\Validation\FormatRules.php(253): strtolower(NULL)
#2 C:\xampp\htdocs\bsystem\system\HTTP\RequestTrait.php(151): CodeIgniter\Validation\FormatRules->valid_ip('::1')
#3 C:\xampp\htdocs\bsystem\app\Views\errors\html\error_exception.php(206): CodeIgniter\HTTP\Request->getIPAddress()
#4 C:\xampp\htdocs\bsystem\system\Debug\Exceptions.php(229): include('C:\\xampp\\htdocs...')
#5 C:\xampp\htdocs\bsystem\system\Debug\Exceptions.php(232): CodeIgniter\Debug\Exceptions->CodeIgniter\Debug\{closure}()
#6 C:\xampp\htdocs\bsystem\system\Debug\Exceptions.php(116): CodeIgniter\Debug\Exceptions->render(Object(CodeIgniter\Exceptions\FrameworkException), 500)
#7 [internal function]: CodeIgniter\Debug\Exceptions->exceptionHandler(Object(CodeIgniter\Exceptions\FrameworkException))
#8 {main}
  thrown
#0 [internal function]: CodeIgniter\Debug\Exceptions->shutdownHandler()
#1 {main}
