CRITICAL - 2022-01-11 01:16:50 --> Invalid file: auth/home.php
#0 C:\vhost\ci1\system\View\View.php(198): CodeIgniter\Exceptions\FrameworkException::forInvalidFile('auth/home.php')
#1 C:\vhost\ci1\system\Common.php(1097): CodeIgniter\View\View->render('auth/home', Array, true)
#2 C:\vhost\ci1\app\Controllers\Auth.php(27): view('auth/home', Array)
#3 C:\vhost\ci1\app\Controllers\Auth.php(62): App\Controllers\Auth->render_view('auth/home')
#4 C:\vhost\ci1\app\Controllers\Auth.php(77): App\Controllers\Auth->validate_entries('login')
#5 C:\vhost\ci1\system\CodeIgniter.php(824): App\Controllers\Auth->login()
#6 C:\vhost\ci1\system\CodeIgniter.php(410): CodeIgniter\CodeIgniter->runController(Object(App\Controllers\Auth))
#7 C:\vhost\ci1\system\CodeIgniter.php(318): CodeIgniter\CodeIgniter->handleRequest(NULL, Object(Config\Cache), false)
#8 C:\vhost\ci1\public\index.php(37): CodeIgniter\CodeIgniter->run()
#9 {main}
CRITICAL - 2022-01-11 01:17:47 --> Invalid file: home.php
#0 C:\vhost\ci1\system\View\View.php(198): CodeIgniter\Exceptions\FrameworkException::forInvalidFile('home.php')
#1 C:\vhost\ci1\system\Common.php(1097): CodeIgniter\View\View->render('home', Array, true)
#2 C:\vhost\ci1\app\Controllers\Auth.php(27): view('home', Array)
#3 C:\vhost\ci1\app\Controllers\Auth.php(62): App\Controllers\Auth->render_view('home')
#4 C:\vhost\ci1\app\Controllers\Auth.php(77): App\Controllers\Auth->validate_entries('login')
#5 C:\vhost\ci1\system\CodeIgniter.php(824): App\Controllers\Auth->login()
#6 C:\vhost\ci1\system\CodeIgniter.php(410): CodeIgniter\CodeIgniter->runController(Object(App\Controllers\Auth))
#7 C:\vhost\ci1\system\CodeIgniter.php(318): CodeIgniter\CodeIgniter->handleRequest(NULL, Object(Config\Cache), false)
#8 C:\vhost\ci1\public\index.php(37): CodeIgniter\CodeIgniter->run()
#9 {main}
