CRITICAL - 2022-01-04 04:54:48 --> min_lenght is not a valid rule.
#0 C:\xampp\htdocs\bsystem\system\Validation\Validation.php(285): CodeIgniter\Validation\Exceptions\ValidationException::forRuleNotFound('min_lenght')
#1 C:\xampp\htdocs\bsystem\system\Validation\Validation.php(151): CodeIgniter\Validation\Validation->processRules('password', 'password', '1111', Array, Array)
#2 C:\xampp\htdocs\bsystem\system\Controller.php(160): CodeIgniter\Validation\Validation->run()
#3 C:\xampp\htdocs\bsystem\app\Controllers\Auth.php(29): CodeIgniter\Controller->validate(Array)
#4 C:\xampp\htdocs\bsystem\system\CodeIgniter.php(824): App\Controllers\Auth->save()
#5 C:\xampp\htdocs\bsystem\system\CodeIgniter.php(410): CodeIgniter\CodeIgniter->runController(Object(App\Controllers\Auth))
#6 C:\xampp\htdocs\bsystem\system\CodeIgniter.php(318): CodeIgniter\CodeIgniter->handleRequest(NULL, Object(Config\Cache), false)
#7 C:\xampp\htdocs\bsystem\public\index.php(37): CodeIgniter\CodeIgniter->run()
#8 {main}
CRITICAL - 2022-01-04 04:54:48 --> Uncaught ErrorException: strtolower(): Passing null to parameter #1 ($string) of type string is deprecated in C:\xampp\htdocs\bsystem\system\Validation\FormatRules.php:253
Stack trace:
#0 [internal function]: CodeIgniter\Debug\Exceptions->errorHandler(8192, 'strtolower(): P...', 'C:\\xampp\\htdocs...', 253)
#1 C:\xampp\htdocs\bsystem\system\Validation\FormatRules.php(253): strtolower(NULL)
#2 C:\xampp\htdocs\bsystem\system\HTTP\RequestTrait.php(151): CodeIgniter\Validation\FormatRules->valid_ip('::1')
#3 C:\xampp\htdocs\bsystem\app\Views\errors\html\error_exception.php(206): CodeIgniter\HTTP\Request->getIPAddress()
#4 C:\xampp\htdocs\bsystem\system\Debug\Exceptions.php(229): include('C:\\xampp\\htdocs...')
#5 C:\xampp\htdocs\bsystem\system\Debug\Exceptions.php(232): CodeIgniter\Debug\Exceptions->CodeIgniter\Debug\{closure}()
#6 C:\xampp\htdocs\bsystem\system\Debug\Exceptions.php(116): CodeIgniter\Debug\Exceptions->render(Object(CodeIgniter\Validation\Exceptions\ValidationException), 500)
#7 [internal function]: CodeIgniter\Debug\Exceptions->exceptionHandler(Object(CodeIgniter\Validation\Exceptions\ValidationException))
#8 {main}
  thrown
#0 [internal function]: CodeIgniter\Debug\Exceptions->shutdownHandler()
#1 {main}
CRITICAL - 2022-01-04 04:56:24 --> min_lenght is not a valid rule.
#0 C:\xampp\htdocs\bsystem\system\Validation\Validation.php(285): CodeIgniter\Validation\Exceptions\ValidationException::forRuleNotFound('min_lenght')
#1 C:\xampp\htdocs\bsystem\system\Validation\Validation.php(151): CodeIgniter\Validation\Validation->processRules('password', 'password', '123456', Array, Array)
#2 C:\xampp\htdocs\bsystem\system\Controller.php(160): CodeIgniter\Validation\Validation->run()
#3 C:\xampp\htdocs\bsystem\app\Controllers\Auth.php(29): CodeIgniter\Controller->validate(Array)
#4 C:\xampp\htdocs\bsystem\system\CodeIgniter.php(824): App\Controllers\Auth->save()
#5 C:\xampp\htdocs\bsystem\system\CodeIgniter.php(410): CodeIgniter\CodeIgniter->runController(Object(App\Controllers\Auth))
#6 C:\xampp\htdocs\bsystem\system\CodeIgniter.php(318): CodeIgniter\CodeIgniter->handleRequest(NULL, Object(Config\Cache), false)
#7 C:\xampp\htdocs\bsystem\public\index.php(37): CodeIgniter\CodeIgniter->run()
#8 {main}
CRITICAL - 2022-01-04 04:56:24 --> Uncaught ErrorException: strtolower(): Passing null to parameter #1 ($string) of type string is deprecated in C:\xampp\htdocs\bsystem\system\Validation\FormatRules.php:253
Stack trace:
#0 [internal function]: CodeIgniter\Debug\Exceptions->errorHandler(8192, 'strtolower(): P...', 'C:\\xampp\\htdocs...', 253)
#1 C:\xampp\htdocs\bsystem\system\Validation\FormatRules.php(253): strtolower(NULL)
#2 C:\xampp\htdocs\bsystem\system\HTTP\RequestTrait.php(151): CodeIgniter\Validation\FormatRules->valid_ip('::1')
#3 C:\xampp\htdocs\bsystem\app\Views\errors\html\error_exception.php(206): CodeIgniter\HTTP\Request->getIPAddress()
#4 C:\xampp\htdocs\bsystem\system\Debug\Exceptions.php(229): include('C:\\xampp\\htdocs...')
#5 C:\xampp\htdocs\bsystem\system\Debug\Exceptions.php(232): CodeIgniter\Debug\Exceptions->CodeIgniter\Debug\{closure}()
#6 C:\xampp\htdocs\bsystem\system\Debug\Exceptions.php(116): CodeIgniter\Debug\Exceptions->render(Object(CodeIgniter\Validation\Exceptions\ValidationException), 500)
#7 [internal function]: CodeIgniter\Debug\Exceptions->exceptionHandler(Object(CodeIgniter\Validation\Exceptions\ValidationException))
#8 {main}
  thrown
#0 [internal function]: CodeIgniter\Debug\Exceptions->shutdownHandler()
#1 {main}
CRITICAL - 2022-01-04 05:02:43 --> min_lenght is not a valid rule.
#0 C:\xampp\htdocs\bsystem\system\Validation\Validation.php(285): CodeIgniter\Validation\Exceptions\ValidationException::forRuleNotFound('min_lenght')
#1 C:\xampp\htdocs\bsystem\system\Validation\Validation.php(151): CodeIgniter\Validation\Validation->processRules('password', 'password', '12345', Array, Array)
#2 C:\xampp\htdocs\bsystem\system\Controller.php(160): CodeIgniter\Validation\Validation->run()
#3 C:\xampp\htdocs\bsystem\app\Controllers\Auth.php(29): CodeIgniter\Controller->validate(Array)
#4 C:\xampp\htdocs\bsystem\system\CodeIgniter.php(824): App\Controllers\Auth->save()
#5 C:\xampp\htdocs\bsystem\system\CodeIgniter.php(410): CodeIgniter\CodeIgniter->runController(Object(App\Controllers\Auth))
#6 C:\xampp\htdocs\bsystem\system\CodeIgniter.php(318): CodeIgniter\CodeIgniter->handleRequest(NULL, Object(Config\Cache), false)
#7 C:\xampp\htdocs\bsystem\public\index.php(37): CodeIgniter\CodeIgniter->run()
#8 {main}
CRITICAL - 2022-01-04 05:02:43 --> Uncaught ErrorException: strtolower(): Passing null to parameter #1 ($string) of type string is deprecated in C:\xampp\htdocs\bsystem\system\Validation\FormatRules.php:253
Stack trace:
#0 [internal function]: CodeIgniter\Debug\Exceptions->errorHandler(8192, 'strtolower(): P...', 'C:\\xampp\\htdocs...', 253)
#1 C:\xampp\htdocs\bsystem\system\Validation\FormatRules.php(253): strtolower(NULL)
#2 C:\xampp\htdocs\bsystem\system\HTTP\RequestTrait.php(151): CodeIgniter\Validation\FormatRules->valid_ip('::1')
#3 C:\xampp\htdocs\bsystem\app\Views\errors\html\error_exception.php(206): CodeIgniter\HTTP\Request->getIPAddress()
#4 C:\xampp\htdocs\bsystem\system\Debug\Exceptions.php(229): include('C:\\xampp\\htdocs...')
#5 C:\xampp\htdocs\bsystem\system\Debug\Exceptions.php(232): CodeIgniter\Debug\Exceptions->CodeIgniter\Debug\{closure}()
#6 C:\xampp\htdocs\bsystem\system\Debug\Exceptions.php(116): CodeIgniter\Debug\Exceptions->render(Object(CodeIgniter\Validation\Exceptions\ValidationException), 500)
#7 [internal function]: CodeIgniter\Debug\Exceptions->exceptionHandler(Object(CodeIgniter\Validation\Exceptions\ValidationException))
#8 {main}
  thrown
#0 [internal function]: CodeIgniter\Debug\Exceptions->shutdownHandler()
#1 {main}
CRITICAL - 2022-01-04 05:13:16 --> min_lenght is not a valid rule.
#0 C:\xampp\htdocs\bsystem\system\Validation\Validation.php(285): CodeIgniter\Validation\Exceptions\ValidationException::forRuleNotFound('min_lenght')
#1 C:\xampp\htdocs\bsystem\system\Validation\Validation.php(151): CodeIgniter\Validation\Validation->processRules('address', 'address', 'test', Array, Array)
#2 C:\xampp\htdocs\bsystem\system\Controller.php(160): CodeIgniter\Validation\Validation->run()
#3 C:\xampp\htdocs\bsystem\app\Controllers\Auth.php(29): CodeIgniter\Controller->validate(Array)
#4 C:\xampp\htdocs\bsystem\system\CodeIgniter.php(824): App\Controllers\Auth->save()
#5 C:\xampp\htdocs\bsystem\system\CodeIgniter.php(410): CodeIgniter\CodeIgniter->runController(Object(App\Controllers\Auth))
#6 C:\xampp\htdocs\bsystem\system\CodeIgniter.php(318): CodeIgniter\CodeIgniter->handleRequest(NULL, Object(Config\Cache), false)
#7 C:\xampp\htdocs\bsystem\public\index.php(37): CodeIgniter\CodeIgniter->run()
#8 {main}
CRITICAL - 2022-01-04 05:13:16 --> Uncaught ErrorException: strtolower(): Passing null to parameter #1 ($string) of type string is deprecated in C:\xampp\htdocs\bsystem\system\Validation\FormatRules.php:253
Stack trace:
#0 [internal function]: CodeIgniter\Debug\Exceptions->errorHandler(8192, 'strtolower(): P...', 'C:\\xampp\\htdocs...', 253)
#1 C:\xampp\htdocs\bsystem\system\Validation\FormatRules.php(253): strtolower(NULL)
#2 C:\xampp\htdocs\bsystem\system\HTTP\RequestTrait.php(151): CodeIgniter\Validation\FormatRules->valid_ip('::1')
#3 C:\xampp\htdocs\bsystem\app\Views\errors\html\error_exception.php(206): CodeIgniter\HTTP\Request->getIPAddress()
#4 C:\xampp\htdocs\bsystem\system\Debug\Exceptions.php(229): include('C:\\xampp\\htdocs...')
#5 C:\xampp\htdocs\bsystem\system\Debug\Exceptions.php(232): CodeIgniter\Debug\Exceptions->CodeIgniter\Debug\{closure}()
#6 C:\xampp\htdocs\bsystem\system\Debug\Exceptions.php(116): CodeIgniter\Debug\Exceptions->render(Object(CodeIgniter\Validation\Exceptions\ValidationException), 500)
#7 [internal function]: CodeIgniter\Debug\Exceptions->exceptionHandler(Object(CodeIgniter\Validation\Exceptions\ValidationException))
#8 {main}
  thrown
#0 [internal function]: CodeIgniter\Debug\Exceptions->shutdownHandler()
#1 {main}
CRITICAL - 2022-01-04 05:40:56 --> min_lenght is not a valid rule.
#0 C:\xampp\htdocs\bsystem\system\Validation\Validation.php(285): CodeIgniter\Validation\Exceptions\ValidationException::forRuleNotFound('min_lenght')
#1 C:\xampp\htdocs\bsystem\system\Validation\Validation.php(151): CodeIgniter\Validation\Validation->processRules('address', 'address', 'aa', Array, Array)
#2 C:\xampp\htdocs\bsystem\system\Controller.php(160): CodeIgniter\Validation\Validation->run()
#3 C:\xampp\htdocs\bsystem\app\Controllers\Auth.php(41): CodeIgniter\Controller->validate(Array)
#4 C:\xampp\htdocs\bsystem\system\CodeIgniter.php(824): App\Controllers\Auth->save()
#5 C:\xampp\htdocs\bsystem\system\CodeIgniter.php(410): CodeIgniter\CodeIgniter->runController(Object(App\Controllers\Auth))
#6 C:\xampp\htdocs\bsystem\system\CodeIgniter.php(318): CodeIgniter\CodeIgniter->handleRequest(NULL, Object(Config\Cache), false)
#7 C:\xampp\htdocs\bsystem\public\index.php(37): CodeIgniter\CodeIgniter->run()
#8 {main}
CRITICAL - 2022-01-04 05:40:56 --> Uncaught ErrorException: strtolower(): Passing null to parameter #1 ($string) of type string is deprecated in C:\xampp\htdocs\bsystem\system\Validation\FormatRules.php:253
Stack trace:
#0 [internal function]: CodeIgniter\Debug\Exceptions->errorHandler(8192, 'strtolower(): P...', 'C:\\xampp\\htdocs...', 253)
#1 C:\xampp\htdocs\bsystem\system\Validation\FormatRules.php(253): strtolower(NULL)
#2 C:\xampp\htdocs\bsystem\system\HTTP\RequestTrait.php(151): CodeIgniter\Validation\FormatRules->valid_ip('::1')
#3 C:\xampp\htdocs\bsystem\app\Views\errors\html\error_exception.php(206): CodeIgniter\HTTP\Request->getIPAddress()
#4 C:\xampp\htdocs\bsystem\system\Debug\Exceptions.php(229): include('C:\\xampp\\htdocs...')
#5 C:\xampp\htdocs\bsystem\system\Debug\Exceptions.php(232): CodeIgniter\Debug\Exceptions->CodeIgniter\Debug\{closure}()
#6 C:\xampp\htdocs\bsystem\system\Debug\Exceptions.php(116): CodeIgniter\Debug\Exceptions->render(Object(CodeIgniter\Validation\Exceptions\ValidationException), 500)
#7 [internal function]: CodeIgniter\Debug\Exceptions->exceptionHandler(Object(CodeIgniter\Validation\Exceptions\ValidationException))
#8 {main}
  thrown
#0 [internal function]: CodeIgniter\Debug\Exceptions->shutdownHandler()
#1 {main}
CRITICAL - 2022-01-04 05:42:23 --> min_lenght is not a valid rule.
#0 C:\xampp\htdocs\bsystem\system\Validation\Validation.php(285): CodeIgniter\Validation\Exceptions\ValidationException::forRuleNotFound('min_lenght')
#1 C:\xampp\htdocs\bsystem\system\Validation\Validation.php(151): CodeIgniter\Validation\Validation->processRules('address', 'address', 'a', Array, Array)
#2 C:\xampp\htdocs\bsystem\system\Controller.php(160): CodeIgniter\Validation\Validation->run()
#3 C:\xampp\htdocs\bsystem\app\Controllers\Auth.php(41): CodeIgniter\Controller->validate(Array)
#4 C:\xampp\htdocs\bsystem\system\CodeIgniter.php(824): App\Controllers\Auth->save()
#5 C:\xampp\htdocs\bsystem\system\CodeIgniter.php(410): CodeIgniter\CodeIgniter->runController(Object(App\Controllers\Auth))
#6 C:\xampp\htdocs\bsystem\system\CodeIgniter.php(318): CodeIgniter\CodeIgniter->handleRequest(NULL, Object(Config\Cache), false)
#7 C:\xampp\htdocs\bsystem\public\index.php(37): CodeIgniter\CodeIgniter->run()
#8 {main}
CRITICAL - 2022-01-04 05:42:23 --> Uncaught ErrorException: strtolower(): Passing null to parameter #1 ($string) of type string is deprecated in C:\xampp\htdocs\bsystem\system\Validation\FormatRules.php:253
Stack trace:
#0 [internal function]: CodeIgniter\Debug\Exceptions->errorHandler(8192, 'strtolower(): P...', 'C:\\xampp\\htdocs...', 253)
#1 C:\xampp\htdocs\bsystem\system\Validation\FormatRules.php(253): strtolower(NULL)
#2 C:\xampp\htdocs\bsystem\system\HTTP\RequestTrait.php(151): CodeIgniter\Validation\FormatRules->valid_ip('::1')
#3 C:\xampp\htdocs\bsystem\app\Views\errors\html\error_exception.php(206): CodeIgniter\HTTP\Request->getIPAddress()
#4 C:\xampp\htdocs\bsystem\system\Debug\Exceptions.php(229): include('C:\\xampp\\htdocs...')
#5 C:\xampp\htdocs\bsystem\system\Debug\Exceptions.php(232): CodeIgniter\Debug\Exceptions->CodeIgniter\Debug\{closure}()
#6 C:\xampp\htdocs\bsystem\system\Debug\Exceptions.php(116): CodeIgniter\Debug\Exceptions->render(Object(CodeIgniter\Validation\Exceptions\ValidationException), 500)
#7 [internal function]: CodeIgniter\Debug\Exceptions->exceptionHandler(Object(CodeIgniter\Validation\Exceptions\ValidationException))
#8 {main}
  thrown
#0 [internal function]: CodeIgniter\Debug\Exceptions->shutdownHandler()
#1 {main}
CRITICAL - 2022-01-04 05:43:01 --> min_lenght is not a valid rule.
#0 C:\xampp\htdocs\bsystem\system\Validation\Validation.php(285): CodeIgniter\Validation\Exceptions\ValidationException::forRuleNotFound('min_lenght')
#1 C:\xampp\htdocs\bsystem\system\Validation\Validation.php(151): CodeIgniter\Validation\Validation->processRules('address', 'address', 'B31 L30 PH2 Gre...', Array, Array)
#2 C:\xampp\htdocs\bsystem\system\Controller.php(160): CodeIgniter\Validation\Validation->run()
#3 C:\xampp\htdocs\bsystem\app\Controllers\Auth.php(41): CodeIgniter\Controller->validate(Array)
#4 C:\xampp\htdocs\bsystem\system\CodeIgniter.php(824): App\Controllers\Auth->save()
#5 C:\xampp\htdocs\bsystem\system\CodeIgniter.php(410): CodeIgniter\CodeIgniter->runController(Object(App\Controllers\Auth))
#6 C:\xampp\htdocs\bsystem\system\CodeIgniter.php(318): CodeIgniter\CodeIgniter->handleRequest(NULL, Object(Config\Cache), false)
#7 C:\xampp\htdocs\bsystem\public\index.php(37): CodeIgniter\CodeIgniter->run()
#8 {main}
CRITICAL - 2022-01-04 05:43:01 --> Uncaught ErrorException: strtolower(): Passing null to parameter #1 ($string) of type string is deprecated in C:\xampp\htdocs\bsystem\system\Validation\FormatRules.php:253
Stack trace:
#0 [internal function]: CodeIgniter\Debug\Exceptions->errorHandler(8192, 'strtolower(): P...', 'C:\\xampp\\htdocs...', 253)
#1 C:\xampp\htdocs\bsystem\system\Validation\FormatRules.php(253): strtolower(NULL)
#2 C:\xampp\htdocs\bsystem\system\HTTP\RequestTrait.php(151): CodeIgniter\Validation\FormatRules->valid_ip('::1')
#3 C:\xampp\htdocs\bsystem\app\Views\errors\html\error_exception.php(206): CodeIgniter\HTTP\Request->getIPAddress()
#4 C:\xampp\htdocs\bsystem\system\Debug\Exceptions.php(229): include('C:\\xampp\\htdocs...')
#5 C:\xampp\htdocs\bsystem\system\Debug\Exceptions.php(232): CodeIgniter\Debug\Exceptions->CodeIgniter\Debug\{closure}()
#6 C:\xampp\htdocs\bsystem\system\Debug\Exceptions.php(116): CodeIgniter\Debug\Exceptions->render(Object(CodeIgniter\Validation\Exceptions\ValidationException), 500)
#7 [internal function]: CodeIgniter\Debug\Exceptions->exceptionHandler(Object(CodeIgniter\Validation\Exceptions\ValidationException))
#8 {main}
  thrown
#0 [internal function]: CodeIgniter\Debug\Exceptions->shutdownHandler()
#1 {main}
CRITICAL - 2022-01-04 07:38:17 --> min_lenght is not a valid rule.
#0 C:\xampp\htdocs\bsystem\system\Validation\Validation.php(285): CodeIgniter\Validation\Exceptions\ValidationException::forRuleNotFound('min_lenght')
#1 C:\xampp\htdocs\bsystem\system\Validation\Validation.php(151): CodeIgniter\Validation\Validation->processRules('password', 'password', '12345', Array, Array)
#2 C:\xampp\htdocs\bsystem\system\Controller.php(160): CodeIgniter\Validation\Validation->run()
#3 C:\xampp\htdocs\bsystem\app\Controllers\Auth.php(41): CodeIgniter\Controller->validate(Array)
#4 C:\xampp\htdocs\bsystem\system\CodeIgniter.php(824): App\Controllers\Auth->save()
#5 C:\xampp\htdocs\bsystem\system\CodeIgniter.php(410): CodeIgniter\CodeIgniter->runController(Object(App\Controllers\Auth))
#6 C:\xampp\htdocs\bsystem\system\CodeIgniter.php(318): CodeIgniter\CodeIgniter->handleRequest(NULL, Object(Config\Cache), false)
#7 C:\xampp\htdocs\bsystem\public\index.php(37): CodeIgniter\CodeIgniter->run()
#8 {main}
CRITICAL - 2022-01-04 07:38:17 --> Uncaught ErrorException: strtolower(): Passing null to parameter #1 ($string) of type string is deprecated in C:\xampp\htdocs\bsystem\system\Validation\FormatRules.php:253
Stack trace:
#0 [internal function]: CodeIgniter\Debug\Exceptions->errorHandler(8192, 'strtolower(): P...', 'C:\\xampp\\htdocs...', 253)
#1 C:\xampp\htdocs\bsystem\system\Validation\FormatRules.php(253): strtolower(NULL)
#2 C:\xampp\htdocs\bsystem\system\HTTP\RequestTrait.php(151): CodeIgniter\Validation\FormatRules->valid_ip('::1')
#3 C:\xampp\htdocs\bsystem\app\Views\errors\html\error_exception.php(206): CodeIgniter\HTTP\Request->getIPAddress()
#4 C:\xampp\htdocs\bsystem\system\Debug\Exceptions.php(229): include('C:\\xampp\\htdocs...')
#5 C:\xampp\htdocs\bsystem\system\Debug\Exceptions.php(232): CodeIgniter\Debug\Exceptions->CodeIgniter\Debug\{closure}()
#6 C:\xampp\htdocs\bsystem\system\Debug\Exceptions.php(116): CodeIgniter\Debug\Exceptions->render(Object(CodeIgniter\Validation\Exceptions\ValidationException), 500)
#7 [internal function]: CodeIgniter\Debug\Exceptions->exceptionHandler(Object(CodeIgniter\Validation\Exceptions\ValidationException))
#8 {main}
  thrown
#0 [internal function]: CodeIgniter\Debug\Exceptions->shutdownHandler()
#1 {main}
CRITICAL - 2022-01-04 07:52:55 --> syntax error, unexpected token "="
#0 C:\xampp\htdocs\bsystem\system\Autoloader\Autoloader.php(241): CodeIgniter\Autoloader\Autoloader->includeFile('C:\\xampp\\htdocs...')
#1 C:\xampp\htdocs\bsystem\system\Autoloader\Autoloader.php(219): CodeIgniter\Autoloader\Autoloader->loadInNamespace('CodeIgniter\\Val...')
#2 C:\xampp\htdocs\bsystem\system\Validation\Validation.php(499): CodeIgniter\Autoloader\Autoloader->loadClass('CodeIgniter\\Val...')
#3 C:\xampp\htdocs\bsystem\system\Validation\Validation.php(115): CodeIgniter\Validation\Validation->loadRuleSets()
#4 C:\xampp\htdocs\bsystem\system\Controller.php(160): CodeIgniter\Validation\Validation->run()
#5 C:\xampp\htdocs\bsystem\app\Controllers\Auth.php(41): CodeIgniter\Controller->validate(Array)
#6 C:\xampp\htdocs\bsystem\system\CodeIgniter.php(824): App\Controllers\Auth->save()
#7 C:\xampp\htdocs\bsystem\system\CodeIgniter.php(410): CodeIgniter\CodeIgniter->runController(Object(App\Controllers\Auth))
#8 C:\xampp\htdocs\bsystem\system\CodeIgniter.php(318): CodeIgniter\CodeIgniter->handleRequest(NULL, Object(Config\Cache), false)
#9 C:\xampp\htdocs\bsystem\public\index.php(37): CodeIgniter\CodeIgniter->run()
#10 {main}
CRITICAL - 2022-01-04 07:52:55 --> Uncaught Error: Class "CodeIgniter\Validation\FormatRules" not found in C:\xampp\htdocs\bsystem\system\HTTP\RequestTrait.php:55
Stack trace:
#0 C:\xampp\htdocs\bsystem\app\Views\errors\html\error_exception.php(206): CodeIgniter\HTTP\Request->getIPAddress()
#1 C:\xampp\htdocs\bsystem\system\Debug\Exceptions.php(229): include('C:\\xampp\\htdocs...')
#2 C:\xampp\htdocs\bsystem\system\Debug\Exceptions.php(232): CodeIgniter\Debug\Exceptions->CodeIgniter\Debug\{closure}()
#3 C:\xampp\htdocs\bsystem\system\Debug\Exceptions.php(116): CodeIgniter\Debug\Exceptions->render(Object(ParseError), 500)
#4 [internal function]: CodeIgniter\Debug\Exceptions->exceptionHandler(Object(ParseError))
#5 {main}
  thrown
#0 [internal function]: CodeIgniter\Debug\Exceptions->shutdownHandler()
#1 {main}
CRITICAL - 2022-01-04 08:06:16 --> syntax error, unexpected token "="
#0 C:\xampp\htdocs\bsystem\system\Autoloader\Autoloader.php(241): CodeIgniter\Autoloader\Autoloader->includeFile('C:\\xampp\\htdocs...')
#1 C:\xampp\htdocs\bsystem\system\Autoloader\Autoloader.php(219): CodeIgniter\Autoloader\Autoloader->loadInNamespace('CodeIgniter\\Val...')
#2 C:\xampp\htdocs\bsystem\system\Validation\Validation.php(499): CodeIgniter\Autoloader\Autoloader->loadClass('CodeIgniter\\Val...')
#3 C:\xampp\htdocs\bsystem\system\Validation\Validation.php(115): CodeIgniter\Validation\Validation->loadRuleSets()
#4 C:\xampp\htdocs\bsystem\system\Controller.php(160): CodeIgniter\Validation\Validation->run()
#5 C:\xampp\htdocs\bsystem\app\Controllers\Auth.php(41): CodeIgniter\Controller->validate(Array)
#6 C:\xampp\htdocs\bsystem\system\CodeIgniter.php(824): App\Controllers\Auth->save()
#7 C:\xampp\htdocs\bsystem\system\CodeIgniter.php(410): CodeIgniter\CodeIgniter->runController(Object(App\Controllers\Auth))
#8 C:\xampp\htdocs\bsystem\system\CodeIgniter.php(318): CodeIgniter\CodeIgniter->handleRequest(NULL, Object(Config\Cache), false)
#9 C:\xampp\htdocs\bsystem\public\index.php(37): CodeIgniter\CodeIgniter->run()
#10 {main}
CRITICAL - 2022-01-04 08:06:16 --> Uncaught Error: Class "CodeIgniter\Validation\FormatRules" not found in C:\xampp\htdocs\bsystem\system\HTTP\RequestTrait.php:55
Stack trace:
#0 C:\xampp\htdocs\bsystem\app\Views\errors\html\error_exception.php(206): CodeIgniter\HTTP\Request->getIPAddress()
#1 C:\xampp\htdocs\bsystem\system\Debug\Exceptions.php(229): include('C:\\xampp\\htdocs...')
#2 C:\xampp\htdocs\bsystem\system\Debug\Exceptions.php(232): CodeIgniter\Debug\Exceptions->CodeIgniter\Debug\{closure}()
#3 C:\xampp\htdocs\bsystem\system\Debug\Exceptions.php(116): CodeIgniter\Debug\Exceptions->render(Object(ParseError), 500)
#4 [internal function]: CodeIgniter\Debug\Exceptions->exceptionHandler(Object(ParseError))
#5 {main}
  thrown
#0 [internal function]: CodeIgniter\Debug\Exceptions->shutdownHandler()
#1 {main}
CRITICAL - 2022-01-04 08:08:18 --> min_lenght is not a valid rule.
#0 C:\xampp\htdocs\bsystem\system\Validation\Validation.php(285): CodeIgniter\Validation\Exceptions\ValidationException::forRuleNotFound('min_lenght')
#1 C:\xampp\htdocs\bsystem\system\Validation\Validation.php(151): CodeIgniter\Validation\Validation->processRules('address', 'address', 'B31 L30 PH2 Gre...', Array, Array)
#2 C:\xampp\htdocs\bsystem\system\Controller.php(160): CodeIgniter\Validation\Validation->run()
#3 C:\xampp\htdocs\bsystem\app\Controllers\Auth.php(41): CodeIgniter\Controller->validate(Array)
#4 C:\xampp\htdocs\bsystem\system\CodeIgniter.php(824): App\Controllers\Auth->save()
#5 C:\xampp\htdocs\bsystem\system\CodeIgniter.php(410): CodeIgniter\CodeIgniter->runController(Object(App\Controllers\Auth))
#6 C:\xampp\htdocs\bsystem\system\CodeIgniter.php(318): CodeIgniter\CodeIgniter->handleRequest(NULL, Object(Config\Cache), false)
#7 C:\xampp\htdocs\bsystem\public\index.php(37): CodeIgniter\CodeIgniter->run()
#8 {main}
CRITICAL - 2022-01-04 08:08:18 --> Uncaught ErrorException: strtolower(): Passing null to parameter #1 ($string) of type string is deprecated in C:\xampp\htdocs\bsystem\system\Validation\FormatRules.php:255
Stack trace:
#0 [internal function]: CodeIgniter\Debug\Exceptions->errorHandler(8192, 'strtolower(): P...', 'C:\\xampp\\htdocs...', 255)
#1 C:\xampp\htdocs\bsystem\system\Validation\FormatRules.php(255): strtolower(NULL)
#2 C:\xampp\htdocs\bsystem\system\HTTP\RequestTrait.php(151): CodeIgniter\Validation\FormatRules->valid_ip('::1')
#3 C:\xampp\htdocs\bsystem\app\Views\errors\html\error_exception.php(206): CodeIgniter\HTTP\Request->getIPAddress()
#4 C:\xampp\htdocs\bsystem\system\Debug\Exceptions.php(229): include('C:\\xampp\\htdocs...')
#5 C:\xampp\htdocs\bsystem\system\Debug\Exceptions.php(232): CodeIgniter\Debug\Exceptions->CodeIgniter\Debug\{closure}()
#6 C:\xampp\htdocs\bsystem\system\Debug\Exceptions.php(116): CodeIgniter\Debug\Exceptions->render(Object(CodeIgniter\Validation\Exceptions\ValidationException), 500)
#7 [internal function]: CodeIgniter\Debug\Exceptions->exceptionHandler(Object(CodeIgniter\Validation\Exceptions\ValidationException))
#8 {main}
  thrown
#0 [internal function]: CodeIgniter\Debug\Exceptions->shutdownHandler()
#1 {main}
CRITICAL - 2022-01-04 08:10:19 --> min_lenght is not a valid rule.
#0 C:\xampp\htdocs\bsystem\system\Validation\Validation.php(285): CodeIgniter\Validation\Exceptions\ValidationException::forRuleNotFound('min_lenght')
#1 C:\xampp\htdocs\bsystem\system\Validation\Validation.php(151): CodeIgniter\Validation\Validation->processRules('address', 'address', 'B31 L30 PH2 Gre...', Array, Array)
#2 C:\xampp\htdocs\bsystem\system\Controller.php(160): CodeIgniter\Validation\Validation->run()
#3 C:\xampp\htdocs\bsystem\app\Controllers\Auth.php(41): CodeIgniter\Controller->validate(Array)
#4 C:\xampp\htdocs\bsystem\system\CodeIgniter.php(824): App\Controllers\Auth->save()
#5 C:\xampp\htdocs\bsystem\system\CodeIgniter.php(410): CodeIgniter\CodeIgniter->runController(Object(App\Controllers\Auth))
#6 C:\xampp\htdocs\bsystem\system\CodeIgniter.php(318): CodeIgniter\CodeIgniter->handleRequest(NULL, Object(Config\Cache), false)
#7 C:\xampp\htdocs\bsystem\public\index.php(41): CodeIgniter\CodeIgniter->run()
#8 {main}
CRITICAL - 2022-01-04 08:10:19 --> Uncaught ErrorException: strtolower(): Passing null to parameter #1 ($string) of type string is deprecated in C:\xampp\htdocs\bsystem\system\Validation\FormatRules.php:253
Stack trace:
#0 [internal function]: CodeIgniter\Debug\Exceptions->errorHandler(8192, 'strtolower(): P...', 'C:\\xampp\\htdocs...', 253)
#1 C:\xampp\htdocs\bsystem\system\Validation\FormatRules.php(253): strtolower(NULL)
#2 C:\xampp\htdocs\bsystem\system\HTTP\RequestTrait.php(151): CodeIgniter\Validation\FormatRules->valid_ip('::1')
#3 C:\xampp\htdocs\bsystem\app\Views\errors\html\error_exception.php(206): CodeIgniter\HTTP\Request->getIPAddress()
#4 C:\xampp\htdocs\bsystem\system\Debug\Exceptions.php(229): include('C:\\xampp\\htdocs...')
#5 C:\xampp\htdocs\bsystem\system\Debug\Exceptions.php(232): CodeIgniter\Debug\Exceptions->CodeIgniter\Debug\{closure}()
#6 C:\xampp\htdocs\bsystem\system\Debug\Exceptions.php(116): CodeIgniter\Debug\Exceptions->render(Object(CodeIgniter\Validation\Exceptions\ValidationException), 500)
#7 [internal function]: CodeIgniter\Debug\Exceptions->exceptionHandler(Object(CodeIgniter\Validation\Exceptions\ValidationException))
#8 {main}
  thrown
#0 [internal function]: CodeIgniter\Debug\Exceptions->shutdownHandler()
#1 {main}
CRITICAL - 2022-01-04 08:11:12 --> min_lenght is not a valid rule.
#0 C:\xampp\htdocs\bsystem\system\Validation\Validation.php(285): CodeIgniter\Validation\Exceptions\ValidationException::forRuleNotFound('min_lenght')
#1 C:\xampp\htdocs\bsystem\system\Validation\Validation.php(151): CodeIgniter\Validation\Validation->processRules('password', 'password', '11111', Array, Array)
#2 C:\xampp\htdocs\bsystem\system\Controller.php(160): CodeIgniter\Validation\Validation->run()
#3 C:\xampp\htdocs\bsystem\app\Controllers\Auth.php(41): CodeIgniter\Controller->validate(Array)
#4 C:\xampp\htdocs\bsystem\system\CodeIgniter.php(824): App\Controllers\Auth->save()
#5 C:\xampp\htdocs\bsystem\system\CodeIgniter.php(410): CodeIgniter\CodeIgniter->runController(Object(App\Controllers\Auth))
#6 C:\xampp\htdocs\bsystem\system\CodeIgniter.php(318): CodeIgniter\CodeIgniter->handleRequest(NULL, Object(Config\Cache), false)
#7 C:\xampp\htdocs\bsystem\public\index.php(37): CodeIgniter\CodeIgniter->run()
#8 {main}
CRITICAL - 2022-01-04 08:11:12 --> Uncaught TypeError: strtolower(): Argument #1 ($string) must be of type string, null given in C:\xampp\htdocs\bsystem\system\Validation\FormatRules.php:256
Stack trace:
#0 C:\xampp\htdocs\bsystem\system\Validation\FormatRules.php(256): strtolower(NULL)
#1 C:\xampp\htdocs\bsystem\system\HTTP\RequestTrait.php(151): CodeIgniter\Validation\FormatRules->valid_ip('::1')
#2 C:\xampp\htdocs\bsystem\app\Views\errors\html\error_exception.php(206): CodeIgniter\HTTP\Request->getIPAddress()
#3 C:\xampp\htdocs\bsystem\system\Debug\Exceptions.php(229): include('C:\\xampp\\htdocs...')
#4 C:\xampp\htdocs\bsystem\system\Debug\Exceptions.php(232): CodeIgniter\Debug\Exceptions->CodeIgniter\Debug\{closure}()
#5 C:\xampp\htdocs\bsystem\system\Debug\Exceptions.php(116): CodeIgniter\Debug\Exceptions->render(Object(CodeIgniter\Validation\Exceptions\ValidationException), 500)
#6 [internal function]: CodeIgniter\Debug\Exceptions->exceptionHandler(Object(CodeIgniter\Validation\Exceptions\ValidationException))
#7 {main}
  thrown
#0 [internal function]: CodeIgniter\Debug\Exceptions->shutdownHandler()
#1 {main}
CRITICAL - 2022-01-04 08:13:39 --> min_lenght is not a valid rule.
#0 C:\xampp\htdocs\bsystem\system\Validation\Validation.php(285): CodeIgniter\Validation\Exceptions\ValidationException::forRuleNotFound('min_lenght')
#1 C:\xampp\htdocs\bsystem\system\Validation\Validation.php(151): CodeIgniter\Validation\Validation->processRules('password', 'password', '12345', Array, Array)
#2 C:\xampp\htdocs\bsystem\system\Controller.php(160): CodeIgniter\Validation\Validation->run()
#3 C:\xampp\htdocs\bsystem\app\Controllers\Auth.php(41): CodeIgniter\Controller->validate(Array)
#4 C:\xampp\htdocs\bsystem\system\CodeIgniter.php(824): App\Controllers\Auth->save()
#5 C:\xampp\htdocs\bsystem\system\CodeIgniter.php(410): CodeIgniter\CodeIgniter->runController(Object(App\Controllers\Auth))
#6 C:\xampp\htdocs\bsystem\system\CodeIgniter.php(318): CodeIgniter\CodeIgniter->handleRequest(NULL, Object(Config\Cache), false)
#7 C:\xampp\htdocs\bsystem\public\index.php(37): CodeIgniter\CodeIgniter->run()
#8 {main}
CRITICAL - 2022-01-04 08:13:39 --> Uncaught TypeError: filter_var(): Argument #3 ($options) must be of type array|int, null given in C:\xampp\htdocs\bsystem\system\Validation\FormatRules.php:271
Stack trace:
#0 C:\xampp\htdocs\bsystem\system\Validation\FormatRules.php(271): filter_var('::1', 275, NULL)
#1 C:\xampp\htdocs\bsystem\system\HTTP\RequestTrait.php(151): CodeIgniter\Validation\FormatRules->valid_ip('::1')
#2 C:\xampp\htdocs\bsystem\app\Views\errors\html\error_exception.php(206): CodeIgniter\HTTP\Request->getIPAddress()
#3 C:\xampp\htdocs\bsystem\system\Debug\Exceptions.php(229): include('C:\\xampp\\htdocs...')
#4 C:\xampp\htdocs\bsystem\system\Debug\Exceptions.php(232): CodeIgniter\Debug\Exceptions->CodeIgniter\Debug\{closure}()
#5 C:\xampp\htdocs\bsystem\system\Debug\Exceptions.php(116): CodeIgniter\Debug\Exceptions->render(Object(CodeIgniter\Validation\Exceptions\ValidationException), 500)
#6 [internal function]: CodeIgniter\Debug\Exceptions->exceptionHandler(Object(CodeIgniter\Validation\Exceptions\ValidationException))
#7 {main}
  thrown
#0 [internal function]: CodeIgniter\Debug\Exceptions->shutdownHandler()
#1 {main}
CRITICAL - 2022-01-04 08:14:49 --> min_lenght is not a valid rule.
#0 C:\xampp\htdocs\bsystem\system\Validation\Validation.php(285): CodeIgniter\Validation\Exceptions\ValidationException::forRuleNotFound('min_lenght')
#1 C:\xampp\htdocs\bsystem\system\Validation\Validation.php(151): CodeIgniter\Validation\Validation->processRules('password', 'password', '111', Array, Array)
#2 C:\xampp\htdocs\bsystem\system\Controller.php(160): CodeIgniter\Validation\Validation->run()
#3 C:\xampp\htdocs\bsystem\app\Controllers\Auth.php(41): CodeIgniter\Controller->validate(Array)
#4 C:\xampp\htdocs\bsystem\system\CodeIgniter.php(824): App\Controllers\Auth->save()
#5 C:\xampp\htdocs\bsystem\system\CodeIgniter.php(410): CodeIgniter\CodeIgniter->runController(Object(App\Controllers\Auth))
#6 C:\xampp\htdocs\bsystem\system\CodeIgniter.php(318): CodeIgniter\CodeIgniter->handleRequest(NULL, Object(Config\Cache), false)
#7 C:\xampp\htdocs\bsystem\public\index.php(37): CodeIgniter\CodeIgniter->run()
#8 {main}
CRITICAL - 2022-01-04 08:15:54 --> min_lenght is not a valid rule.
#0 C:\xampp\htdocs\bsystem\system\Validation\Validation.php(285): CodeIgniter\Validation\Exceptions\ValidationException::forRuleNotFound('min_lenght')
#1 C:\xampp\htdocs\bsystem\system\Validation\Validation.php(151): CodeIgniter\Validation\Validation->processRules('password', 'password', '111', Array, Array)
#2 C:\xampp\htdocs\bsystem\system\Controller.php(160): CodeIgniter\Validation\Validation->run()
#3 C:\xampp\htdocs\bsystem\app\Controllers\Auth.php(41): CodeIgniter\Controller->validate(Array)
#4 C:\xampp\htdocs\bsystem\system\CodeIgniter.php(824): App\Controllers\Auth->save()
#5 C:\xampp\htdocs\bsystem\system\CodeIgniter.php(410): CodeIgniter\CodeIgniter->runController(Object(App\Controllers\Auth))
#6 C:\xampp\htdocs\bsystem\system\CodeIgniter.php(318): CodeIgniter\CodeIgniter->handleRequest(NULL, Object(Config\Cache), false)
#7 C:\xampp\htdocs\bsystem\public\index.php(37): CodeIgniter\CodeIgniter->run()
#8 {main}
CRITICAL - 2022-01-04 08:15:54 --> Uncaught TypeError: strtolower(): Argument #1 ($string) must be of type string, null given in C:\xampp\htdocs\bsystem\system\Validation\FormatRules.php:260
Stack trace:
#0 C:\xampp\htdocs\bsystem\system\Validation\FormatRules.php(260): strtolower(NULL)
#1 C:\xampp\htdocs\bsystem\system\HTTP\RequestTrait.php(151): CodeIgniter\Validation\FormatRules->valid_ip('::1')
#2 C:\xampp\htdocs\bsystem\app\Views\errors\html\error_exception.php(206): CodeIgniter\HTTP\Request->getIPAddress()
#3 C:\xampp\htdocs\bsystem\system\Debug\Exceptions.php(229): include('C:\\xampp\\htdocs...')
#4 C:\xampp\htdocs\bsystem\system\Debug\Exceptions.php(232): CodeIgniter\Debug\Exceptions->CodeIgniter\Debug\{closure}()
#5 C:\xampp\htdocs\bsystem\system\Debug\Exceptions.php(116): CodeIgniter\Debug\Exceptions->render(Object(CodeIgniter\Validation\Exceptions\ValidationException), 500)
#6 [internal function]: CodeIgniter\Debug\Exceptions->exceptionHandler(Object(CodeIgniter\Validation\Exceptions\ValidationException))
#7 {main}
  thrown
#0 [internal function]: CodeIgniter\Debug\Exceptions->shutdownHandler()
#1 {main}
CRITICAL - 2022-01-04 08:16:38 --> min_lenght is not a valid rule.
#0 C:\xampp\htdocs\bsystem\system\Validation\Validation.php(285): CodeIgniter\Validation\Exceptions\ValidationException::forRuleNotFound('min_lenght')
#1 C:\xampp\htdocs\bsystem\system\Validation\Validation.php(151): CodeIgniter\Validation\Validation->processRules('password', 'password', 'tee', Array, Array)
#2 C:\xampp\htdocs\bsystem\system\Controller.php(160): CodeIgniter\Validation\Validation->run()
#3 C:\xampp\htdocs\bsystem\app\Controllers\Auth.php(41): CodeIgniter\Controller->validate(Array)
#4 C:\xampp\htdocs\bsystem\system\CodeIgniter.php(824): App\Controllers\Auth->save()
#5 C:\xampp\htdocs\bsystem\system\CodeIgniter.php(410): CodeIgniter\CodeIgniter->runController(Object(App\Controllers\Auth))
#6 C:\xampp\htdocs\bsystem\system\CodeIgniter.php(318): CodeIgniter\CodeIgniter->handleRequest(NULL, Object(Config\Cache), false)
#7 C:\xampp\htdocs\bsystem\public\index.php(37): CodeIgniter\CodeIgniter->run()
#8 {main}
CRITICAL - 2022-01-04 08:16:38 --> Uncaught TypeError: strtolower(): Argument #1 ($string) must be of type string, null given in C:\xampp\htdocs\bsystem\system\Validation\FormatRules.php:260
Stack trace:
#0 C:\xampp\htdocs\bsystem\system\Validation\FormatRules.php(260): strtolower(NULL)
#1 C:\xampp\htdocs\bsystem\system\HTTP\RequestTrait.php(151): CodeIgniter\Validation\FormatRules->valid_ip('::1')
#2 C:\xampp\htdocs\bsystem\app\Views\errors\html\error_exception.php(206): CodeIgniter\HTTP\Request->getIPAddress()
#3 C:\xampp\htdocs\bsystem\system\Debug\Exceptions.php(229): include('C:\\xampp\\htdocs...')
#4 C:\xampp\htdocs\bsystem\system\Debug\Exceptions.php(232): CodeIgniter\Debug\Exceptions->CodeIgniter\Debug\{closure}()
#5 C:\xampp\htdocs\bsystem\system\Debug\Exceptions.php(116): CodeIgniter\Debug\Exceptions->render(Object(CodeIgniter\Validation\Exceptions\ValidationException), 500)
#6 [internal function]: CodeIgniter\Debug\Exceptions->exceptionHandler(Object(CodeIgniter\Validation\Exceptions\ValidationException))
#7 {main}
  thrown
#0 [internal function]: CodeIgniter\Debug\Exceptions->shutdownHandler()
#1 {main}
CRITICAL - 2022-01-04 08:23:41 --> min_lenght is not a valid rule.
#0 C:\xampp\htdocs\bsystem\system\Validation\Validation.php(285): CodeIgniter\Validation\Exceptions\ValidationException::forRuleNotFound('min_lenght')
#1 C:\xampp\htdocs\bsystem\system\Validation\Validation.php(151): CodeIgniter\Validation\Validation->processRules('address', 'address', 'B31 L30 PH2 Gre...', Array, Array)
#2 C:\xampp\htdocs\bsystem\system\Controller.php(160): CodeIgniter\Validation\Validation->run()
#3 C:\xampp\htdocs\bsystem\app\Controllers\Auth.php(41): CodeIgniter\Controller->validate(Array)
#4 C:\xampp\htdocs\bsystem\system\CodeIgniter.php(824): App\Controllers\Auth->save()
#5 C:\xampp\htdocs\bsystem\system\CodeIgniter.php(410): CodeIgniter\CodeIgniter->runController(Object(App\Controllers\Auth))
#6 C:\xampp\htdocs\bsystem\system\CodeIgniter.php(318): CodeIgniter\CodeIgniter->handleRequest(NULL, Object(Config\Cache), false)
#7 C:\xampp\htdocs\bsystem\public\index.php(37): CodeIgniter\CodeIgniter->run()
#8 {main}
CRITICAL - 2022-01-04 08:25:09 --> min_lenght is not a valid rule.
#0 C:\xampp\htdocs\bsystem\system\Validation\Validation.php(285): CodeIgniter\Validation\Exceptions\ValidationException::forRuleNotFound('min_lenght')
#1 C:\xampp\htdocs\bsystem\system\Validation\Validation.php(151): CodeIgniter\Validation\Validation->processRules('password', 'password', '12345', Array, Array)
#2 C:\xampp\htdocs\bsystem\system\Controller.php(160): CodeIgniter\Validation\Validation->run()
#3 C:\xampp\htdocs\bsystem\app\Controllers\Auth.php(41): CodeIgniter\Controller->validate(Array)
#4 C:\xampp\htdocs\bsystem\system\CodeIgniter.php(824): App\Controllers\Auth->save()
#5 C:\xampp\htdocs\bsystem\system\CodeIgniter.php(410): CodeIgniter\CodeIgniter->runController(Object(App\Controllers\Auth))
#6 C:\xampp\htdocs\bsystem\system\CodeIgniter.php(318): CodeIgniter\CodeIgniter->handleRequest(NULL, Object(Config\Cache), false)
#7 C:\xampp\htdocs\bsystem\public\index.php(37): CodeIgniter\CodeIgniter->run()
#8 {main}
CRITICAL - 2022-01-04 08:26:44 --> min_lenght is not a valid rule.
#0 C:\xampp\htdocs\bsystem\system\Validation\Validation.php(285): CodeIgniter\Validation\Exceptions\ValidationException::forRuleNotFound('min_lenght')
#1 C:\xampp\htdocs\bsystem\system\Validation\Validation.php(151): CodeIgniter\Validation\Validation->processRules('password', 'password', '1111', Array, Array)
#2 C:\xampp\htdocs\bsystem\system\Controller.php(160): CodeIgniter\Validation\Validation->run()
#3 C:\xampp\htdocs\bsystem\app\Controllers\Auth.php(32): CodeIgniter\Controller->validate(Array)
#4 C:\xampp\htdocs\bsystem\system\CodeIgniter.php(824): App\Controllers\Auth->save()
#5 C:\xampp\htdocs\bsystem\system\CodeIgniter.php(410): CodeIgniter\CodeIgniter->runController(Object(App\Controllers\Auth))
#6 C:\xampp\htdocs\bsystem\system\CodeIgniter.php(318): CodeIgniter\CodeIgniter->handleRequest(NULL, Object(Config\Cache), false)
#7 C:\xampp\htdocs\bsystem\public\index.php(37): CodeIgniter\CodeIgniter->run()
#8 {main}
CRITICAL - 2022-01-04 08:27:51 --> min_lenght is not a valid rule.
#0 C:\xampp\htdocs\bsystem\system\Validation\Validation.php(285): CodeIgniter\Validation\Exceptions\ValidationException::forRuleNotFound('min_lenght')
#1 C:\xampp\htdocs\bsystem\system\Validation\Validation.php(151): CodeIgniter\Validation\Validation->processRules('password', 'password', '1111', Array, Array)
#2 C:\xampp\htdocs\bsystem\system\Controller.php(160): CodeIgniter\Validation\Validation->run()
#3 C:\xampp\htdocs\bsystem\app\Controllers\Auth.php(32): CodeIgniter\Controller->validate(Array)
#4 C:\xampp\htdocs\bsystem\system\CodeIgniter.php(824): App\Controllers\Auth->save()
#5 C:\xampp\htdocs\bsystem\system\CodeIgniter.php(410): CodeIgniter\CodeIgniter->runController(Object(App\Controllers\Auth))
#6 C:\xampp\htdocs\bsystem\system\CodeIgniter.php(318): CodeIgniter\CodeIgniter->handleRequest(NULL, Object(Config\Cache), false)
#7 C:\xampp\htdocs\bsystem\public\index.php(37): CodeIgniter\CodeIgniter->run()
#8 {main}
CRITICAL - 2022-01-04 08:27:51 --> Uncaught ErrorException: strtolower(): Passing null to parameter #1 ($string) of type string is deprecated in C:\xampp\htdocs\bsystem\system\Validation\FormatRules.php:253
Stack trace:
#0 [internal function]: CodeIgniter\Debug\Exceptions->errorHandler(8192, 'strtolower(): P...', 'C:\\xampp\\htdocs...', 253)
#1 C:\xampp\htdocs\bsystem\system\Validation\FormatRules.php(253): strtolower(NULL)
#2 C:\xampp\htdocs\bsystem\system\HTTP\RequestTrait.php(151): CodeIgniter\Validation\FormatRules->valid_ip('::1')
#3 C:\xampp\htdocs\bsystem\app\Views\errors\html\error_exception.php(206): CodeIgniter\HTTP\Request->getIPAddress()
#4 C:\xampp\htdocs\bsystem\system\Debug\Exceptions.php(229): include('C:\\xampp\\htdocs...')
#5 C:\xampp\htdocs\bsystem\system\Debug\Exceptions.php(232): CodeIgniter\Debug\Exceptions->CodeIgniter\Debug\{closure}()
#6 C:\xampp\htdocs\bsystem\system\Debug\Exceptions.php(116): CodeIgniter\Debug\Exceptions->render(Object(CodeIgniter\Validation\Exceptions\ValidationException), 500)
#7 [internal function]: CodeIgniter\Debug\Exceptions->exceptionHandler(Object(CodeIgniter\Validation\Exceptions\ValidationException))
#8 {main}
  thrown
#0 [internal function]: CodeIgniter\Debug\Exceptions->shutdownHandler()
#1 {main}
CRITICAL - 2022-01-04 08:31:14 --> min_lenght is not a valid rule.
#0 C:\xampp\htdocs\bsystem\system\Validation\Validation.php(285): CodeIgniter\Validation\Exceptions\ValidationException::forRuleNotFound('min_lenght')
#1 C:\xampp\htdocs\bsystem\system\Validation\Validation.php(151): CodeIgniter\Validation\Validation->processRules('password', 'password', '1111', Array, Array)
#2 C:\xampp\htdocs\bsystem\system\Controller.php(160): CodeIgniter\Validation\Validation->run()
#3 C:\xampp\htdocs\bsystem\app\Controllers\Auth.php(32): CodeIgniter\Controller->validate(Array)
#4 C:\xampp\htdocs\bsystem\system\CodeIgniter.php(824): App\Controllers\Auth->save()
#5 C:\xampp\htdocs\bsystem\system\CodeIgniter.php(410): CodeIgniter\CodeIgniter->runController(Object(App\Controllers\Auth))
#6 C:\xampp\htdocs\bsystem\system\CodeIgniter.php(318): CodeIgniter\CodeIgniter->handleRequest(NULL, Object(Config\Cache), false)
#7 C:\xampp\htdocs\bsystem\public\index.php(37): CodeIgniter\CodeIgniter->run()
#8 {main}
CRITICAL - 2022-01-04 08:31:57 --> max_lenght is not a valid rule.
#0 C:\xampp\htdocs\bsystem\system\Validation\Validation.php(285): CodeIgniter\Validation\Exceptions\ValidationException::forRuleNotFound('max_lenght')
#1 C:\xampp\htdocs\bsystem\system\Validation\Validation.php(151): CodeIgniter\Validation\Validation->processRules('password', 'password', '1111', Array, Array)
#2 C:\xampp\htdocs\bsystem\system\Controller.php(160): CodeIgniter\Validation\Validation->run()
#3 C:\xampp\htdocs\bsystem\app\Controllers\Auth.php(32): CodeIgniter\Controller->validate(Array)
#4 C:\xampp\htdocs\bsystem\system\CodeIgniter.php(824): App\Controllers\Auth->save()
#5 C:\xampp\htdocs\bsystem\system\CodeIgniter.php(410): CodeIgniter\CodeIgniter->runController(Object(App\Controllers\Auth))
#6 C:\xampp\htdocs\bsystem\system\CodeIgniter.php(318): CodeIgniter\CodeIgniter->handleRequest(NULL, Object(Config\Cache), false)
#7 C:\xampp\htdocs\bsystem\public\index.php(37): CodeIgniter\CodeIgniter->run()
#8 {main}
CRITICAL - 2022-01-04 08:33:10 --> min_lenght is not a valid rule.
#0 C:\xampp\htdocs\bsystem\system\Validation\Validation.php(285): CodeIgniter\Validation\Exceptions\ValidationException::forRuleNotFound('min_lenght')
#1 C:\xampp\htdocs\bsystem\system\Validation\Validation.php(151): CodeIgniter\Validation\Validation->processRules('address', 'address', 'B31 L30 PH2 Gre...', Array, Array)
#2 C:\xampp\htdocs\bsystem\system\Controller.php(160): CodeIgniter\Validation\Validation->run()
#3 C:\xampp\htdocs\bsystem\app\Controllers\Auth.php(32): CodeIgniter\Controller->validate(Array)
#4 C:\xampp\htdocs\bsystem\system\CodeIgniter.php(824): App\Controllers\Auth->save()
#5 C:\xampp\htdocs\bsystem\system\CodeIgniter.php(410): CodeIgniter\CodeIgniter->runController(Object(App\Controllers\Auth))
#6 C:\xampp\htdocs\bsystem\system\CodeIgniter.php(318): CodeIgniter\CodeIgniter->handleRequest(NULL, Object(Config\Cache), false)
#7 C:\xampp\htdocs\bsystem\public\index.php(37): CodeIgniter\CodeIgniter->run()
#8 {main}
CRITICAL - 2022-01-04 08:35:49 --> min_lenght is not a valid rule.
#0 C:\xampp\htdocs\bsystem\system\Validation\Validation.php(285): CodeIgniter\Validation\Exceptions\ValidationException::forRuleNotFound('min_lenght')
#1 C:\xampp\htdocs\bsystem\system\Validation\Validation.php(151): CodeIgniter\Validation\Validation->processRules('password', 'password', '1111', Array, Array)
#2 C:\xampp\htdocs\bsystem\system\Controller.php(160): CodeIgniter\Validation\Validation->run()
#3 C:\xampp\htdocs\bsystem\app\Controllers\Auth.php(32): CodeIgniter\Controller->validate(Array)
#4 C:\xampp\htdocs\bsystem\system\CodeIgniter.php(824): App\Controllers\Auth->save()
#5 C:\xampp\htdocs\bsystem\system\CodeIgniter.php(410): CodeIgniter\CodeIgniter->runController(Object(App\Controllers\Auth))
#6 C:\xampp\htdocs\bsystem\system\CodeIgniter.php(318): CodeIgniter\CodeIgniter->handleRequest(NULL, Object(Config\Cache), false)
#7 C:\xampp\htdocs\bsystem\public\index.php(37): CodeIgniter\CodeIgniter->run()
#8 {main}
CRITICAL - 2022-01-04 08:40:57 --> min_lenght is not a valid rule.
#0 C:\xampp\htdocs\bsystem\system\Validation\Validation.php(285): CodeIgniter\Validation\Exceptions\ValidationException::forRuleNotFound('min_lenght')
#1 C:\xampp\htdocs\bsystem\system\Validation\Validation.php(151): CodeIgniter\Validation\Validation->processRules('password', 'password', 'dd', Array, Array)
#2 C:\xampp\htdocs\bsystem\system\Controller.php(160): CodeIgniter\Validation\Validation->run()
#3 C:\xampp\htdocs\bsystem\app\Controllers\Auth.php(32): CodeIgniter\Controller->validate(Array)
#4 C:\xampp\htdocs\bsystem\system\CodeIgniter.php(824): App\Controllers\Auth->save()
#5 C:\xampp\htdocs\bsystem\system\CodeIgniter.php(410): CodeIgniter\CodeIgniter->runController(Object(App\Controllers\Auth))
#6 C:\xampp\htdocs\bsystem\system\CodeIgniter.php(318): CodeIgniter\CodeIgniter->handleRequest(NULL, Object(Config\Cache), false)
#7 C:\xampp\htdocs\bsystem\public\index.php(37): CodeIgniter\CodeIgniter->run()
#8 {main}
CRITICAL - 2022-01-04 08:44:36 --> trim(): Passing null to parameter #1 ($string) of type string is deprecated
#0 [internal function]: CodeIgniter\Debug\Exceptions->errorHandler(8192, 'trim(): Passing...', 'C:\\xampp\\htdocs...', 252)
#1 C:\xampp\htdocs\bsystem\system\Validation\Rules.php(252): trim(NULL)
#2 C:\xampp\htdocs\bsystem\system\Validation\Validation.php(277): CodeIgniter\Validation\Rules->required(NULL, NULL)
#3 C:\xampp\htdocs\bsystem\system\Validation\Validation.php(151): CodeIgniter\Validation\Validation->processRules('cpassword', 'cpassword', NULL, Array, Array)
#4 C:\xampp\htdocs\bsystem\system\Controller.php(160): CodeIgniter\Validation\Validation->run()
#5 C:\xampp\htdocs\bsystem\app\Controllers\Auth.php(32): CodeIgniter\Controller->validate(Array)
#6 C:\xampp\htdocs\bsystem\system\CodeIgniter.php(824): App\Controllers\Auth->save()
#7 C:\xampp\htdocs\bsystem\system\CodeIgniter.php(410): CodeIgniter\CodeIgniter->runController(Object(App\Controllers\Auth))
#8 C:\xampp\htdocs\bsystem\system\CodeIgniter.php(318): CodeIgniter\CodeIgniter->handleRequest(NULL, Object(Config\Cache), false)
#9 C:\xampp\htdocs\bsystem\public\index.php(37): CodeIgniter\CodeIgniter->run()
#10 {main}
CRITICAL - 2022-01-04 14:45:01 --> min_lenght is not a valid rule.
#0 C:\xampp\htdocs\bsystem\system\Validation\Validation.php(285): CodeIgniter\Validation\Exceptions\ValidationException::forRuleNotFound('min_lenght')
#1 C:\xampp\htdocs\bsystem\system\Validation\Validation.php(151): CodeIgniter\Validation\Validation->processRules('password', 'password', '111', Array, Array)
#2 C:\xampp\htdocs\bsystem\system\Controller.php(160): CodeIgniter\Validation\Validation->run()
#3 C:\xampp\htdocs\bsystem\app\Controllers\Auth.php(47): CodeIgniter\Controller->validate(Array)
#4 C:\xampp\htdocs\bsystem\system\CodeIgniter.php(824): App\Controllers\Auth->save()
#5 C:\xampp\htdocs\bsystem\system\CodeIgniter.php(410): CodeIgniter\CodeIgniter->runController(Object(App\Controllers\Auth))
#6 C:\xampp\htdocs\bsystem\system\CodeIgniter.php(318): CodeIgniter\CodeIgniter->handleRequest(NULL, Object(Config\Cache), false)
#7 C:\xampp\htdocs\bsystem\public\index.php(37): CodeIgniter\CodeIgniter->run()
#8 {main}
CRITICAL - 2022-01-04 15:22:22 --> syntax error, unexpected token "=", expecting "]"
#0 C:\xampp\htdocs\bsystem\system\Router\Router.php(176): CodeIgniter\Router\Router->autoRoute('auth/register')
#1 C:\xampp\htdocs\bsystem\system\CodeIgniter.php(718): CodeIgniter\Router\Router->handle('auth/register')
#2 C:\xampp\htdocs\bsystem\system\CodeIgniter.php(359): CodeIgniter\CodeIgniter->tryToRouteIt(Object(CodeIgniter\Router\RouteCollection))
#3 C:\xampp\htdocs\bsystem\system\CodeIgniter.php(318): CodeIgniter\CodeIgniter->handleRequest(NULL, Object(Config\Cache), false)
#4 C:\xampp\htdocs\bsystem\public\index.php(37): CodeIgniter\CodeIgniter->run()
#5 {main}
CRITICAL - 2022-01-04 15:27:17 --> Allowed fields must be specified for model: App\Models\Usersmodel
#0 C:\xampp\htdocs\bsystem\system\BaseModel.php(1138): CodeIgniter\Database\Exceptions\DataException::forInvalidAllowedFields('App\\Models\\User...')
#1 C:\xampp\htdocs\bsystem\system\BaseModel.php(713): CodeIgniter\BaseModel->doProtectFields(Array)
#2 C:\xampp\htdocs\bsystem\system\Model.php(620): CodeIgniter\BaseModel->insert(Array, true)
#3 C:\xampp\htdocs\bsystem\app\Controllers\Auth.php(132): CodeIgniter\Model->insert(Array)
#4 C:\xampp\htdocs\bsystem\system\CodeIgniter.php(824): App\Controllers\Auth->save()
#5 C:\xampp\htdocs\bsystem\system\CodeIgniter.php(410): CodeIgniter\CodeIgniter->runController(Object(App\Controllers\Auth))
#6 C:\xampp\htdocs\bsystem\system\CodeIgniter.php(318): CodeIgniter\CodeIgniter->handleRequest(NULL, Object(Config\Cache), false)
#7 C:\xampp\htdocs\bsystem\public\index.php(37): CodeIgniter\CodeIgniter->run()
#8 {main}
CRITICAL - 2022-01-04 15:31:29 --> Allowed fields must be specified for model: App\Models\Usersmodel
#0 C:\xampp\htdocs\bsystem\system\BaseModel.php(1138): CodeIgniter\Database\Exceptions\DataException::forInvalidAllowedFields('App\\Models\\User...')
#1 C:\xampp\htdocs\bsystem\system\BaseModel.php(713): CodeIgniter\BaseModel->doProtectFields(Array)
#2 C:\xampp\htdocs\bsystem\system\Model.php(620): CodeIgniter\BaseModel->insert(Array, true)
#3 C:\xampp\htdocs\bsystem\app\Controllers\Auth.php(132): CodeIgniter\Model->insert(Array)
#4 C:\xampp\htdocs\bsystem\system\CodeIgniter.php(824): App\Controllers\Auth->save()
#5 C:\xampp\htdocs\bsystem\system\CodeIgniter.php(410): CodeIgniter\CodeIgniter->runController(Object(App\Controllers\Auth))
#6 C:\xampp\htdocs\bsystem\system\CodeIgniter.php(318): CodeIgniter\CodeIgniter->handleRequest(NULL, Object(Config\Cache), false)
#7 C:\xampp\htdocs\bsystem\public\index.php(37): CodeIgniter\CodeIgniter->run()
#8 {main}
CRITICAL - 2022-01-04 15:39:26 --> Allowed fields must be specified for model: App\Models\Usersmodel
#0 C:\xampp\htdocs\bsystem\system\BaseModel.php(1138): CodeIgniter\Database\Exceptions\DataException::forInvalidAllowedFields('App\\Models\\User...')
#1 C:\xampp\htdocs\bsystem\system\BaseModel.php(713): CodeIgniter\BaseModel->doProtectFields(Array)
#2 C:\xampp\htdocs\bsystem\system\Model.php(620): CodeIgniter\BaseModel->insert(Array, true)
#3 C:\xampp\htdocs\bsystem\app\Controllers\Auth.php(132): CodeIgniter\Model->insert(Array)
#4 C:\xampp\htdocs\bsystem\system\CodeIgniter.php(824): App\Controllers\Auth->save()
#5 C:\xampp\htdocs\bsystem\system\CodeIgniter.php(410): CodeIgniter\CodeIgniter->runController(Object(App\Controllers\Auth))
#6 C:\xampp\htdocs\bsystem\system\CodeIgniter.php(318): CodeIgniter\CodeIgniter->handleRequest(NULL, Object(Config\Cache), false)
#7 C:\xampp\htdocs\bsystem\public\index.php(37): CodeIgniter\CodeIgniter->run()
#8 {main}
CRITICAL - 2022-01-04 15:46:45 --> Allowed fields must be specified for model: App\Models\Usersmodel
#0 C:\xampp\htdocs\bsystem\system\BaseModel.php(1138): CodeIgniter\Database\Exceptions\DataException::forInvalidAllowedFields('App\\Models\\User...')
#1 C:\xampp\htdocs\bsystem\system\BaseModel.php(713): CodeIgniter\BaseModel->doProtectFields(Array)
#2 C:\xampp\htdocs\bsystem\system\Model.php(620): CodeIgniter\BaseModel->insert(Array, true)
#3 C:\xampp\htdocs\bsystem\app\Controllers\Auth.php(132): CodeIgniter\Model->insert(Array)
#4 C:\xampp\htdocs\bsystem\system\CodeIgniter.php(824): App\Controllers\Auth->save()
#5 C:\xampp\htdocs\bsystem\system\CodeIgniter.php(410): CodeIgniter\CodeIgniter->runController(Object(App\Controllers\Auth))
#6 C:\xampp\htdocs\bsystem\system\CodeIgniter.php(318): CodeIgniter\CodeIgniter->handleRequest(NULL, Object(Config\Cache), false)
#7 C:\xampp\htdocs\bsystem\public\index.php(37): CodeIgniter\CodeIgniter->run()
#8 {main}
CRITICAL - 2022-01-04 16:29:49 --> min_lenght is not a valid rule.
#0 C:\xampp\htdocs\bsystem\system\Validation\Validation.php(285): CodeIgniter\Validation\Exceptions\ValidationException::forRuleNotFound('min_lenght')
#1 C:\xampp\htdocs\bsystem\system\Validation\Validation.php(151): CodeIgniter\Validation\Validation->processRules('password', 'password', '1111', Array, Array)
#2 C:\xampp\htdocs\bsystem\system\Controller.php(160): CodeIgniter\Validation\Validation->run()
#3 C:\xampp\htdocs\bsystem\app\Controllers\Auth.php(48): CodeIgniter\Controller->validate(Array)
#4 C:\xampp\htdocs\bsystem\system\CodeIgniter.php(824): App\Controllers\Auth->save()
#5 C:\xampp\htdocs\bsystem\system\CodeIgniter.php(410): CodeIgniter\CodeIgniter->runController(Object(App\Controllers\Auth))
#6 C:\xampp\htdocs\bsystem\system\CodeIgniter.php(318): CodeIgniter\CodeIgniter->handleRequest(NULL, Object(Config\Cache), false)
#7 C:\xampp\htdocs\bsystem\public\index.php(37): CodeIgniter\CodeIgniter->run()
#8 {main}
CRITICAL - 2022-01-04 16:30:42 --> min_lenght is not a valid rule.
#0 C:\xampp\htdocs\bsystem\system\Validation\Validation.php(285): CodeIgniter\Validation\Exceptions\ValidationException::forRuleNotFound('min_lenght')
#1 C:\xampp\htdocs\bsystem\system\Validation\Validation.php(151): CodeIgniter\Validation\Validation->processRules('password', 'password', 'pp', Array, Array)
#2 C:\xampp\htdocs\bsystem\system\Controller.php(160): CodeIgniter\Validation\Validation->run()
#3 C:\xampp\htdocs\bsystem\app\Controllers\Auth.php(48): CodeIgniter\Controller->validate(Array)
#4 C:\xampp\htdocs\bsystem\system\CodeIgniter.php(824): App\Controllers\Auth->save()
#5 C:\xampp\htdocs\bsystem\system\CodeIgniter.php(410): CodeIgniter\CodeIgniter->runController(Object(App\Controllers\Auth))
#6 C:\xampp\htdocs\bsystem\system\CodeIgniter.php(318): CodeIgniter\CodeIgniter->handleRequest(NULL, Object(Config\Cache), false)
#7 C:\xampp\htdocs\bsystem\public\index.php(37): CodeIgniter\CodeIgniter->run()
#8 {main}
CRITICAL - 2022-01-04 18:26:50 --> Too few arguments to function App\Libraries\Hash::fieldlist(), 0 passed in C:\xampp\htdocs\bsystem\app\Controllers\Auth.php on line 131 and exactly 1 expected
#0 C:\xampp\htdocs\bsystem\app\Controllers\Auth.php(131): App\Libraries\Hash::fieldlist()
#1 C:\xampp\htdocs\bsystem\system\CodeIgniter.php(824): App\Controllers\Auth->check()
#2 C:\xampp\htdocs\bsystem\system\CodeIgniter.php(410): CodeIgniter\CodeIgniter->runController(Object(App\Controllers\Auth))
#3 C:\xampp\htdocs\bsystem\system\CodeIgniter.php(318): CodeIgniter\CodeIgniter->handleRequest(NULL, Object(Config\Cache), false)
#4 C:\xampp\htdocs\bsystem\public\index.php(37): CodeIgniter\CodeIgniter->run()
#5 {main}
CRITICAL - 2022-01-04 19:16:17 --> trim(): Passing null to parameter #1 ($string) of type string is deprecated
#0 [internal function]: CodeIgniter\Debug\Exceptions->errorHandler(8192, 'trim(): Passing...', 'C:\\xampp\\htdocs...', 252)
#1 C:\xampp\htdocs\bsystem\system\Validation\Rules.php(252): trim(NULL)
#2 C:\xampp\htdocs\bsystem\system\Validation\Validation.php(277): CodeIgniter\Validation\Rules->required(NULL, NULL)
#3 C:\xampp\htdocs\bsystem\system\Validation\Validation.php(151): CodeIgniter\Validation\Validation->processRules('fname', 'fname', NULL, Array, Array)
#4 C:\xampp\htdocs\bsystem\system\Controller.php(160): CodeIgniter\Validation\Validation->run()
#5 C:\xampp\htdocs\bsystem\app\Controllers\Auth.php(146): CodeIgniter\Controller->validate(Array)
#6 C:\xampp\htdocs\bsystem\system\CodeIgniter.php(824): App\Controllers\Auth->check()
#7 C:\xampp\htdocs\bsystem\system\CodeIgniter.php(410): CodeIgniter\CodeIgniter->runController(Object(App\Controllers\Auth))
#8 C:\xampp\htdocs\bsystem\system\CodeIgniter.php(318): CodeIgniter\CodeIgniter->handleRequest(NULL, Object(Config\Cache), false)
#9 C:\xampp\htdocs\bsystem\public\index.php(37): CodeIgniter\CodeIgniter->run()
#10 {main}
CRITICAL - 2022-01-04 19:16:54 --> trim(): Passing null to parameter #1 ($string) of type string is deprecated
#0 [internal function]: CodeIgniter\Debug\Exceptions->errorHandler(8192, 'trim(): Passing...', 'C:\\xampp\\htdocs...', 252)
#1 C:\xampp\htdocs\bsystem\system\Validation\Rules.php(252): trim(NULL)
#2 C:\xampp\htdocs\bsystem\system\Validation\Validation.php(277): CodeIgniter\Validation\Rules->required(NULL, NULL)
#3 C:\xampp\htdocs\bsystem\system\Validation\Validation.php(151): CodeIgniter\Validation\Validation->processRules('login_email', 'login_email', NULL, Array, Array)
#4 C:\xampp\htdocs\bsystem\system\Controller.php(160): CodeIgniter\Validation\Validation->run()
#5 C:\xampp\htdocs\bsystem\app\Controllers\Auth.php(101): CodeIgniter\Controller->validate(Array)
#6 C:\xampp\htdocs\bsystem\system\CodeIgniter.php(824): App\Controllers\Auth->save()
#7 C:\xampp\htdocs\bsystem\system\CodeIgniter.php(410): CodeIgniter\CodeIgniter->runController(Object(App\Controllers\Auth))
#8 C:\xampp\htdocs\bsystem\system\CodeIgniter.php(318): CodeIgniter\CodeIgniter->handleRequest(NULL, Object(Config\Cache), false)
#9 C:\xampp\htdocs\bsystem\public\index.php(37): CodeIgniter\CodeIgniter->run()
#10 {main}
CRITICAL - 2022-01-04 19:17:41 --> trim(): Passing null to parameter #1 ($string) of type string is deprecated
#0 [internal function]: CodeIgniter\Debug\Exceptions->errorHandler(8192, 'trim(): Passing...', 'C:\\xampp\\htdocs...', 252)
#1 C:\xampp\htdocs\bsystem\system\Validation\Rules.php(252): trim(NULL)
#2 C:\xampp\htdocs\bsystem\system\Validation\Validation.php(277): CodeIgniter\Validation\Rules->required(NULL, NULL)
#3 C:\xampp\htdocs\bsystem\system\Validation\Validation.php(151): CodeIgniter\Validation\Validation->processRules('login_email', 'login_email', NULL, Array, Array)
#4 C:\xampp\htdocs\bsystem\system\Controller.php(160): CodeIgniter\Validation\Validation->run()
#5 C:\xampp\htdocs\bsystem\app\Controllers\Auth.php(101): CodeIgniter\Controller->validate(Array)
#6 C:\xampp\htdocs\bsystem\system\CodeIgniter.php(824): App\Controllers\Auth->save()
#7 C:\xampp\htdocs\bsystem\system\CodeIgniter.php(410): CodeIgniter\CodeIgniter->runController(Object(App\Controllers\Auth))
#8 C:\xampp\htdocs\bsystem\system\CodeIgniter.php(318): CodeIgniter\CodeIgniter->handleRequest(NULL, Object(Config\Cache), false)
#9 C:\xampp\htdocs\bsystem\public\index.php(37): CodeIgniter\CodeIgniter->run()
#10 {main}
CRITICAL - 2022-01-04 19:23:50 --> trim(): Passing null to parameter #1 ($string) of type string is deprecated
#0 [internal function]: CodeIgniter\Debug\Exceptions->errorHandler(8192, 'trim(): Passing...', 'C:\\xampp\\htdocs...', 252)
#1 C:\xampp\htdocs\bsystem\system\Validation\Rules.php(252): trim(NULL)
#2 C:\xampp\htdocs\bsystem\system\Validation\Validation.php(277): CodeIgniter\Validation\Rules->required(NULL, NULL)
#3 C:\xampp\htdocs\bsystem\system\Validation\Validation.php(151): CodeIgniter\Validation\Validation->processRules('fname', 'fname', NULL, Array, Array)
#4 C:\xampp\htdocs\bsystem\system\Controller.php(160): CodeIgniter\Validation\Validation->run()
#5 C:\xampp\htdocs\bsystem\app\Controllers\Auth.php(148): CodeIgniter\Controller->validate(Array)
#6 C:\xampp\htdocs\bsystem\system\CodeIgniter.php(824): App\Controllers\Auth->check()
#7 C:\xampp\htdocs\bsystem\system\CodeIgniter.php(410): CodeIgniter\CodeIgniter->runController(Object(App\Controllers\Auth))
#8 C:\xampp\htdocs\bsystem\system\CodeIgniter.php(318): CodeIgniter\CodeIgniter->handleRequest(NULL, Object(Config\Cache), false)
#9 C:\xampp\htdocs\bsystem\public\index.php(37): CodeIgniter\CodeIgniter->run()
#10 {main}
CRITICAL - 2022-01-04 19:26:24 --> trim(): Passing null to parameter #1 ($string) of type string is deprecated
#0 [internal function]: CodeIgniter\Debug\Exceptions->errorHandler(8192, 'trim(): Passing...', 'C:\\xampp\\htdocs...', 252)
#1 C:\xampp\htdocs\bsystem\system\Validation\Rules.php(252): trim(NULL)
#2 C:\xampp\htdocs\bsystem\system\Validation\Validation.php(277): CodeIgniter\Validation\Rules->required(NULL, NULL)
#3 C:\xampp\htdocs\bsystem\system\Validation\Validation.php(151): CodeIgniter\Validation\Validation->processRules('fname', 'fname', NULL, Array, Array)
#4 C:\xampp\htdocs\bsystem\system\Controller.php(160): CodeIgniter\Validation\Validation->run()
#5 C:\xampp\htdocs\bsystem\app\Controllers\Auth.php(148): CodeIgniter\Controller->validate(Array)
#6 C:\xampp\htdocs\bsystem\system\CodeIgniter.php(824): App\Controllers\Auth->check()
#7 C:\xampp\htdocs\bsystem\system\CodeIgniter.php(410): CodeIgniter\CodeIgniter->runController(Object(App\Controllers\Auth))
#8 C:\xampp\htdocs\bsystem\system\CodeIgniter.php(318): CodeIgniter\CodeIgniter->handleRequest(NULL, Object(Config\Cache), false)
#9 C:\xampp\htdocs\bsystem\public\index.php(37): CodeIgniter\CodeIgniter->run()
#10 {main}
CRITICAL - 2022-01-04 19:26:37 --> trim(): Passing null to parameter #1 ($string) of type string is deprecated
#0 [internal function]: CodeIgniter\Debug\Exceptions->errorHandler(8192, 'trim(): Passing...', 'C:\\xampp\\htdocs...', 252)
#1 C:\xampp\htdocs\bsystem\system\Validation\Rules.php(252): trim(NULL)
#2 C:\xampp\htdocs\bsystem\system\Validation\Validation.php(277): CodeIgniter\Validation\Rules->required(NULL, NULL)
#3 C:\xampp\htdocs\bsystem\system\Validation\Validation.php(151): CodeIgniter\Validation\Validation->processRules('fname', 'fname', NULL, Array, Array)
#4 C:\xampp\htdocs\bsystem\system\Controller.php(160): CodeIgniter\Validation\Validation->run()
#5 C:\xampp\htdocs\bsystem\app\Controllers\Auth.php(148): CodeIgniter\Controller->validate(Array)
#6 C:\xampp\htdocs\bsystem\system\CodeIgniter.php(824): App\Controllers\Auth->check()
#7 C:\xampp\htdocs\bsystem\system\CodeIgniter.php(410): CodeIgniter\CodeIgniter->runController(Object(App\Controllers\Auth))
#8 C:\xampp\htdocs\bsystem\system\CodeIgniter.php(318): CodeIgniter\CodeIgniter->handleRequest(NULL, Object(Config\Cache), false)
#9 C:\xampp\htdocs\bsystem\public\index.php(37): CodeIgniter\CodeIgniter->run()
#10 {main}
CRITICAL - 2022-01-04 19:29:14 --> trim(): Passing null to parameter #1 ($string) of type string is deprecated
#0 [internal function]: CodeIgniter\Debug\Exceptions->errorHandler(8192, 'trim(): Passing...', 'C:\\xampp\\htdocs...', 252)
#1 C:\xampp\htdocs\bsystem\system\Validation\Rules.php(252): trim(NULL)
#2 C:\xampp\htdocs\bsystem\system\Validation\Validation.php(277): CodeIgniter\Validation\Rules->required(NULL, NULL)
#3 C:\xampp\htdocs\bsystem\system\Validation\Validation.php(151): CodeIgniter\Validation\Validation->processRules('fname', 'fname', NULL, Array, Array)
#4 C:\xampp\htdocs\bsystem\system\Controller.php(160): CodeIgniter\Validation\Validation->run()
#5 C:\xampp\htdocs\bsystem\app\Controllers\Auth.php(151): CodeIgniter\Controller->validate(Array)
#6 C:\xampp\htdocs\bsystem\system\CodeIgniter.php(824): App\Controllers\Auth->check()
#7 C:\xampp\htdocs\bsystem\system\CodeIgniter.php(410): CodeIgniter\CodeIgniter->runController(Object(App\Controllers\Auth))
#8 C:\xampp\htdocs\bsystem\system\CodeIgniter.php(318): CodeIgniter\CodeIgniter->handleRequest(NULL, Object(Config\Cache), false)
#9 C:\xampp\htdocs\bsystem\public\index.php(37): CodeIgniter\CodeIgniter->run()
#10 {main}
CRITICAL - 2022-01-04 19:29:53 --> trim(): Passing null to parameter #1 ($string) of type string is deprecated
#0 [internal function]: CodeIgniter\Debug\Exceptions->errorHandler(8192, 'trim(): Passing...', 'C:\\xampp\\htdocs...', 252)
#1 C:\xampp\htdocs\bsystem\system\Validation\Rules.php(252): trim(NULL)
#2 C:\xampp\htdocs\bsystem\system\Validation\Validation.php(277): CodeIgniter\Validation\Rules->required(NULL, NULL)
#3 C:\xampp\htdocs\bsystem\system\Validation\Validation.php(151): CodeIgniter\Validation\Validation->processRules('login_email', 'login_email', NULL, Array, Array)
#4 C:\xampp\htdocs\bsystem\system\Controller.php(160): CodeIgniter\Validation\Validation->run()
#5 C:\xampp\htdocs\bsystem\app\Controllers\Auth.php(101): CodeIgniter\Controller->validate(Array)
#6 C:\xampp\htdocs\bsystem\system\CodeIgniter.php(824): App\Controllers\Auth->save()
#7 C:\xampp\htdocs\bsystem\system\CodeIgniter.php(410): CodeIgniter\CodeIgniter->runController(Object(App\Controllers\Auth))
#8 C:\xampp\htdocs\bsystem\system\CodeIgniter.php(318): CodeIgniter\CodeIgniter->handleRequest(NULL, Object(Config\Cache), false)
#9 C:\xampp\htdocs\bsystem\public\index.php(37): CodeIgniter\CodeIgniter->run()
#10 {main}
CRITICAL - 2022-01-04 19:30:21 --> trim(): Passing null to parameter #1 ($string) of type string is deprecated
#0 [internal function]: CodeIgniter\Debug\Exceptions->errorHandler(8192, 'trim(): Passing...', 'C:\\xampp\\htdocs...', 252)
#1 C:\xampp\htdocs\bsystem\system\Validation\Rules.php(252): trim(NULL)
#2 C:\xampp\htdocs\bsystem\system\Validation\Validation.php(277): CodeIgniter\Validation\Rules->required(NULL, NULL)
#3 C:\xampp\htdocs\bsystem\system\Validation\Validation.php(151): CodeIgniter\Validation\Validation->processRules('login_email', 'login_email', NULL, Array, Array)
#4 C:\xampp\htdocs\bsystem\system\Controller.php(160): CodeIgniter\Validation\Validation->run()
#5 C:\xampp\htdocs\bsystem\app\Controllers\Auth.php(101): CodeIgniter\Controller->validate(Array)
#6 C:\xampp\htdocs\bsystem\system\CodeIgniter.php(824): App\Controllers\Auth->save()
#7 C:\xampp\htdocs\bsystem\system\CodeIgniter.php(410): CodeIgniter\CodeIgniter->runController(Object(App\Controllers\Auth))
#8 C:\xampp\htdocs\bsystem\system\CodeIgniter.php(318): CodeIgniter\CodeIgniter->handleRequest(NULL, Object(Config\Cache), false)
#9 C:\xampp\htdocs\bsystem\public\index.php(37): CodeIgniter\CodeIgniter->run()
#10 {main}
CRITICAL - 2022-01-04 19:32:20 --> trim(): Passing null to parameter #1 ($string) of type string is deprecated
#0 [internal function]: CodeIgniter\Debug\Exceptions->errorHandler(8192, 'trim(): Passing...', 'C:\\xampp\\htdocs...', 252)
#1 C:\xampp\htdocs\bsystem\system\Validation\Rules.php(252): trim(NULL)
#2 C:\xampp\htdocs\bsystem\system\Validation\Validation.php(277): CodeIgniter\Validation\Rules->required(NULL, NULL)
#3 C:\xampp\htdocs\bsystem\system\Validation\Validation.php(151): CodeIgniter\Validation\Validation->processRules('login_email', 'login_email', NULL, Array, Array)
#4 C:\xampp\htdocs\bsystem\system\Controller.php(160): CodeIgniter\Validation\Validation->run()
#5 C:\xampp\htdocs\bsystem\app\Controllers\Auth.php(101): CodeIgniter\Controller->validate(Array)
#6 C:\xampp\htdocs\bsystem\system\CodeIgniter.php(824): App\Controllers\Auth->save()
#7 C:\xampp\htdocs\bsystem\system\CodeIgniter.php(410): CodeIgniter\CodeIgniter->runController(Object(App\Controllers\Auth))
#8 C:\xampp\htdocs\bsystem\system\CodeIgniter.php(318): CodeIgniter\CodeIgniter->handleRequest(NULL, Object(Config\Cache), false)
#9 C:\xampp\htdocs\bsystem\public\index.php(37): CodeIgniter\CodeIgniter->run()
#10 {main}
CRITICAL - 2022-01-04 19:36:07 --> Undefined property: App\Controllers\Auth::$fieldlist
#0 C:\xampp\htdocs\bsystem\app\Controllers\Auth.php(152): CodeIgniter\Debug\Exceptions->errorHandler(2, 'Undefined prope...', 'C:\\xampp\\htdocs...', 152)
#1 C:\xampp\htdocs\bsystem\system\CodeIgniter.php(824): App\Controllers\Auth->check()
#2 C:\xampp\htdocs\bsystem\system\CodeIgniter.php(410): CodeIgniter\CodeIgniter->runController(Object(App\Controllers\Auth))
#3 C:\xampp\htdocs\bsystem\system\CodeIgniter.php(318): CodeIgniter\CodeIgniter->handleRequest(NULL, Object(Config\Cache), false)
#4 C:\xampp\htdocs\bsystem\public\index.php(37): CodeIgniter\CodeIgniter->run()
#5 {main}
CRITICAL - 2022-01-04 19:36:50 --> Invalid file: auth.php
#0 C:\xampp\htdocs\bsystem\system\View\View.php(198): CodeIgniter\Exceptions\FrameworkException::forInvalidFile('auth.php')
#1 C:\xampp\htdocs\bsystem\system\Common.php(1097): CodeIgniter\View\View->render('auth', Array, true)
#2 C:\xampp\htdocs\bsystem\app\Controllers\Auth.php(156): view('auth', Array)
#3 C:\xampp\htdocs\bsystem\system\CodeIgniter.php(824): App\Controllers\Auth->check()
#4 C:\xampp\htdocs\bsystem\system\CodeIgniter.php(410): CodeIgniter\CodeIgniter->runController(Object(App\Controllers\Auth))
#5 C:\xampp\htdocs\bsystem\system\CodeIgniter.php(318): CodeIgniter\CodeIgniter->handleRequest(NULL, Object(Config\Cache), false)
#6 C:\xampp\htdocs\bsystem\public\index.php(37): CodeIgniter\CodeIgniter->run()
#7 {main}
CRITICAL - 2022-01-04 19:37:56 --> Invalid file: /auth.php
#0 C:\xampp\htdocs\bsystem\system\View\View.php(198): CodeIgniter\Exceptions\FrameworkException::forInvalidFile('/auth.php')
#1 C:\xampp\htdocs\bsystem\system\Common.php(1097): CodeIgniter\View\View->render('/auth', Array, true)
#2 C:\xampp\htdocs\bsystem\app\Controllers\Auth.php(156): view('/auth', Array)
#3 C:\xampp\htdocs\bsystem\system\CodeIgniter.php(824): App\Controllers\Auth->check()
#4 C:\xampp\htdocs\bsystem\system\CodeIgniter.php(410): CodeIgniter\CodeIgniter->runController(Object(App\Controllers\Auth))
#5 C:\xampp\htdocs\bsystem\system\CodeIgniter.php(318): CodeIgniter\CodeIgniter->handleRequest(NULL, Object(Config\Cache), false)
#6 C:\xampp\htdocs\bsystem\public\index.php(37): CodeIgniter\CodeIgniter->run()
#7 {main}
CRITICAL - 2022-01-04 20:02:34 --> trim(): Passing null to parameter #1 ($string) of type string is deprecated
#0 [internal function]: CodeIgniter\Debug\Exceptions->errorHandler(8192, 'trim(): Passing...', 'C:\\xampp\\htdocs...', 252)
#1 C:\xampp\htdocs\bsystem\system\Validation\Rules.php(252): trim(NULL)
#2 C:\xampp\htdocs\bsystem\system\Validation\Validation.php(277): CodeIgniter\Validation\Rules->required(NULL, NULL)
#3 C:\xampp\htdocs\bsystem\system\Validation\Validation.php(151): CodeIgniter\Validation\Validation->processRules('login_email', 'login_email', NULL, Array, Array)
#4 C:\xampp\htdocs\bsystem\system\Controller.php(160): CodeIgniter\Validation\Validation->run()
#5 C:\xampp\htdocs\bsystem\app\Controllers\Auth.php(161): CodeIgniter\Controller->validate(Array)
#6 C:\xampp\htdocs\bsystem\system\CodeIgniter.php(824): App\Controllers\Auth->check()
#7 C:\xampp\htdocs\bsystem\system\CodeIgniter.php(410): CodeIgniter\CodeIgniter->runController(Object(App\Controllers\Auth))
#8 C:\xampp\htdocs\bsystem\system\CodeIgniter.php(318): CodeIgniter\CodeIgniter->handleRequest(NULL, Object(Config\Cache), false)
#9 C:\xampp\htdocs\bsystem\public\index.php(37): CodeIgniter\CodeIgniter->run()
#10 {main}
CRITICAL - 2022-01-04 20:02:36 --> Undefined variable $a
#0 C:\xampp\htdocs\bsystem\app\Controllers\Auth.php(96): CodeIgniter\Debug\Exceptions->errorHandler(2, 'Undefined varia...', 'C:\\xampp\\htdocs...', 96)
#1 C:\xampp\htdocs\bsystem\system\CodeIgniter.php(824): App\Controllers\Auth->index()
#2 C:\xampp\htdocs\bsystem\system\CodeIgniter.php(410): CodeIgniter\CodeIgniter->runController(Object(App\Controllers\Auth))
#3 C:\xampp\htdocs\bsystem\system\CodeIgniter.php(318): CodeIgniter\CodeIgniter->handleRequest(NULL, Object(Config\Cache), false)
#4 C:\xampp\htdocs\bsystem\public\index.php(37): CodeIgniter\CodeIgniter->run()
#5 {main}
CRITICAL - 2022-01-04 20:02:39 --> Undefined variable $a
#0 C:\xampp\htdocs\bsystem\app\Controllers\Auth.php(96): CodeIgniter\Debug\Exceptions->errorHandler(2, 'Undefined varia...', 'C:\\xampp\\htdocs...', 96)
#1 C:\xampp\htdocs\bsystem\system\CodeIgniter.php(824): App\Controllers\Auth->index()
#2 C:\xampp\htdocs\bsystem\system\CodeIgniter.php(410): CodeIgniter\CodeIgniter->runController(Object(App\Controllers\Auth))
#3 C:\xampp\htdocs\bsystem\system\CodeIgniter.php(318): CodeIgniter\CodeIgniter->handleRequest(NULL, Object(Config\Cache), false)
#4 C:\xampp\htdocs\bsystem\public\index.php(37): CodeIgniter\CodeIgniter->run()
#5 {main}
CRITICAL - 2022-01-04 20:02:41 --> Undefined variable $a
#0 C:\xampp\htdocs\bsystem\app\Controllers\Auth.php(96): CodeIgniter\Debug\Exceptions->errorHandler(2, 'Undefined varia...', 'C:\\xampp\\htdocs...', 96)
#1 C:\xampp\htdocs\bsystem\system\CodeIgniter.php(824): App\Controllers\Auth->index()
#2 C:\xampp\htdocs\bsystem\system\CodeIgniter.php(410): CodeIgniter\CodeIgniter->runController(Object(App\Controllers\Auth))
#3 C:\xampp\htdocs\bsystem\system\CodeIgniter.php(318): CodeIgniter\CodeIgniter->handleRequest(NULL, Object(Config\Cache), false)
#4 C:\xampp\htdocs\bsystem\public\index.php(37): CodeIgniter\CodeIgniter->run()
#5 {main}
CRITICAL - 2022-01-04 20:03:10 --> Undefined constant "App\Controllers\a"
#0 C:\xampp\htdocs\bsystem\system\CodeIgniter.php(824): App\Controllers\Auth->index()
#1 C:\xampp\htdocs\bsystem\system\CodeIgniter.php(410): CodeIgniter\CodeIgniter->runController(Object(App\Controllers\Auth))
#2 C:\xampp\htdocs\bsystem\system\CodeIgniter.php(318): CodeIgniter\CodeIgniter->handleRequest(NULL, Object(Config\Cache), false)
#3 C:\xampp\htdocs\bsystem\public\index.php(37): CodeIgniter\CodeIgniter->run()
#4 {main}
CRITICAL - 2022-01-04 20:03:14 --> Undefined constant "App\Controllers\a"
#0 C:\xampp\htdocs\bsystem\system\CodeIgniter.php(824): App\Controllers\Auth->index()
#1 C:\xampp\htdocs\bsystem\system\CodeIgniter.php(410): CodeIgniter\CodeIgniter->runController(Object(App\Controllers\Auth))
#2 C:\xampp\htdocs\bsystem\system\CodeIgniter.php(318): CodeIgniter\CodeIgniter->handleRequest(NULL, Object(Config\Cache), false)
#3 C:\xampp\htdocs\bsystem\public\index.php(37): CodeIgniter\CodeIgniter->run()
#4 {main}
CRITICAL - 2022-01-04 20:03:41 --> Undefined constant "App\Controllers\a"
#0 C:\xampp\htdocs\bsystem\system\CodeIgniter.php(824): App\Controllers\Auth->index()
#1 C:\xampp\htdocs\bsystem\system\CodeIgniter.php(410): CodeIgniter\CodeIgniter->runController(Object(App\Controllers\Auth))
#2 C:\xampp\htdocs\bsystem\system\CodeIgniter.php(318): CodeIgniter\CodeIgniter->handleRequest(NULL, Object(Config\Cache), false)
#3 C:\xampp\htdocs\bsystem\public\index.php(37): CodeIgniter\CodeIgniter->run()
#4 {main}
CRITICAL - 2022-01-04 20:03:44 --> Undefined constant "App\Controllers\a"
#0 C:\xampp\htdocs\bsystem\system\CodeIgniter.php(824): App\Controllers\Auth->index()
#1 C:\xampp\htdocs\bsystem\system\CodeIgniter.php(410): CodeIgniter\CodeIgniter->runController(Object(App\Controllers\Auth))
#2 C:\xampp\htdocs\bsystem\system\CodeIgniter.php(318): CodeIgniter\CodeIgniter->handleRequest(NULL, Object(Config\Cache), false)
#3 C:\xampp\htdocs\bsystem\public\index.php(37): CodeIgniter\CodeIgniter->run()
#4 {main}
